
##############################################
Beginning test 2_3_ElevenServers

*CMD.........	Starting --id 1 --servername theshire --port 32201 --info "Home of the Hobbits" --log-file theshire.log
[theshire] 	Launching server theshire...
*CMD.........	Waiting... 0.25
[theshire] 	Configuring the server socket...
[theshire] 	Listening for new connections on port 32201
*CMD.........	Starting --id 2 --servername rivendale --port 32202 --info "Elronds House" --log-file rivendale.log --connect_to_host theshire --connect_to_port 32201
[rivendale] 	Launching server rivendale...
*CMD.........	Waiting... 0.25
[rivendale] 	Configuring the server socket...
[rivendale] 	Connecting to remote server theshire:32201...
[rivendale] 	Connected to another server
[rivendale] 	Listening for new connections on port 32202
[theshire] 	Received msg from Host ID #2 "b'\x00\x00\x00\x00\x02\x00\x00\x00\x00\t\x00\x0frivendale"Elronds House"'"
*CMD.........	Starting --id 3 --servername grey_havens --port 32203 --info "Gates to the Blessed Realm" --log-file grey_havens.log --connect_to_host theshire --connect_to_port 32201
[grey_havens] 	Launching server grey_havens...
*CMD.........	Waiting... 0.25
[grey_havens] 	Configuring the server socket...
[grey_havens] 	Connecting to remote server theshire:32201...
[grey_havens] 	Connected to another server
[grey_havens] 	Listening for new connections on port 32203
*CMD.........	Starting --id 4 --servername lothlorien --port 32204 --info "The Golden Wood" --log-file lothlorien.log --connect_to_host rivendale --connect_to_port 32202
[lothlorien] 	Launching server lothlorien...
*CMD.........	Waiting... 0.25
[lothlorien] 	Configuring the server socket...
[lothlorien] 	Connecting to remote server rivendale:32202...
[lothlorien] 	Connected to another server
[lothlorien] 	Listening for new connections on port 32204
[rivendale] 	Received msg from Host ID #4 "b'\x00\x00\x00\x00\x04\x00\x00\x00\x00\n\x00\x11lothlorien"The Golden Wood"'"
*CMD.........	Starting --id 5 --servername moria --port 32205 --info "The Black Pit" --log-file moria.log --connect_to_host rivendale --connect_to_port 32202
[moria] 	Launching server moria...
*CMD.........	Waiting... 0.25
[moria] 	Configuring the server socket...
[moria] 	Connecting to remote server rivendale:32202...
[moria] 	Connected to another server
[moria] 	Listening for new connections on port 32205
*CMD.........	Starting --id 6 --servername edoras --port 32206 --info "Home of the Golden Hall of Meduseld" --log-file edoras.log --connect_to_host lothlorien --connect_to_port 32204
[edoras] 	Launching server edoras...
*CMD.........	Waiting... 0.25
[edoras] 	Configuring the server socket...
[edoras] 	Connecting to remote server lothlorien:32204...
[edoras] 	Connected to another server
[edoras] 	Listening for new connections on port 32206
[lothlorien] 	Received msg from Host ID #6 "b'\x00\x00\x00\x00\x06\x00\x00\x00\x00\x06\x00%edoras"Home of the Golden Hall of Meduseld"'"
*CMD.........	Starting --id 7 --servername minastirith --port 32207 --info "Tower of Guard" --log-file minastirith.log --connect_to_host lothlorien --connect_to_port 32204
[minastirith] 	Launching server minastirith...
*CMD.........	Waiting... 0.25
[minastirith] 	Configuring the server socket...
[minastirith] 	Connecting to remote server lothlorien:32204...
[minastirith] 	Connected to another server
[minastirith] 	Listening for new connections on port 32207
*CMD.........	Starting --id 8 --servername mirkwood --port 32208 --info "Wood of Greenleaves" --log-file mirkwood.log --connect_to_host rivendale --connect_to_port 32202
[mirkwood] 	Launching server mirkwood...
*CMD.........	Waiting... 0.25
[mirkwood] 	Configuring the server socket...
[mirkwood] 	Connecting to remote server rivendale:32202...
[mirkwood] 	Connected to another server
[mirkwood] 	Listening for new connections on port 32208
*CMD.........	Starting --id 9 --servername isengard --port 32209 --info "Angrenost, The Iron Fortres" --log-file isengard.log --connect_to_host edoras --connect_to_port 32206
[isengard] 	Launching server isengard...
*CMD.........	Waiting... 0.25
[isengard] 	Configuring the server socket...
[isengard] 	Connecting to remote server edoras:32206...
[isengard] 	Connected to another server
[isengard] 	Listening for new connections on port 32209
[edoras] 	Received msg from Host ID #9 "b'\x00\x00\x00\x00\t\x00\x00\x00\x00\x08\x00\x1disengard"Angrenost, The Iron Fortres"'"
*CMD.........	Starting --id 10 --servername osgiliath --port 32210 --info "Citadel of the Stars" --log-file osgiliath.log --connect_to_host minastirith --connect_to_port 32207
[osgiliath] 	Launching server osgiliath...
*CMD.........	Waiting... 0.25
[osgiliath] 	Configuring the server socket...
[osgiliath] 	Connecting to remote server minastirith:32207...
[osgiliath] 	Connected to another server
[osgiliath] 	Listening for new connections on port 32210
[minastirith] 	Received msg from Host ID #10 "b'\x00\x00\x00\x00\n\x00\x00\x00\x00\t\x00\x16osgiliath"Citadel of the Stars"'"
*CMD.........	Starting --id 11 --servername barad-dur --port 32211 --info "The Dark Tower" --log-file barad-dur.log --connect_to_host minastirith --connect_to_port 32207
[barad-dur] 	Launching server barad-dur...
*CMD.........	Waiting... 1.5
[barad-dur] 	Configuring the server socket...
[barad-dur] 	Connecting to remote server minastirith:32207...
[barad-dur] 	Connected to another server
[barad-dur] 	Listening for new connections on port 32211
[grey_havens] 	Cleaning up the server
[moria] 	Cleaning up the server
[mirkwood] 	Cleaning up the server
[isengard] 	Cleaning up the server
[osgiliath] 	Cleaning up the server
[barad-dur] 	Cleaning up the server

Test passed:False
