
##############################################
Beginning test 3_3_ThreeServers_FourClients

*CMD.........	Starting --id 1 --servername theshire --port 33301 --info "Home of the Hobbits" --log-file theshire.log
[theshire] 	Launching server theshire...
*CMD.........	Waiting... 0.25
[theshire] 	Configuring the server socket...
*CMD.........	Starting --id 2 --servername rivendale --port 33302 --info "Elronds House" --log-file rivendale.log --connect_to_host theshire --connect_to_port 33301
[rivendale] 	Launching server rivendale...
*CMD.........	Waiting... 0.25
[rivendale] 	Configuring the server socket...
*CMD.........	Starting --id 101 --serverhost theshire --serverport 33301 --username frodobaggins --info "Test info" --log-file frodobaggins.log
[frodobaggins] 	Launching client frodobaggins...
*CMD.........	Waiting... 0.25
[frodobaggins] 	Sending message to b'\x80\x00\x00\x00e\x00\x00\x00\x00\x0c\x00\x0bfrodobaggins"Test info"'
*CMD.........	Starting --id 3 --servername grey_havens --port 33303 --info "Gates to the Blessed Realm" --log-file grey_havens.log --connect_to_host theshire --connect_to_port 33301
[grey_havens] 	Launching server grey_havens...
*CMD.........	Waiting... 0.25
[grey_havens] 	Configuring the server socket...
*CMD.........	Starting --id 102 --serverhost theshire --serverport 33301 --username samgamgee --info "Test info" --log-file samgamgee.log
[samgamgee] 	Launching client samgamgee...
*CMD.........	Waiting... 0.25
[samgamgee] 	Sending message to b'\x80\x00\x00\x00f\x00\x00\x00\x00\t\x00\x0bsamgamgee"Test info"'
*CMD.........	Starting --id 103 --serverhost rivendale --serverport 33302 --username elrond --info "Test info" --log-file elrond.log
[elrond] 	Launching client elrond...
*CMD.........	Waiting... 0.25
[elrond] 	Sending message to b'\x80\x00\x00\x00g\x00\x00\x00\x00\x06\x00\x0belrond"Test info"'
*CMD.........	Starting --id 104 --serverhost grey_havens --serverport 33303 --username bilbobaggins --info "Test info" --log-file bilbobaggins.log
[bilbobaggins] 	Launching client bilbobaggins...
*CMD.........	Waiting... 0.5
[bilbobaggins] 	Sending message to b'\x80\x00\x00\x00h\x00\x00\x00\x00\x0c\x00\x0bbilbobaggins"Test info"'

Test passed:False
