
##############################################
Beginning test 3_4_ElevenServers_EightClients

*CMD.........	Starting --id 1 --servername theshire --port 33401 --info "Home of the Hobbits" --log-file theshire.log
[theshire] 	Launching server theshire...
*CMD.........	Waiting... 1.0
[theshire] 	Configuring the server socket...
*CMD.........	Starting --id 2 --servername rivendale --port 33402 --info "Elronds House" --log-file rivendale.log --connect_to_host theshire --connect_to_port 33401
[rivendale] 	Launching server rivendale...
*CMD.........	Waiting... 1.0
[rivendale] 	Configuring the server socket...
*CMD.........	Starting --id 101 --serverhost theshire --serverport 33401 --username frodobaggins --info "Test info" --log-file frodobaggins.log
[frodobaggins] 	Launching client frodobaggins...
*CMD.........	Waiting... 1.0
[frodobaggins] 	Sending message to b'\x80\x00\x00\x00e\x00\x00\x00\x00\x0c\x00\x0bfrodobaggins"Test info"'
*CMD.........	Starting --id 3 --servername grey_havens --port 33403 --info "Gates to the Blessed Realm" --log-file grey_havens.log --connect_to_host theshire --connect_to_port 33401
[grey_havens] 	Launching server grey_havens...
*CMD.........	Waiting... 1.0
[grey_havens] 	Configuring the server socket...
*CMD.........	Starting --id 102 --serverhost theshire --serverport 33401 --username samgamgee --info "Test info" --log-file samgamgee.log
[samgamgee] 	Launching client samgamgee...
*CMD.........	Waiting... 1.0
[samgamgee] 	Sending message to b'\x80\x00\x00\x00f\x00\x00\x00\x00\t\x00\x0bsamgamgee"Test info"'
*CMD.........	Starting --id 103 --serverhost rivendale --serverport 33402 --username elrond --info "Test info" --log-file elrond.log
[elrond] 	Launching client elrond...
*CMD.........	Waiting... 1.0
[elrond] 	Sending message to b'\x80\x00\x00\x00g\x00\x00\x00\x00\x06\x00\x0belrond"Test info"'
*CMD.........	Starting --id 104 --serverhost grey_havens --serverport 33403 --username bilbobaggins --info "Test info" --log-file bilbobaggins.log
[bilbobaggins] 	Launching client bilbobaggins...
*CMD.........	Waiting... 1.0
[bilbobaggins] 	Sending message to b'\x80\x00\x00\x00h\x00\x00\x00\x00\x0c\x00\x0bbilbobaggins"Test info"'
*CMD.........	Starting --id 4 --servername lothlorien --port 33404 --info "The Golden Wood" --log-file lothlorien.log --connect_to_host rivendale --connect_to_port 33402
[lothlorien] 	Launching server lothlorien...
*CMD.........	Waiting... 1.0
[lothlorien] 	Configuring the server socket...
[frodobaggins] 	Server has disconnected!
[frodobaggins] 	Server has disconnected!
*CMD.........	Starting --id 5 --servername moria --port 33405 --info "The Black Pit" --log-file moria.log --connect_to_host rivendale --connect_to_port 33402
[moria] 	Launching server moria...
*CMD.........	Waiting... 1.0
[moria] 	Configuring the server socket...
*CMD.........	Starting --id 6 --servername edoras --port 33406 --info "Home of the Golden Hall of Meduseld" --log-file edoras.log --connect_to_host lothlorien --connect_to_port 33404
[edoras] 	Launching server edoras...
*CMD.........	Waiting... 1.0
[edoras] 	Configuring the server socket...
*CMD.........	Starting --id 7 --servername minastirith --port 33407 --info "Tower of Guard" --log-file minastirith.log --connect_to_host lothlorien --connect_to_port 33404
[minastirith] 	Launching server minastirith...
*CMD.........	Waiting... 2.0
[minastirith] 	Configuring the server socket...
*CMD.........	Starting --id 105 --serverhost minastirith --serverport 33407 --username peregrin --info "Test info" --log-file peregrin.log
[peregrin] 	Launching client peregrin...
*CMD.........	Waiting... 1.0
[peregrin] 	Sending message to b'\x80\x00\x00\x00i\x00\x00\x00\x00\x08\x00\x0bperegrin"Test info"'
*CMD.........	Starting --id 8 --servername mirkwood --port 33408 --info "Wood of Greenleaves" --log-file mirkwood.log --connect_to_host rivendale --connect_to_port 33402
[mirkwood] 	Launching server mirkwood...
*CMD.........	Waiting... 1.0
[mirkwood] 	Configuring the server socket...
[mirkwood] 	Connecting to remote server rivendale:33402...
[mirkwood] 	Connected to another server
[mirkwood] 	Listening for new connections on port 33408
*CMD.........	Starting --id 106 --serverhost edoras --serverport 33406 --username meriadoc --info "Test info" --log-file meriadoc.log
[meriadoc] 	Launching client meriadoc...
*CMD.........	Waiting... 1.0
[meriadoc] 	Sending message to b'\x80\x00\x00\x00j\x00\x00\x00\x00\x08\x00\x0bmeriadoc"Test info"'
*CMD.........	Starting --id 9 --servername isengard --port 33409 --info "Angrenost, The Iron Fortres" --log-file isengard.log --connect_to_host edoras --connect_to_port 33406
[isengard] 	Launching server isengard...
*CMD.........	Waiting... 1.0
[isengard] 	Configuring the server socket...
[isengard] 	Connecting to remote server edoras:33406...
[isengard] 	Connected to another server
[isengard] 	Listening for new connections on port 33409
*CMD.........	Starting --id 10 --servername osgiliath --port 33410 --info "Citadel of the Stars" --log-file osgiliath.log --connect_to_host minastirith --connect_to_port 33407
[osgiliath] 	Launching server osgiliath...
*CMD.........	Waiting... 1.0
[osgiliath] 	Configuring the server socket...
[osgiliath] 	Connecting to remote server minastirith:33407...
[osgiliath] 	Connected to another server
[osgiliath] 	Listening for new connections on port 33410
*CMD.........	Starting --id 11 --servername barad-dur --port 33411 --info "The Dark Tower" --log-file barad-dur.log --connect_to_host minastirith --connect_to_port 33407
[barad-dur] 	Launching server barad-dur...
*CMD.........	Waiting... 2.0
[barad-dur] 	Configuring the server socket...
*CMD.........	Starting --id 107 --serverhost moria --serverport 33405 --username balin --info "Test info" --log-file balin.log
[balin] 	Launching client balin...
*CMD.........	Waiting... 1.0
[balin] 	Sending message to b'\x80\x00\x00\x00k\x00\x00\x00\x00\x05\x00\x0bbalin"Test info"'
*CMD.........	Starting --id 108 --serverhost barad-dur --serverport 33411 --username sauron --info "Test info" --log-file sauron.log
[sauron] 	Launching client sauron...
*CMD.........	Waiting... 2.5
[sauron] 	Sending message to b'\x80\x00\x00\x00l\x00\x00\x00\x00\x06\x00\x0bsauron"Test info"'
[mirkwood] 	Cleaning up the server
[isengard] 	Cleaning up the server
[osgiliath] 	Cleaning up the server

Test passed:False
