
##############################################
Beginning test 4_3_Message_Three_Hops

*CMD.........	Starting --id 1 --servername theshire --port 34301 --info "Home of the Hobbits" --log-file theshire.log
[theshire] 	Launching server theshire...
*CMD.........	Waiting... 1.0
[theshire] 	Configuring the server socket...
[theshire] 	Listening for new connections on port 34301
*CMD.........	Starting --id 2 --servername rivendale --port 34302 --info "Elronds House" --log-file rivendale.log --connect_to_host theshire --connect_to_port 34301
[rivendale] 	Launching server rivendale...
*CMD.........	Waiting... 1.0
[rivendale] 	Configuring the server socket...
[rivendale] 	Connecting to remote server theshire:34301...
[rivendale] 	Connected to another server
[rivendale] 	Listening for new connections on port 34302
[theshire] 	Received msg from Host ID #2 "b'\x00\x00\x00\x00\x02\x00\x00\x00\x00\t\x00\x0frivendale"Elronds House"'"
[rivendale] 	Received msg from Host ID #1 "b'\x00\x00\x00\x00\x01\x00\x00\x00\x00\x08\x00\x15theshire"Home of the Hobbits"'"
[theshire] 	Received msg from Host ID #2 "b'\x00\x00\x00\x00\x02\x00\x00\x00\x00\t\x00\x0frivendale"Elronds House"'"
[theshire] 	Sending message to an unknown IO device "b'\x01\x00\x00\x00\x01\x00\x00\x00\x00\x00\x02\x00\x00\x00*A machine has already registered with ID 2'"
[rivendale] 	Received msg from Host ID #1 "b'\x01\x00\x00\x00\x01\x00\x00\x00\x00\x00\x02\x00\x00\x00*A machine has already registered with ID 2'"
*CMD.........	Starting --id 101 --serverhost theshire --serverport 34301 --username frodobaggins --info "Test info" --log-file frodobaggins.log
[frodobaggins] 	Launching client frodobaggins...
*CMD.........	Waiting... 1.0
[frodobaggins] 	Sending message to b'\x80\x00\x00\x00e\x00\x00\x00\x00\x0c\x00\x0bfrodobaggins"Test info"'
[theshire] 	Received msg from Host ID #101 "b'\x80\x00\x00\x00e\x00\x00\x00\x00\x0c\x00\x0bfrodobaggins"Test info"'"
[rivendale] 	Received msg from Host ID #101 "b'\x80\x00\x00\x00e\x00\x00\x00\x01\x0c\x00\x0bfrodobaggins"Test info"'"
[frodobaggins] 	Received message from Host ID #1 "b'\x01\x00\x00\x00\x01\x00\x00\x00e\x00\x00\x00\x00\x006Welcome to the Clemson Relay Chat network frodobaggins'"
*CMD.........	Starting --id 3 --servername grey_havens --port 34303 --info "Gates to the Blessed Realm" --log-file grey_havens.log --connect_to_host theshire --connect_to_port 34301
[grey_havens] 	Launching server grey_havens...
*CMD.........	Waiting... 1.0
[grey_havens] 	Configuring the server socket...
[grey_havens] 	Connecting to remote server theshire:34301...
[grey_havens] 	Connected to another server
[grey_havens] 	Listening for new connections on port 34303
[theshire] 	Received msg from Host ID #3 "b'\x00\x00\x00\x00\x03\x00\x00\x00\x00\x0b\x00\x1cgrey_havens"Gates to the Blessed Realm"'"
[rivendale] 	Received msg from Host ID #3 "b'\x00\x00\x00\x00\x03\x00\x00\x00\x01\x0b\x00\x1cgrey_havens"Gates to the Blessed Realm"'"
[grey_havens] 	Received msg from Host ID #1 "b'\x00\x00\x00\x00\x01\x00\x00\x00\x00\x08\x00\x15theshire"Home of the Hobbits"'"
[theshire] 	Received msg from Host ID #3 "b'\x00\x00\x00\x00\x03\x00\x00\x00\x02\x0b\x00\x1cgrey_havens"Gates to the Blessed Realm"'"
[grey_havens] 	Received msg from Host ID #2 "b'\x00\x00\x00\x00\x02\x00\x00\x00\x01\t\x00\x0frivendale"Elronds House"'"
[theshire] 	Sending message to an unknown IO device "b'\x01\x00\x00\x00\x01\x00\x00\x00\x00\x00\x02\x00\x00\x00*A machine has already registered with ID 3'"
[grey_havens] 	Received msg from Host ID #101 "b'\x80\x00\x00\x00e\x00\x00\x00\x01\x0c\x00\x0bfrodobaggins"Test info"'"
[rivendale] 	Received msg from Host ID #1 "b'\x01\x00\x00\x00\x01\x00\x00\x00\x00\x00\x02\x00\x00\x00*A machine has already registered with ID 3'"
[theshire] 	Received msg from Host ID #3 "b'\x00\x00\x00\x00\x03\x00\x00\x00\x00\x0b\x00\x1cgrey_havens"Gates to the Blessed Realm"'"
[theshire] 	Sending message to an unknown IO device "b'\x01\x00\x00\x00\x01\x00\x00\x00\x00\x00\x02\x00\x00\x00*A machine has already registered with ID 3'"
[theshire] 	Received msg from Host ID #2 "b'\x00\x00\x00\x00\x02\x00\x00\x00\x03\t\x00\x0frivendale"Elronds House"'"
[theshire] 	Sending message to an unknown IO device "b'\x01\x00\x00\x00\x01\x00\x00\x00\x00\x00\x02\x00\x00\x00*A machine has already registered with ID 2'"
[grey_havens] 	Received msg from Host ID #1 "b'\x01\x00\x00\x00\x01\x00\x00\x00\x00\x00\x02\x00\x00\x00*A machine has already registered with ID 3'"
[grey_havens] 	Received msg from Host ID #1 "b'\x01\x00\x00\x00\x01\x00\x00\x00\x00\x00\x02\x00\x00\x00*A machine has already registered with ID 2'"
*CMD.........	Starting --id 102 --serverhost theshire --serverport 34301 --username samgamgee --info "Test info" --log-file samgamgee.log
[samgamgee] 	Launching client samgamgee...
*CMD.........	Waiting... 1.0
[samgamgee] 	Sending message to b'\x80\x00\x00\x00f\x00\x00\x00\x00\t\x00\x0bsamgamgee"Test info"'
[theshire] 	Received msg from Host ID #102 "b'\x80\x00\x00\x00f\x00\x00\x00\x00\t\x00\x0bsamgamgee"Test info"'"
[rivendale] 	Received msg from Host ID #102 "b'\x80\x00\x00\x00f\x00\x00\x00\x01\t\x00\x0bsamgamgee"Test info"'"
[frodobaggins] 	Received message from Host ID #102 "b'\x80\x00\x00\x00f\x00\x00\x00\x01\t\x00\x0bsamgamgee"Test info"'"
[grey_havens] 	Received msg from Host ID #102 "b'\x80\x00\x00\x00f\x00\x00\x00\x01\t\x00\x0bsamgamgee"Test info"'"
[samgamgee] 	Received message from Host ID #1 "b'\x01\x00\x00\x00\x01\x00\x00\x00f\x00\x00\x00\x00\x003Welcome to the Clemson Relay Chat network samgamgee'"
[samgamgee] 	Received message from Host ID #101 "b'\x80\x00\x00\x00e\x00\x00\x00\x01\x0c\x00\x0bfrodobaggins"Test info"'"
*CMD.........	Starting --id 103 --serverhost rivendale --serverport 34302 --username elrond --info "Test info" --log-file elrond.log
[elrond] 	Launching client elrond...
*CMD.........	Waiting... 1.0
[elrond] 	Sending message to b'\x80\x00\x00\x00g\x00\x00\x00\x00\x06\x00\x0belrond"Test info"'
[rivendale] 	Received msg from Host ID #103 "b'\x80\x00\x00\x00g\x00\x00\x00\x00\x06\x00\x0belrond"Test info"'"
[theshire] 	Received msg from Host ID #103 "b'\x80\x00\x00\x00g\x00\x00\x00\x02\x06\x00\x0belrond"Test info"'"
[elrond] 	Received message from Host ID #2 "b'\x01\x00\x00\x00\x02\x00\x00\x00g\x00\x00\x00\x00\x000Welcome to the Clemson Relay Chat network elrond'"
[elrond] 	Received message from Host ID #101 "b'\x80\x00\x00\x00e\x00\x00\x00\x02\x0c\x00\x0bfrodobaggins"Test info"'"
[samgamgee] 	Received message from Host ID #103 "b'\x80\x00\x00\x00g\x00\x00\x00\x01\x06\x00\x0belrond"Test info"'"
[frodobaggins] 	Received message from Host ID #103 "b'\x80\x00\x00\x00g\x00\x00\x00\x01\x06\x00\x0belrond"Test info"'"
[grey_havens] 	Received msg from Host ID #103 "b'\x80\x00\x00\x00g\x00\x00\x00\x01\x06\x00\x0belrond"Test info"'"
[elrond] 	Received message from Host ID #102 "b'\x80\x00\x00\x00f\x00\x00\x00\x02\t\x00\x0bsamgamgee"Test info"'"
*CMD.........	Starting --id 104 --serverhost grey_havens --serverport 34303 --username bilbobaggins --info "Test info" --log-file bilbobaggins.log
[bilbobaggins] 	Launching client bilbobaggins...
*CMD.........	Waiting... 1.0
[bilbobaggins] 	Sending message to b'\x80\x00\x00\x00h\x00\x00\x00\x00\x0c\x00\x0bbilbobaggins"Test info"'
[grey_havens] 	Received msg from Host ID #104 "b'\x80\x00\x00\x00h\x00\x00\x00\x00\x0c\x00\x0bbilbobaggins"Test info"'"
[theshire] 	Received msg from Host ID #104 "b'\x80\x00\x00\x00h\x00\x00\x00\x03\x0c\x00\x0bbilbobaggins"Test info"'"
[bilbobaggins] 	Received message from Host ID #3 "b'\x01\x00\x00\x00\x03\x00\x00\x00h\x00\x00\x00\x00\x006Welcome to the Clemson Relay Chat network bilbobaggins'"
[bilbobaggins] 	Received message from Host ID #101 "b'\x80\x00\x00\x00e\x00\x00\x00\x03\x0c\x00\x0bfrodobaggins"Test info"'"
[samgamgee] 	Received message from Host ID #104 "b'\x80\x00\x00\x00h\x00\x00\x00\x01\x0c\x00\x0bbilbobaggins"Test info"'"
[rivendale] 	Received msg from Host ID #104 "b'\x80\x00\x00\x00h\x00\x00\x00\x01\x0c\x00\x0bbilbobaggins"Test info"'"
[frodobaggins] 	Received message from Host ID #104 "b'\x80\x00\x00\x00h\x00\x00\x00\x01\x0c\x00\x0bbilbobaggins"Test info"'"
[bilbobaggins] 	Received message from Host ID #102 "b'\x80\x00\x00\x00f\x00\x00\x00\x03\t\x00\x0bsamgamgee"Test info"'"
[elrond] 	Received message from Host ID #104 "b'\x80\x00\x00\x00h\x00\x00\x00\x02\x0c\x00\x0bbilbobaggins"Test info"'"
[bilbobaggins] 	Received message from Host ID #103 "b'\x80\x00\x00\x00g\x00\x00\x00\x03\x06\x00\x0belrond"Test info"'"
*CMD.........	Starting --id 4 --servername lothlorien --port 34304 --info "The Golden Wood" --log-file lothlorien.log --connect_to_host rivendale --connect_to_port 34302
[lothlorien] 	Launching server lothlorien...
*CMD.........	Waiting... 1.0
[lothlorien] 	Configuring the server socket...
[lothlorien] 	Connecting to remote server rivendale:34302...
[lothlorien] 	Connected to another server
[lothlorien] 	Listening for new connections on port 34304
[rivendale] 	Received msg from Host ID #4 "b'\x00\x00\x00\x00\x04\x00\x00\x00\x00\n\x00\x11lothlorien"The Golden Wood"'"
[theshire] 	Received msg from Host ID #4 "b'\x00\x00\x00\x00\x04\x00\x00\x00\x02\n\x00\x11lothlorien"The Golden Wood"'"
[lothlorien] 	Received msg from Host ID #2 "b'\x00\x00\x00\x00\x02\x00\x00\x00\x00\t\x00\x0frivendale"Elronds House"'"
[lothlorien] 	Received msg from Host ID #1 "b'\x00\x00\x00\x00\x01\x00\x00\x00\x02\x08\x00\x15theshire"Home of the Hobbits"'"
[rivendale] 	Received msg from Host ID #4 "b'\x00\x00\x00\x00\x04\x00\x00\x00\x01\n\x00\x11lothlorien"The Golden Wood"'"
[grey_havens] 	Received msg from Host ID #4 "b'\x00\x00\x00\x00\x04\x00\x00\x00\x01\n\x00\x11lothlorien"The Golden Wood"'"
[lothlorien] 	Received msg from Host ID #101 "b'\x80\x00\x00\x00e\x00\x00\x00\x02\x0c\x00\x0bfrodobaggins"Test info"'"
[rivendale] 	Sending message to an unknown IO device "b'\x01\x00\x00\x00\x02\x00\x00\x00\x00\x00\x02\x00\x00\x00*A machine has already registered with ID 4'"
[lothlorien] 	Received msg from Host ID #3 "b'\x00\x00\x00\x00\x03\x00\x00\x00\x02\x0b\x00\x1cgrey_havens"Gates to the Blessed Realm"'"
[theshire] 	Received msg from Host ID #4 "b'\x00\x00\x00\x00\x04\x00\x00\x00\x03\n\x00\x11lothlorien"The Golden Wood"'"
[lothlorien] 	Received msg from Host ID #102 "b'\x80\x00\x00\x00f\x00\x00\x00\x02\t\x00\x0bsamgamgee"Test info"'"
[theshire] 	Sending message to an unknown IO device "b'\x01\x00\x00\x00\x01\x00\x00\x00\x00\x00\x02\x00\x00\x00*A machine has already registered with ID 4'"
[lothlorien] 	Received msg from Host ID #103 "b'\x80\x00\x00\x00g\x00\x00\x00\x02\x06\x00\x0belrond"Test info"'"
[grey_havens] 	Received msg from Host ID #1 "b'\x01\x00\x00\x00\x01\x00\x00\x00\x00\x00\x02\x00\x00\x00*A machine has already registered with ID 4'"
[theshire] 	Received msg from Host ID #2 "b'\x01\x00\x00\x00\x02\x00\x00\x00\x00\x00\x02\x00\x00\x00*A machine has already registered with ID 4'"
[lothlorien] 	Received msg from Host ID #104 "b'\x80\x00\x00\x00h\x00\x00\x00\x02\x0c\x00\x0bbilbobaggins"Test info"'"
[rivendale] 	Received msg from Host ID #4 "b'\x00\x00\x00\x00\x04\x00\x00\x00\x00\n\x00\x11lothlorien"The Golden Wood"'"
[rivendale] 	Sending message to an unknown IO device "b'\x01\x00\x00\x00\x02\x00\x00\x00\x00\x00\x02\x00\x00\x00*A machine has already registered with ID 4'"
[rivendale] 	Received msg from Host ID #1 "b'\x00\x00\x00\x00\x01\x00\x00\x00\x04\x08\x00\x15theshire"Home of the Hobbits"'"
[rivendale] 	Sending message to an unknown IO device "b'\x01\x00\x00\x00\x02\x00\x00\x00\x00\x00\x02\x00\x00\x00*A machine has already registered with ID 1'"
[rivendale] 	Received msg from Host ID #3 "b'\x00\x00\x00\x00\x03\x00\x00\x00\x04\x0b\x00\x1cgrey_havens"Gates to the Blessed Realm"'"
[rivendale] 	Sending message to an unknown IO device "b'\x01\x00\x00\x00\x02\x00\x00\x00\x00\x00\x02\x00\x00\x00*A machine has already registered with ID 3'"
[lothlorien] 	Received msg from Host ID #2 "b'\x01\x00\x00\x00\x02\x00\x00\x00\x00\x00\x02\x00\x00\x00*A machine has already registered with ID 4'"
[lothlorien] 	Received msg from Host ID #2 "b'\x01\x00\x00\x00\x02\x00\x00\x00\x00\x00\x02\x00\x00\x00*A machine has already registered with ID 1'"
[lothlorien] 	Received msg from Host ID #2 "b'\x01\x00\x00\x00\x02\x00\x00\x00\x00\x00\x02\x00\x00\x00*A machine has already registered with ID 3'"
*CMD.........	Starting --id 5 --servername moria --port 34305 --info "The Black Pit" --log-file moria.log --connect_to_host rivendale --connect_to_port 34302
[moria] 	Launching server moria...
*CMD.........	Waiting... 1.0
[moria] 	Configuring the server socket...
[moria] 	Connecting to remote server rivendale:34302...
[moria] 	Connected to another server
[moria] 	Listening for new connections on port 34305
[rivendale] 	Received msg from Host ID #5 "b'\x00\x00\x00\x00\x05\x00\x00\x00\x00\x05\x00\x0fmoria"The Black Pit"'"
[lothlorien] 	Received msg from Host ID #5 "b'\x00\x00\x00\x00\x05\x00\x00\x00\x02\x05\x00\x0fmoria"The Black Pit"'"
[theshire] 	Received msg from Host ID #5 "b'\x00\x00\x00\x00\x05\x00\x00\x00\x02\x05\x00\x0fmoria"The Black Pit"'"
[moria] 	Received msg from Host ID #2 "b'\x00\x00\x00\x00\x02\x00\x00\x00\x00\t\x00\x0frivendale"Elronds House"'"
[rivendale] 	Received msg from Host ID #5 "b'\x00\x00\x00\x00\x05\x00\x00\x00\x04\x05\x00\x0fmoria"The Black Pit"'"
[grey_havens] 	Received msg from Host ID #5 "b'\x00\x00\x00\x00\x05\x00\x00\x00\x01\x05\x00\x0fmoria"The Black Pit"'"
[moria] 	Received msg from Host ID #1 "b'\x00\x00\x00\x00\x01\x00\x00\x00\x02\x08\x00\x15theshire"Home of the Hobbits"'"
[rivendale] 	Sending message to an unknown IO device "b'\x01\x00\x00\x00\x02\x00\x00\x00\x00\x00\x02\x00\x00\x00*A machine has already registered with ID 5'"
[theshire] 	Received msg from Host ID #5 "b'\x00\x00\x00\x00\x05\x00\x00\x00\x03\x05\x00\x0fmoria"The Black Pit"'"
[moria] 	Received msg from Host ID #101 "b'\x80\x00\x00\x00e\x00\x00\x00\x02\x0c\x00\x0bfrodobaggins"Test info"'"
[lothlorien] 	Received msg from Host ID #2 "b'\x01\x00\x00\x00\x02\x00\x00\x00\x00\x00\x02\x00\x00\x00*A machine has already registered with ID 5'"
[rivendale] 	Received msg from Host ID #5 "b'\x00\x00\x00\x00\x05\x00\x00\x00\x01\x05\x00\x0fmoria"The Black Pit"'"
[theshire] 	Sending message to an unknown IO device "b'\x01\x00\x00\x00\x01\x00\x00\x00\x00\x00\x02\x00\x00\x00*A machine has already registered with ID 5'"
[moria] 	Received msg from Host ID #3 "b'\x00\x00\x00\x00\x03\x00\x00\x00\x02\x0b\x00\x1cgrey_havens"Gates to the Blessed Realm"'"
[rivendale] 	Sending message to an unknown IO device "b'\x01\x00\x00\x00\x02\x00\x00\x00\x00\x00\x02\x00\x00\x00*A machine has already registered with ID 5'"
[grey_havens] 	Received msg from Host ID #1 "b'\x01\x00\x00\x00\x01\x00\x00\x00\x00\x00\x02\x00\x00\x00*A machine has already registered with ID 5'"
[moria] 	Received msg from Host ID #102 "b'\x80\x00\x00\x00f\x00\x00\x00\x02\t\x00\x0bsamgamgee"Test info"'"
[theshire] 	Received msg from Host ID #2 "b'\x01\x00\x00\x00\x02\x00\x00\x00\x00\x00\x02\x00\x00\x00*A machine has already registered with ID 5'"
[moria] 	Received msg from Host ID #103 "b'\x80\x00\x00\x00g\x00\x00\x00\x02\x06\x00\x0belrond"Test info"'"
[moria] 	Received msg from Host ID #104 "b'\x80\x00\x00\x00h\x00\x00\x00\x02\x0c\x00\x0bbilbobaggins"Test info"'"
[moria] 	Received msg from Host ID #4 "b'\x00\x00\x00\x00\x04\x00\x00\x00\x02\n\x00\x11lothlorien"The Golden Wood"'"
[rivendale] 	Received msg from Host ID #5 "b'\x00\x00\x00\x00\x05\x00\x00\x00\x00\x05\x00\x0fmoria"The Black Pit"'"
[rivendale] 	Sending message to an unknown IO device "b'\x01\x00\x00\x00\x02\x00\x00\x00\x00\x00\x02\x00\x00\x00*A machine has already registered with ID 5'"
[rivendale] 	Received msg from Host ID #1 "b'\x00\x00\x00\x00\x01\x00\x00\x00\x05\x08\x00\x15theshire"Home of the Hobbits"'"
[rivendale] 	Sending message to an unknown IO device "b'\x01\x00\x00\x00\x02\x00\x00\x00\x00\x00\x02\x00\x00\x00*A machine has already registered with ID 1'"
[rivendale] 	Received msg from Host ID #3 "b'\x00\x00\x00\x00\x03\x00\x00\x00\x05\x0b\x00\x1cgrey_havens"Gates to the Blessed Realm"'"
[rivendale] 	Sending message to an unknown IO device "b'\x01\x00\x00\x00\x02\x00\x00\x00\x00\x00\x02\x00\x00\x00*A machine has already registered with ID 3'"
[rivendale] 	Received msg from Host ID #4 "b'\x00\x00\x00\x00\x04\x00\x00\x00\x05\n\x00\x11lothlorien"The Golden Wood"'"
[rivendale] 	Sending message to an unknown IO device "b'\x01\x00\x00\x00\x02\x00\x00\x00\x00\x00\x02\x00\x00\x00*A machine has already registered with ID 4'"
[moria] 	Received msg from Host ID #2 "b'\x01\x00\x00\x00\x02\x00\x00\x00\x00\x00\x02\x00\x00\x00*A machine has already registered with ID 5'"
[moria] 	Received msg from Host ID #2 "b'\x01\x00\x00\x00\x02\x00\x00\x00\x00\x00\x02\x00\x00\x00*A machine has already registered with ID 1'"
[moria] 	Received msg from Host ID #2 "b'\x01\x00\x00\x00\x02\x00\x00\x00\x00\x00\x02\x00\x00\x00*A machine has already registered with ID 3'"
[moria] 	Received msg from Host ID #2 "b'\x01\x00\x00\x00\x02\x00\x00\x00\x00\x00\x02\x00\x00\x00*A machine has already registered with ID 4'"
*CMD.........	Starting --id 6 --servername edoras --port 34306 --info "Home of the Golden Hall of Meduseld" --log-file edoras.log --connect_to_host lothlorien --connect_to_port 34304
[edoras] 	Launching server edoras...
*CMD.........	Waiting... 1.0
[edoras] 	Configuring the server socket...
[edoras] 	Connecting to remote server lothlorien:34304...
[edoras] 	Connected to another server
[edoras] 	Listening for new connections on port 34306
[lothlorien] 	Received msg from Host ID #6 "b'\x00\x00\x00\x00\x06\x00\x00\x00\x00\x06\x00%edoras"Home of the Golden Hall of Meduseld"'"
[rivendale] 	Received msg from Host ID #6 "b'\x00\x00\x00\x00\x06\x00\x00\x00\x04\x06\x00%edoras"Home of the Golden Hall of Meduseld"'"
[edoras] 	Received msg from Host ID #4 "b'\x00\x00\x00\x00\x04\x00\x00\x00\x00\n\x00\x11lothlorien"The Golden Wood"'"
[lothlorien] 	Received msg from Host ID #6 "b'\x00\x00\x00\x00\x06\x00\x00\x00\x02\x06\x00%edoras"Home of the Golden Hall of Meduseld"'"
[theshire] 	Received msg from Host ID #6 "b'\x00\x00\x00\x00\x06\x00\x00\x00\x02\x06\x00%edoras"Home of the Golden Hall of Meduseld"'"
[moria] 	Received msg from Host ID #6 "b'\x00\x00\x00\x00\x06\x00\x00\x00\x02\x06\x00%edoras"Home of the Golden Hall of Meduseld"'"
[edoras] 	Received msg from Host ID #2 "b'\x00\x00\x00\x00\x02\x00\x00\x00\x04\t\x00\x0frivendale"Elronds House"'"
[lothlorien] 	Sending message to an unknown IO device "b'\x01\x00\x00\x00\x04\x00\x00\x00\x00\x00\x02\x00\x00\x00*A machine has already registered with ID 6'"
[rivendale] 	Received msg from Host ID #6 "b'\x00\x00\x00\x00\x06\x00\x00\x00\x01\x06\x00%edoras"Home of the Golden Hall of Meduseld"'"
[grey_havens] 	Received msg from Host ID #6 "b'\x00\x00\x00\x00\x06\x00\x00\x00\x01\x06\x00%edoras"Home of the Golden Hall of Meduseld"'"
[edoras] 	Received msg from Host ID #1 "b'\x00\x00\x00\x00\x01\x00\x00\x00\x04\x08\x00\x15theshire"Home of the Hobbits"'"
[rivendale] 	Sending message to an unknown IO device "b'\x01\x00\x00\x00\x02\x00\x00\x00\x00\x00\x02\x00\x00\x00*A machine has already registered with ID 6'"
[theshire] 	Received msg from Host ID #6 "b'\x00\x00\x00\x00\x06\x00\x00\x00\x03\x06\x00%edoras"Home of the Golden Hall of Meduseld"'"
[edoras] 	Received msg from Host ID #101 "b'\x80\x00\x00\x00e\x00\x00\x00\x04\x0c\x00\x0bfrodobaggins"Test info"'"
[rivendale] 	Received msg from Host ID #6 "b'\x00\x00\x00\x00\x06\x00\x00\x00\x05\x06\x00%edoras"Home of the Golden Hall of Meduseld"'"
[theshire] 	Sending message to an unknown IO device "b'\x01\x00\x00\x00\x01\x00\x00\x00\x00\x00\x02\x00\x00\x00*A machine has already registered with ID 6'"
[rivendale] 	Sending message to an unknown IO device "b'\x01\x00\x00\x00\x02\x00\x00\x00\x00\x00\x02\x00\x00\x00*A machine has already registered with ID 6'"
[edoras] 	Received msg from Host ID #3 "b'\x00\x00\x00\x00\x03\x00\x00\x00\x04\x0b\x00\x1cgrey_havens"Gates to the Blessed Realm"'"
[theshire] 	Received msg from Host ID #2 "b'\x01\x00\x00\x00\x02\x00\x00\x00\x00\x00\x02\x00\x00\x00*A machine has already registered with ID 6'"
[grey_havens] 	Received msg from Host ID #1 "b'\x01\x00\x00\x00\x01\x00\x00\x00\x00\x00\x02\x00\x00\x00*A machine has already registered with ID 6'"
[moria] 	Received msg from Host ID #2 "b'\x01\x00\x00\x00\x02\x00\x00\x00\x00\x00\x02\x00\x00\x00*A machine has already registered with ID 6'"
[rivendale] 	Received msg from Host ID #4 "b'\x01\x00\x00\x00\x04\x00\x00\x00\x00\x00\x02\x00\x00\x00*A machine has already registered with ID 6'"
[edoras] 	Received msg from Host ID #102 "b'\x80\x00\x00\x00f\x00\x00\x00\x04\t\x00\x0bsamgamgee"Test info"'"
[edoras] 	Received msg from Host ID #103 "b'\x80\x00\x00\x00g\x00\x00\x00\x04\x06\x00\x0belrond"Test info"'"
[edoras] 	Received msg from Host ID #104 "b'\x80\x00\x00\x00h\x00\x00\x00\x04\x0c\x00\x0bbilbobaggins"Test info"'"
[edoras] 	Received msg from Host ID #5 "b'\x00\x00\x00\x00\x05\x00\x00\x00\x04\x05\x00\x0fmoria"The Black Pit"'"
[lothlorien] 	Received msg from Host ID #6 "b'\x00\x00\x00\x00\x06\x00\x00\x00\x00\x06\x00%edoras"Home of the Golden Hall of Meduseld"'"
[lothlorien] 	Sending message to an unknown IO device "b'\x01\x00\x00\x00\x04\x00\x00\x00\x00\x00\x02\x00\x00\x00*A machine has already registered with ID 6'"
[lothlorien] 	Received msg from Host ID #2 "b'\x00\x00\x00\x00\x02\x00\x00\x00\x06\t\x00\x0frivendale"Elronds House"'"
[lothlorien] 	Sending message to an unknown IO device "b'\x01\x00\x00\x00\x04\x00\x00\x00\x00\x00\x02\x00\x00\x00*A machine has already registered with ID 2'"
[lothlorien] 	Received msg from Host ID #1 "b'\x00\x00\x00\x00\x01\x00\x00\x00\x06\x08\x00\x15theshire"Home of the Hobbits"'"
[lothlorien] 	Sending message to an unknown IO device "b'\x01\x00\x00\x00\x04\x00\x00\x00\x00\x00\x02\x00\x00\x00*A machine has already registered with ID 1'"
[lothlorien] 	Received msg from Host ID #3 "b'\x00\x00\x00\x00\x03\x00\x00\x00\x06\x0b\x00\x1cgrey_havens"Gates to the Blessed Realm"'"
[lothlorien] 	Sending message to an unknown IO device "b'\x01\x00\x00\x00\x04\x00\x00\x00\x00\x00\x02\x00\x00\x00*A machine has already registered with ID 3'"
[lothlorien] 	Received msg from Host ID #5 "b'\x00\x00\x00\x00\x05\x00\x00\x00\x06\x05\x00\x0fmoria"The Black Pit"'"
[lothlorien] 	Sending message to an unknown IO device "b'\x01\x00\x00\x00\x04\x00\x00\x00\x00\x00\x02\x00\x00\x00*A machine has already registered with ID 5'"
[edoras] 	Received msg from Host ID #4 "b'\x01\x00\x00\x00\x04\x00\x00\x00\x00\x00\x02\x00\x00\x00*A machine has already registered with ID 6'"
[edoras] 	Received msg from Host ID #4 "b'\x01\x00\x00\x00\x04\x00\x00\x00\x00\x00\x02\x00\x00\x00*A machine has already registered with ID 2'"
[edoras] 	Received msg from Host ID #4 "b'\x01\x00\x00\x00\x04\x00\x00\x00\x00\x00\x02\x00\x00\x00*A machine has already registered with ID 1'"
[edoras] 	Received msg from Host ID #4 "b'\x01\x00\x00\x00\x04\x00\x00\x00\x00\x00\x02\x00\x00\x00*A machine has already registered with ID 3'"
[edoras] 	Received msg from Host ID #4 "b'\x01\x00\x00\x00\x04\x00\x00\x00\x00\x00\x02\x00\x00\x00*A machine has already registered with ID 5'"
*CMD.........	Starting --id 7 --servername minastirith --port 34307 --info "Tower of Guard" --log-file minastirith.log --connect_to_host lothlorien --connect_to_port 34304
[minastirith] 	Launching server minastirith...
*CMD.........	Waiting... 2.0
[minastirith] 	Configuring the server socket...
[minastirith] 	Connecting to remote server lothlorien:34304...
[minastirith] 	Connected to another server
[minastirith] 	Listening for new connections on port 34307
[lothlorien] 	Received msg from Host ID #7 "b'\x00\x00\x00\x00\x07\x00\x00\x00\x00\x0b\x00\x10minastirith"Tower of Guard"'"
[rivendale] 	Received msg from Host ID #7 "b'\x00\x00\x00\x00\x07\x00\x00\x00\x04\x0b\x00\x10minastirith"Tower of Guard"'"
[edoras] 	Received msg from Host ID #7 "b'\x00\x00\x00\x00\x07\x00\x00\x00\x04\x0b\x00\x10minastirith"Tower of Guard"'"
[minastirith] 	Received msg from Host ID #4 "b'\x00\x00\x00\x00\x04\x00\x00\x00\x00\n\x00\x11lothlorien"The Golden Wood"'"
[lothlorien] 	Received msg from Host ID #7 "b'\x00\x00\x00\x00\x07\x00\x00\x00\x02\x0b\x00\x10minastirith"Tower of Guard"'"
[theshire] 	Received msg from Host ID #7 "b'\x00\x00\x00\x00\x07\x00\x00\x00\x02\x0b\x00\x10minastirith"Tower of Guard"'"
[minastirith] 	Received msg from Host ID #2 "b'\x00\x00\x00\x00\x02\x00\x00\x00\x04\t\x00\x0frivendale"Elronds House"'"
[moria] 	Received msg from Host ID #7 "b'\x00\x00\x00\x00\x07\x00\x00\x00\x02\x0b\x00\x10minastirith"Tower of Guard"'"
[lothlorien] 	Sending message to an unknown IO device "b'\x01\x00\x00\x00\x04\x00\x00\x00\x00\x00\x02\x00\x00\x00*A machine has already registered with ID 7'"
[minastirith] 	Received msg from Host ID #1 "b'\x00\x00\x00\x00\x01\x00\x00\x00\x04\x08\x00\x15theshire"Home of the Hobbits"'"
[rivendale] 	Received msg from Host ID #7 "b'\x00\x00\x00\x00\x07\x00\x00\x00\x01\x0b\x00\x10minastirith"Tower of Guard"'"
[grey_havens] 	Received msg from Host ID #7 "b'\x00\x00\x00\x00\x07\x00\x00\x00\x01\x0b\x00\x10minastirith"Tower of Guard"'"
[lothlorien] 	Received msg from Host ID #7 "b'\x00\x00\x00\x00\x07\x00\x00\x00\x06\x0b\x00\x10minastirith"Tower of Guard"'"
[minastirith] 	Received msg from Host ID #101 "b'\x80\x00\x00\x00e\x00\x00\x00\x04\x0c\x00\x0bfrodobaggins"Test info"'"
[rivendale] 	Sending message to an unknown IO device "b'\x01\x00\x00\x00\x02\x00\x00\x00\x00\x00\x02\x00\x00\x00*A machine has already registered with ID 7'"
[theshire] 	Received msg from Host ID #7 "b'\x00\x00\x00\x00\x07\x00\x00\x00\x03\x0b\x00\x10minastirith"Tower of Guard"'"
[lothlorien] 	Sending message to an unknown IO device "b'\x01\x00\x00\x00\x04\x00\x00\x00\x00\x00\x02\x00\x00\x00*A machine has already registered with ID 7'"
[minastirith] 	Received msg from Host ID #3 "b'\x00\x00\x00\x00\x03\x00\x00\x00\x04\x0b\x00\x1cgrey_havens"Gates to the Blessed Realm"'"
[rivendale] 	Received msg from Host ID #7 "b'\x00\x00\x00\x00\x07\x00\x00\x00\x05\x0b\x00\x10minastirith"Tower of Guard"'"
[theshire] 	Sending message to an unknown IO device "b'\x01\x00\x00\x00\x01\x00\x00\x00\x00\x00\x02\x00\x00\x00*A machine has already registered with ID 7'"
[edoras] 	Received msg from Host ID #4 "b'\x01\x00\x00\x00\x04\x00\x00\x00\x00\x00\x02\x00\x00\x00*A machine has already registered with ID 7'"
[minastirith] 	Received msg from Host ID #102 "b'\x80\x00\x00\x00f\x00\x00\x00\x04\t\x00\x0bsamgamgee"Test info"'"
[rivendale] 	Sending message to an unknown IO device "b'\x01\x00\x00\x00\x02\x00\x00\x00\x00\x00\x02\x00\x00\x00*A machine has already registered with ID 7'"
[theshire] 	Received msg from Host ID #2 "b'\x01\x00\x00\x00\x02\x00\x00\x00\x00\x00\x02\x00\x00\x00*A machine has already registered with ID 7'"
[grey_havens] 	Received msg from Host ID #1 "b'\x01\x00\x00\x00\x01\x00\x00\x00\x00\x00\x02\x00\x00\x00*A machine has already registered with ID 7'"
[minastirith] 	Received msg from Host ID #103 "b'\x80\x00\x00\x00g\x00\x00\x00\x04\x06\x00\x0belrond"Test info"'"
[moria] 	Received msg from Host ID #2 "b'\x01\x00\x00\x00\x02\x00\x00\x00\x00\x00\x02\x00\x00\x00*A machine has already registered with ID 7'"
[rivendale] 	Received msg from Host ID #4 "b'\x01\x00\x00\x00\x04\x00\x00\x00\x00\x00\x02\x00\x00\x00*A machine has already registered with ID 7'"
[minastirith] 	Received msg from Host ID #104 "b'\x80\x00\x00\x00h\x00\x00\x00\x04\x0c\x00\x0bbilbobaggins"Test info"'"
[minastirith] 	Received msg from Host ID #5 "b'\x00\x00\x00\x00\x05\x00\x00\x00\x04\x05\x00\x0fmoria"The Black Pit"'"
[minastirith] 	Received msg from Host ID #6 "b'\x00\x00\x00\x00\x06\x00\x00\x00\x04\x06\x00%edoras"Home of the Golden Hall of Meduseld"'"
[lothlorien] 	Received msg from Host ID #7 "b'\x00\x00\x00\x00\x07\x00\x00\x00\x00\x0b\x00\x10minastirith"Tower of Guard"'"
[lothlorien] 	Sending message to an unknown IO device "b'\x01\x00\x00\x00\x04\x00\x00\x00\x00\x00\x02\x00\x00\x00*A machine has already registered with ID 7'"
[lothlorien] 	Received msg from Host ID #2 "b'\x00\x00\x00\x00\x02\x00\x00\x00\x07\t\x00\x0frivendale"Elronds House"'"
[lothlorien] 	Sending message to an unknown IO device "b'\x01\x00\x00\x00\x04\x00\x00\x00\x00\x00\x02\x00\x00\x00*A machine has already registered with ID 2'"
[lothlorien] 	Received msg from Host ID #1 "b'\x00\x00\x00\x00\x01\x00\x00\x00\x07\x08\x00\x15theshire"Home of the Hobbits"'"
[lothlorien] 	Sending message to an unknown IO device "b'\x01\x00\x00\x00\x04\x00\x00\x00\x00\x00\x02\x00\x00\x00*A machine has already registered with ID 1'"
[lothlorien] 	Received msg from Host ID #3 "b'\x00\x00\x00\x00\x03\x00\x00\x00\x07\x0b\x00\x1cgrey_havens"Gates to the Blessed Realm"'"
[lothlorien] 	Sending message to an unknown IO device "b'\x01\x00\x00\x00\x04\x00\x00\x00\x00\x00\x02\x00\x00\x00*A machine has already registered with ID 3'"
[lothlorien] 	Received msg from Host ID #5 "b'\x00\x00\x00\x00\x05\x00\x00\x00\x07\x05\x00\x0fmoria"The Black Pit"'"
[lothlorien] 	Sending message to an unknown IO device "b'\x01\x00\x00\x00\x04\x00\x00\x00\x00\x00\x02\x00\x00\x00*A machine has already registered with ID 5'"
[lothlorien] 	Received msg from Host ID #6 "b'\x00\x00\x00\x00\x06\x00\x00\x00\x07\x06\x00%edoras"Home of the Golden Hall of Meduseld"'"
[lothlorien] 	Sending message to an unknown IO device "b'\x01\x00\x00\x00\x04\x00\x00\x00\x00\x00\x02\x00\x00\x00*A machine has already registered with ID 6'"
[minastirith] 	Received msg from Host ID #4 "b'\x01\x00\x00\x00\x04\x00\x00\x00\x00\x00\x02\x00\x00\x00*A machine has already registered with ID 7'"
[minastirith] 	Received msg from Host ID #4 "b'\x01\x00\x00\x00\x04\x00\x00\x00\x00\x00\x02\x00\x00\x00*A machine has already registered with ID 2'"
[minastirith] 	Received msg from Host ID #4 "b'\x01\x00\x00\x00\x04\x00\x00\x00\x00\x00\x02\x00\x00\x00*A machine has already registered with ID 1'"
[minastirith] 	Received msg from Host ID #4 "b'\x01\x00\x00\x00\x04\x00\x00\x00\x00\x00\x02\x00\x00\x00*A machine has already registered with ID 3'"
[minastirith] 	Received msg from Host ID #4 "b'\x01\x00\x00\x00\x04\x00\x00\x00\x00\x00\x02\x00\x00\x00*A machine has already registered with ID 5'"
[minastirith] 	Received msg from Host ID #4 "b'\x01\x00\x00\x00\x04\x00\x00\x00\x00\x00\x02\x00\x00\x00*A machine has already registered with ID 6'"
*CMD.........	Starting --id 105 --serverhost minastirith --serverport 34307 --username peregrin --info "Test info" --log-file peregrin.log
[peregrin] 	Launching client peregrin...
*CMD.........	Waiting... 1.0
[peregrin] 	Sending message to b'\x80\x00\x00\x00i\x00\x00\x00\x00\x08\x00\x0bperegrin"Test info"'
[minastirith] 	Received msg from Host ID #105 "b'\x80\x00\x00\x00i\x00\x00\x00\x00\x08\x00\x0bperegrin"Test info"'"
[lothlorien] 	Received msg from Host ID #105 "b'\x80\x00\x00\x00i\x00\x00\x00\x07\x08\x00\x0bperegrin"Test info"'"
[peregrin] 	Received message from Host ID #7 "b'\x01\x00\x00\x00\x07\x00\x00\x00i\x00\x00\x00\x00\x002Welcome to the Clemson Relay Chat network peregrin'"
[rivendale] 	Received msg from Host ID #105 "b'\x80\x00\x00\x00i\x00\x00\x00\x04\x08\x00\x0bperegrin"Test info"'"
[peregrin] 	Received message from Host ID #101 "b'\x80\x00\x00\x00e\x00\x00\x00\x07\x0c\x00\x0bfrodobaggins"Test info"'"
[edoras] 	Received msg from Host ID #105 "b'\x80\x00\x00\x00i\x00\x00\x00\x04\x08\x00\x0bperegrin"Test info"'"
[peregrin] 	Received message from Host ID #102 "b'\x80\x00\x00\x00f\x00\x00\x00\x07\t\x00\x0bsamgamgee"Test info"'"
[theshire] 	Received msg from Host ID #105 "b'\x80\x00\x00\x00i\x00\x00\x00\x02\x08\x00\x0bperegrin"Test info"'"
[elrond] 	Received message from Host ID #105 "b'\x80\x00\x00\x00i\x00\x00\x00\x02\x08\x00\x0bperegrin"Test info"'"
[moria] 	Received msg from Host ID #105 "b'\x80\x00\x00\x00i\x00\x00\x00\x02\x08\x00\x0bperegrin"Test info"'"
[peregrin] 	Received message from Host ID #103 "b'\x80\x00\x00\x00g\x00\x00\x00\x07\x06\x00\x0belrond"Test info"'"
[samgamgee] 	Received message from Host ID #105 "b'\x80\x00\x00\x00i\x00\x00\x00\x01\x08\x00\x0bperegrin"Test info"'"
[grey_havens] 	Received msg from Host ID #105 "b'\x80\x00\x00\x00i\x00\x00\x00\x01\x08\x00\x0bperegrin"Test info"'"
[frodobaggins] 	Received message from Host ID #105 "b'\x80\x00\x00\x00i\x00\x00\x00\x01\x08\x00\x0bperegrin"Test info"'"
[peregrin] 	Received message from Host ID #104 "b'\x80\x00\x00\x00h\x00\x00\x00\x07\x0c\x00\x0bbilbobaggins"Test info"'"
[bilbobaggins] 	Received message from Host ID #105 "b'\x80\x00\x00\x00i\x00\x00\x00\x03\x08\x00\x0bperegrin"Test info"'"
*CMD.........	Starting --id 8 --servername mirkwood --port 34308 --info "Wood of Greenleaves" --log-file mirkwood.log --connect_to_host rivendale --connect_to_port 34302
[mirkwood] 	Launching server mirkwood...
*CMD.........	Waiting... 1.0
[mirkwood] 	Configuring the server socket...
[mirkwood] 	Connecting to remote server rivendale:34302...
[mirkwood] 	Connected to another server
[mirkwood] 	Listening for new connections on port 34308
[rivendale] 	Received msg from Host ID #8 "b'\x00\x00\x00\x00\x08\x00\x00\x00\x00\x08\x00\x15mirkwood"Wood of Greenleaves"'"
[theshire] 	Received msg from Host ID #8 "b'\x00\x00\x00\x00\x08\x00\x00\x00\x02\x08\x00\x15mirkwood"Wood of Greenleaves"'"
[lothlorien] 	Received msg from Host ID #8 "b'\x00\x00\x00\x00\x08\x00\x00\x00\x02\x08\x00\x15mirkwood"Wood of Greenleaves"'"
[mirkwood] 	Received msg from Host ID #2 "b'\x00\x00\x00\x00\x02\x00\x00\x00\x00\t\x00\x0frivendale"Elronds House"'"
[moria] 	Received msg from Host ID #8 "b'\x00\x00\x00\x00\x08\x00\x00\x00\x02\x08\x00\x15mirkwood"Wood of Greenleaves"'"
[grey_havens] 	Received msg from Host ID #8 "b'\x00\x00\x00\x00\x08\x00\x00\x00\x01\x08\x00\x15mirkwood"Wood of Greenleaves"'"
[rivendale] 	Received msg from Host ID #8 "b'\x00\x00\x00\x00\x08\x00\x00\x00\x01\x08\x00\x15mirkwood"Wood of Greenleaves"'"
[edoras] 	Received msg from Host ID #8 "b'\x00\x00\x00\x00\x08\x00\x00\x00\x04\x08\x00\x15mirkwood"Wood of Greenleaves"'"
[minastirith] 	Received msg from Host ID #8 "b'\x00\x00\x00\x00\x08\x00\x00\x00\x04\x08\x00\x15mirkwood"Wood of Greenleaves"'"[mirkwood] 	Received msg from Host ID #1 "b'\x00\x00\x00\x00\x01\x00\x00\x00\x02\x08\x00\x15theshire"Home of the Hobbits"'"

[theshire] 	Received msg from Host ID #8 "b'\x00\x00\x00\x00\x08\x00\x00\x00\x03\x08\x00\x15mirkwood"Wood of Greenleaves"'"
[rivendale] 	Sending message to an unknown IO device "b'\x01\x00\x00\x00\x02\x00\x00\x00\x00\x00\x02\x00\x00\x00*A machine has already registered with ID 8'"
[mirkwood] 	Received msg from Host ID #101 "b'\x80\x00\x00\x00e\x00\x00\x00\x02\x0c\x00\x0bfrodobaggins"Test info"'"
[lothlorien] 	Received msg from Host ID #8 "b'\x00\x00\x00\x00\x08\x00\x00\x00\x06\x08\x00\x15mirkwood"Wood of Greenleaves"'"
[theshire] 	Sending message to an unknown IO device "b'\x01\x00\x00\x00\x01\x00\x00\x00\x00\x00\x02\x00\x00\x00*A machine has already registered with ID 8'"
[mirkwood] 	Received msg from Host ID #3 "b'\x00\x00\x00\x00\x03\x00\x00\x00\x02\x0b\x00\x1cgrey_havens"Gates to the Blessed Realm"'"
[rivendale] 	Received msg from Host ID #8 "b'\x00\x00\x00\x00\x08\x00\x00\x00\x05\x08\x00\x15mirkwood"Wood of Greenleaves"'"
[lothlorien] 	Sending message to an unknown IO device "b'\x01\x00\x00\x00\x04\x00\x00\x00\x00\x00\x02\x00\x00\x00*A machine has already registered with ID 8'"
[grey_havens] 	Received msg from Host ID #1 "b'\x01\x00\x00\x00\x01\x00\x00\x00\x00\x00\x02\x00\x00\x00*A machine has already registered with ID 8'"
[mirkwood] 	Received msg from Host ID #102 "b'\x80\x00\x00\x00f\x00\x00\x00\x02\t\x00\x0bsamgamgee"Test info"'"
[theshire] 	Received msg from Host ID #2 "b'\x01\x00\x00\x00\x02\x00\x00\x00\x00\x00\x02\x00\x00\x00*A machine has already registered with ID 8'"
[rivendale] 	Sending message to an unknown IO device "b'\x01\x00\x00\x00\x02\x00\x00\x00\x00\x00\x02\x00\x00\x00*A machine has already registered with ID 8'"
[edoras] 	Received msg from Host ID #4 "b'\x01\x00\x00\x00\x04\x00\x00\x00\x00\x00\x02\x00\x00\x00*A machine has already registered with ID 8'"
[lothlorien] 	Received msg from Host ID #8 "b'\x00\x00\x00\x00\x08\x00\x00\x00\x07\x08\x00\x15mirkwood"Wood of Greenleaves"'"
[mirkwood] 	Received msg from Host ID #103 "b'\x80\x00\x00\x00g\x00\x00\x00\x02\x06\x00\x0belrond"Test info"'"
[rivendale] 	Received msg from Host ID #8 "b'\x00\x00\x00\x00\x08\x00\x00\x00\x04\x08\x00\x15mirkwood"Wood of Greenleaves"'"
[moria] 	Received msg from Host ID #2 "b'\x01\x00\x00\x00\x02\x00\x00\x00\x00\x00\x02\x00\x00\x00*A machine has already registered with ID 8'"
[lothlorien] 	Sending message to an unknown IO device "b'\x01\x00\x00\x00\x04\x00\x00\x00\x00\x00\x02\x00\x00\x00*A machine has already registered with ID 8'"
[mirkwood] 	Received msg from Host ID #104 "b'\x80\x00\x00\x00h\x00\x00\x00\x02\x0c\x00\x0bbilbobaggins"Test info"'"
[rivendale] 	Sending message to an unknown IO device "b'\x01\x00\x00\x00\x02\x00\x00\x00\x00\x00\x02\x00\x00\x00*A machine has already registered with ID 8'"
[mirkwood] 	Received msg from Host ID #4 "b'\x00\x00\x00\x00\x04\x00\x00\x00\x02\n\x00\x11lothlorien"The Golden Wood"'"
[lothlorien] 	Received msg from Host ID #2 "b'\x01\x00\x00\x00\x02\x00\x00\x00\x00\x00\x02\x00\x00\x00*A machine has already registered with ID 8'"
[minastirith] 	Received msg from Host ID #4 "b'\x01\x00\x00\x00\x04\x00\x00\x00\x00\x00\x02\x00\x00\x00*A machine has already registered with ID 8'"
[mirkwood] 	Received msg from Host ID #5 "b'\x00\x00\x00\x00\x05\x00\x00\x00\x02\x05\x00\x0fmoria"The Black Pit"'"
[mirkwood] 	Received msg from Host ID #6 "b'\x00\x00\x00\x00\x06\x00\x00\x00\x02\x06\x00%edoras"Home of the Golden Hall of Meduseld"'"
[mirkwood] 	Received msg from Host ID #7 "b'\x00\x00\x00\x00\x07\x00\x00\x00\x02\x0b\x00\x10minastirith"Tower of Guard"'"
[mirkwood] 	Received msg from Host ID #105 "b'\x80\x00\x00\x00i\x00\x00\x00\x02\x08\x00\x0bperegrin"Test info"'"
[rivendale] 	Received msg from Host ID #8 "b'\x00\x00\x00\x00\x08\x00\x00\x00\x00\x08\x00\x15mirkwood"Wood of Greenleaves"'"
[rivendale] 	Sending message to an unknown IO device "b'\x01\x00\x00\x00\x02\x00\x00\x00\x00\x00\x02\x00\x00\x00*A machine has already registered with ID 8'"
[rivendale] 	Received msg from Host ID #1 "b'\x00\x00\x00\x00\x01\x00\x00\x00\x08\x08\x00\x15theshire"Home of the Hobbits"'"
[rivendale] 	Sending message to an unknown IO device "b'\x01\x00\x00\x00\x02\x00\x00\x00\x00\x00\x02\x00\x00\x00*A machine has already registered with ID 1'"
[rivendale] 	Received msg from Host ID #3 "b'\x00\x00\x00\x00\x03\x00\x00\x00\x08\x0b\x00\x1cgrey_havens"Gates to the Blessed Realm"'"
[rivendale] 	Sending message to an unknown IO device "b'\x01\x00\x00\x00\x02\x00\x00\x00\x00\x00\x02\x00\x00\x00*A machine has already registered with ID 3'"
[rivendale] 	Received msg from Host ID #4 "b'\x00\x00\x00\x00\x04\x00\x00\x00\x08\n\x00\x11lothlorien"The Golden Wood"'"
[rivendale] 	Sending message to an unknown IO device "b'\x01\x00\x00\x00\x02\x00\x00\x00\x00\x00\x02\x00\x00\x00*A machine has already registered with ID 4'"
[rivendale] 	Received msg from Host ID #5 "b'\x00\x00\x00\x00\x05\x00\x00\x00\x08\x05\x00\x0fmoria"The Black Pit"'"
[rivendale] 	Sending message to an unknown IO device "b'\x01\x00\x00\x00\x02\x00\x00\x00\x00\x00\x02\x00\x00\x00*A machine has already registered with ID 5'"
[rivendale] 	Received msg from Host ID #6 "b'\x00\x00\x00\x00\x06\x00\x00\x00\x08\x06\x00%edoras"Home of the Golden Hall of Meduseld"'"
[rivendale] 	Sending message to an unknown IO device "b'\x01\x00\x00\x00\x02\x00\x00\x00\x00\x00\x02\x00\x00\x00*A machine has already registered with ID 6'"
[rivendale] 	Received msg from Host ID #7 "b'\x00\x00\x00\x00\x07\x00\x00\x00\x08\x0b\x00\x10minastirith"Tower of Guard"'"
[rivendale] 	Sending message to an unknown IO device "b'\x01\x00\x00\x00\x02\x00\x00\x00\x00\x00\x02\x00\x00\x00*A machine has already registered with ID 7'"
[mirkwood] 	Received msg from Host ID #2 "b'\x01\x00\x00\x00\x02\x00\x00\x00\x00\x00\x02\x00\x00\x00*A machine has already registered with ID 8'"
[mirkwood] 	Received msg from Host ID #2 "b'\x01\x00\x00\x00\x02\x00\x00\x00\x00\x00\x02\x00\x00\x00*A machine has already registered with ID 1'"
[mirkwood] 	Received msg from Host ID #2 "b'\x01\x00\x00\x00\x02\x00\x00\x00\x00\x00\x02\x00\x00\x00*A machine has already registered with ID 3'"
[mirkwood] 	Received msg from Host ID #2 "b'\x01\x00\x00\x00\x02\x00\x00\x00\x00\x00\x02\x00\x00\x00*A machine has already registered with ID 4'"
[mirkwood] 	Received msg from Host ID #2 "b'\x01\x00\x00\x00\x02\x00\x00\x00\x00\x00\x02\x00\x00\x00*A machine has already registered with ID 5'"
[mirkwood] 	Received msg from Host ID #2 "b'\x01\x00\x00\x00\x02\x00\x00\x00\x00\x00\x02\x00\x00\x00*A machine has already registered with ID 6'"
[mirkwood] 	Received msg from Host ID #2 "b'\x01\x00\x00\x00\x02\x00\x00\x00\x00\x00\x02\x00\x00\x00*A machine has already registered with ID 7'"
*CMD.........	Starting --id 106 --serverhost edoras --serverport 34306 --username meriadoc --info "Test info" --log-file meriadoc.log
[meriadoc] 	Launching client meriadoc...
*CMD.........	Waiting... 1.0
[meriadoc] 	Sending message to b'\x80\x00\x00\x00j\x00\x00\x00\x00\x08\x00\x0bmeriadoc"Test info"'
[edoras] 	Received msg from Host ID #106 "b'\x80\x00\x00\x00j\x00\x00\x00\x00\x08\x00\x0bmeriadoc"Test info"'"
[lothlorien] 	Received msg from Host ID #106 "b'\x80\x00\x00\x00j\x00\x00\x00\x06\x08\x00\x0bmeriadoc"Test info"'"
[meriadoc] 	Received message from Host ID #6 "b'\x01\x00\x00\x00\x06\x00\x00\x00j\x00\x00\x00\x00\x002Welcome to the Clemson Relay Chat network meriadoc'"
[minastirith] 	Received msg from Host ID #106 "b'\x80\x00\x00\x00j\x00\x00\x00\x04\x08\x00\x0bmeriadoc"Test info"'"
[meriadoc] 	Received message from Host ID #101 "b'\x80\x00\x00\x00e\x00\x00\x00\x06\x0c\x00\x0bfrodobaggins"Test info"'"
[rivendale] 	Received msg from Host ID #106 "b'\x80\x00\x00\x00j\x00\x00\x00\x04\x08\x00\x0bmeriadoc"Test info"'"
[peregrin] 	Received message from Host ID #106 "b'\x80\x00\x00\x00j\x00\x00\x00\x07\x08\x00\x0bmeriadoc"Test info"'"
[meriadoc] 	Received message from Host ID #102 "b'\x80\x00\x00\x00f\x00\x00\x00\x06\t\x00\x0bsamgamgee"Test info"'"
[elrond] 	Received message from Host ID #106 "b'\x80\x00\x00\x00j\x00\x00\x00\x02\x08\x00\x0bmeriadoc"Test info"'"
[theshire] 	Received msg from Host ID #106 "b'\x80\x00\x00\x00j\x00\x00\x00\x02\x08\x00\x0bmeriadoc"Test info"'"
[mirkwood] 	Received msg from Host ID #106 "b'\x80\x00\x00\x00j\x00\x00\x00\x02\x08\x00\x0bmeriadoc"Test info"'"
[moria] 	Received msg from Host ID #106 "b'\x80\x00\x00\x00j\x00\x00\x00\x02\x08\x00\x0bmeriadoc"Test info"'"
[meriadoc] 	Received message from Host ID #103 "b'\x80\x00\x00\x00g\x00\x00\x00\x06\x06\x00\x0belrond"Test info"'"
[samgamgee] 	Received message from Host ID #106 "b'\x80\x00\x00\x00j\x00\x00\x00\x01\x08\x00\x0bmeriadoc"Test info"'"
[frodobaggins] 	Received message from Host ID #106 "b'\x80\x00\x00\x00j\x00\x00\x00\x01\x08\x00\x0bmeriadoc"Test info"'"
[grey_havens] 	Received msg from Host ID #106 "b'\x80\x00\x00\x00j\x00\x00\x00\x01\x08\x00\x0bmeriadoc"Test info"'"
[meriadoc] 	Received message from Host ID #104 "b'\x80\x00\x00\x00h\x00\x00\x00\x06\x0c\x00\x0bbilbobaggins"Test info"'"
[meriadoc] 	Received message from Host ID #105 "b'\x80\x00\x00\x00i\x00\x00\x00\x06\x08\x00\x0bperegrin"Test info"'"
[bilbobaggins] 	Received message from Host ID #106 "b'\x80\x00\x00\x00j\x00\x00\x00\x03\x08\x00\x0bmeriadoc"Test info"'"
*CMD.........	Starting --id 9 --servername isengard --port 34309 --info "Angrenost, The Iron Fortres" --log-file isengard.log --connect_to_host edoras --connect_to_port 34306
[isengard] 	Launching server isengard...
*CMD.........	Waiting... 1.0
[isengard] 	Configuring the server socket...
[isengard] 	Connecting to remote server edoras:34306...
[isengard] 	Connected to another server
[isengard] 	Listening for new connections on port 34309
[edoras] 	Received msg from Host ID #9 "b'\x00\x00\x00\x00\t\x00\x00\x00\x00\x08\x00\x1disengard"Angrenost, The Iron Fortres"'"
[lothlorien] 	Received msg from Host ID #9 "b'\x00\x00\x00\x00\t\x00\x00\x00\x06\x08\x00\x1disengard"Angrenost, The Iron Fortres"'"
[isengard] 	Received msg from Host ID #6 "b'\x00\x00\x00\x00\x06\x00\x00\x00\x00\x06\x00%edoras"Home of the Golden Hall of Meduseld"'"
[edoras] 	Received msg from Host ID #9 "b'\x00\x00\x00\x00\t\x00\x00\x00\x04\x08\x00\x1disengard"Angrenost, The Iron Fortres"'"
[rivendale] 	Received msg from Host ID #9 "b'\x00\x00\x00\x00\t\x00\x00\x00\x04\x08\x00\x1disengard"Angrenost, The Iron Fortres"'"
[minastirith] 	Received msg from Host ID #9 "b'\x00\x00\x00\x00\t\x00\x00\x00\x04\x08\x00\x1disengard"Angrenost, The Iron Fortres"'"[isengard] 	Received msg from Host ID #4 "b'\x00\x00\x00\x00\x04\x00\x00\x00\x06\n\x00\x11lothlorien"The Golden Wood"'"

[edoras] 	Sending message to an unknown IO device "b'\x01\x00\x00\x00\x06\x00\x00\x00\x00\x00\x02\x00\x00\x00*A machine has already registered with ID 9'"
[theshire] 	Received msg from Host ID #9 "b'\x00\x00\x00\x00\t\x00\x00\x00\x02\x08\x00\x1disengard"Angrenost, The Iron Fortres"'"
[isengard] 	Received msg from Host ID #2 "b'\x00\x00\x00\x00\x02\x00\x00\x00\x06\t\x00\x0frivendale"Elronds House"'"
[mirkwood] 	Received msg from Host ID #9 "b'\x00\x00\x00\x00\t\x00\x00\x00\x02\x08\x00\x1disengard"Angrenost, The Iron Fortres"'"
[lothlorien] 	Received msg from Host ID #9 "b'\x00\x00\x00\x00\t\x00\x00\x00\x02\x08\x00\x1disengard"Angrenost, The Iron Fortres"'"[moria] 	Received msg from Host ID #9 "b'\x00\x00\x00\x00\t\x00\x00\x00\x02\x08\x00\x1disengard"Angrenost, The Iron Fortres"'"
[grey_havens] 	Received msg from Host ID #9 "b'\x00\x00\x00\x00\t\x00\x00\x00\x01\x08\x00\x1disengard"Angrenost, The Iron Fortres"'"
[isengard] 	Received msg from Host ID #1 "b'\x00\x00\x00\x00\x01\x00\x00\x00\x06\x08\x00\x15theshire"Home of the Hobbits"'"

[rivendale] 	Received msg from Host ID #9 "b'\x00\x00\x00\x00\t\x00\x00\x00\x01\x08\x00\x1disengard"Angrenost, The Iron Fortres"'"
[lothlorien] 	Sending message to an unknown IO device "b'\x01\x00\x00\x00\x04\x00\x00\x00\x00\x00\x02\x00\x00\x00*A machine has already registered with ID 9'"
[theshire] 	Received msg from Host ID #9 "b'\x00\x00\x00\x00\t\x00\x00\x00\x03\x08\x00\x1disengard"Angrenost, The Iron Fortres"'"
[isengard] 	Received msg from Host ID #101 "b'\x80\x00\x00\x00e\x00\x00\x00\x06\x0c\x00\x0bfrodobaggins"Test info"'"
[rivendale] 	Sending message to an unknown IO device "b'\x01\x00\x00\x00\x02\x00\x00\x00\x00\x00\x02\x00\x00\x00*A machine has already registered with ID 9'"
[theshire] 	Sending message to an unknown IO device "b'\x01\x00\x00\x00\x01\x00\x00\x00\x00\x00\x02\x00\x00\x00*A machine has already registered with ID 9'"
[lothlorien] 	Received msg from Host ID #9 "b'\x00\x00\x00\x00\t\x00\x00\x00\x07\x08\x00\x1disengard"Angrenost, The Iron Fortres"'"
[isengard] 	Received msg from Host ID #3 "b'\x00\x00\x00\x00\x03\x00\x00\x00\x06\x0b\x00\x1cgrey_havens"Gates to the Blessed Realm"'"
[rivendale] 	Received msg from Host ID #4 "b'\x01\x00\x00\x00\x04\x00\x00\x00\x00\x00\x02\x00\x00\x00*A machine has already registered with ID 9'"
[theshire] 	Received msg from Host ID #2 "b'\x01\x00\x00\x00\x02\x00\x00\x00\x00\x00\x02\x00\x00\x00*A machine has already registered with ID 9'"
[grey_havens] 	Received msg from Host ID #1 "b'\x01\x00\x00\x00\x01\x00\x00\x00\x00\x00\x02\x00\x00\x00*A machine has already registered with ID 9'"
[lothlorien] 	Sending message to an unknown IO device "b'\x01\x00\x00\x00\x04\x00\x00\x00\x00\x00\x02\x00\x00\x00*A machine has already registered with ID 9'"
[isengard] 	Received msg from Host ID #102 "b'\x80\x00\x00\x00f\x00\x00\x00\x06\t\x00\x0bsamgamgee"Test info"'"
[rivendale] 	Received msg from Host ID #9 "b'\x00\x00\x00\x00\t\x00\x00\x00\x05\x08\x00\x1disengard"Angrenost, The Iron Fortres"'"
[isengard] 	Received msg from Host ID #103 "b'\x80\x00\x00\x00g\x00\x00\x00\x06\x06\x00\x0belrond"Test info"'"
[minastirith] 	Received msg from Host ID #4 "b'\x01\x00\x00\x00\x04\x00\x00\x00\x00\x00\x02\x00\x00\x00*A machine has already registered with ID 9'"
[rivendale] 	Sending message to an unknown IO device "b'\x01\x00\x00\x00\x02\x00\x00\x00\x00\x00\x02\x00\x00\x00*A machine has already registered with ID 9'"
[lothlorien] 	Received msg from Host ID #6 "b'\x01\x00\x00\x00\x06\x00\x00\x00\x00\x00\x02\x00\x00\x00*A machine has already registered with ID 9'"
[isengard] 	Received msg from Host ID #104 "b'\x80\x00\x00\x00h\x00\x00\x00\x06\x0c\x00\x0bbilbobaggins"Test info"'"
[rivendale] 	Received msg from Host ID #9 "b'\x00\x00\x00\x00\t\x00\x00\x00\x08\x08\x00\x1disengard"Angrenost, The Iron Fortres"'"
[moria] 	Received msg from Host ID #2 "b'\x01\x00\x00\x00\x02\x00\x00\x00\x00\x00\x02\x00\x00\x00*A machine has already registered with ID 9'"
[isengard] 	Received msg from Host ID #5 "b'\x00\x00\x00\x00\x05\x00\x00\x00\x06\x05\x00\x0fmoria"The Black Pit"'"
[rivendale] 	Sending message to an unknown IO device "b'\x01\x00\x00\x00\x02\x00\x00\x00\x00\x00\x02\x00\x00\x00*A machine has already registered with ID 9'"
[isengard] 	Received msg from Host ID #7 "b'\x00\x00\x00\x00\x07\x00\x00\x00\x06\x0b\x00\x10minastirith"Tower of Guard"'"
[mirkwood] 	Received msg from Host ID #2 "b'\x01\x00\x00\x00\x02\x00\x00\x00\x00\x00\x02\x00\x00\x00*A machine has already registered with ID 9'"
[isengard] 	Received msg from Host ID #105 "b'\x80\x00\x00\x00i\x00\x00\x00\x06\x08\x00\x0bperegrin"Test info"'"
[isengard] 	Received msg from Host ID #8 "b'\x00\x00\x00\x00\x08\x00\x00\x00\x06\x08\x00\x15mirkwood"Wood of Greenleaves"'"
[isengard] 	Received msg from Host ID #106 "b'\x80\x00\x00\x00j\x00\x00\x00\x06\x08\x00\x0bmeriadoc"Test info"'"
[edoras] 	Received msg from Host ID #9 "b'\x00\x00\x00\x00\t\x00\x00\x00\x00\x08\x00\x1disengard"Angrenost, The Iron Fortres"'"
[edoras] 	Sending message to an unknown IO device "b'\x01\x00\x00\x00\x06\x00\x00\x00\x00\x00\x02\x00\x00\x00*A machine has already registered with ID 9'"
[edoras] 	Received msg from Host ID #4 "b'\x00\x00\x00\x00\x04\x00\x00\x00\t\n\x00\x11lothlorien"The Golden Wood"'"
[edoras] 	Sending message to an unknown IO device "b'\x01\x00\x00\x00\x06\x00\x00\x00\x00\x00\x02\x00\x00\x00*A machine has already registered with ID 4'"
[edoras] 	Received msg from Host ID #2 "b'\x00\x00\x00\x00\x02\x00\x00\x00\t\t\x00\x0frivendale"Elronds House"'"
[edoras] 	Sending message to an unknown IO device "b'\x01\x00\x00\x00\x06\x00\x00\x00\x00\x00\x02\x00\x00\x00*A machine has already registered with ID 2'"
[edoras] 	Received msg from Host ID #1 "b'\x00\x00\x00\x00\x01\x00\x00\x00\t\x08\x00\x15theshire"Home of the Hobbits"'"
[edoras] 	Sending message to an unknown IO device "b'\x01\x00\x00\x00\x06\x00\x00\x00\x00\x00\x02\x00\x00\x00*A machine has already registered with ID 1'"
[edoras] 	Received msg from Host ID #3 "b'\x00\x00\x00\x00\x03\x00\x00\x00\t\x0b\x00\x1cgrey_havens"Gates to the Blessed Realm"'"
[edoras] 	Sending message to an unknown IO device "b'\x01\x00\x00\x00\x06\x00\x00\x00\x00\x00\x02\x00\x00\x00*A machine has already registered with ID 3'"
[edoras] 	Received msg from Host ID #5 "b'\x00\x00\x00\x00\x05\x00\x00\x00\t\x05\x00\x0fmoria"The Black Pit"'"
[edoras] 	Sending message to an unknown IO device "b'\x01\x00\x00\x00\x06\x00\x00\x00\x00\x00\x02\x00\x00\x00*A machine has already registered with ID 5'"
[edoras] 	Received msg from Host ID #7 "b'\x00\x00\x00\x00\x07\x00\x00\x00\t\x0b\x00\x10minastirith"Tower of Guard"'"
[edoras] 	Sending message to an unknown IO device "b'\x01\x00\x00\x00\x06\x00\x00\x00\x00\x00\x02\x00\x00\x00*A machine has already registered with ID 7'"
[edoras] 	Received msg from Host ID #8 "b'\x00\x00\x00\x00\x08\x00\x00\x00\t\x08\x00\x15mirkwood"Wood of Greenleaves"'"
[edoras] 	Sending message to an unknown IO device "b'\x01\x00\x00\x00\x06\x00\x00\x00\x00\x00\x02\x00\x00\x00*A machine has already registered with ID 8'"
[isengard] 	Received msg from Host ID #6 "b'\x01\x00\x00\x00\x06\x00\x00\x00\x00\x00\x02\x00\x00\x00*A machine has already registered with ID 9'"
[isengard] 	Received msg from Host ID #6 "b'\x01\x00\x00\x00\x06\x00\x00\x00\x00\x00\x02\x00\x00\x00*A machine has already registered with ID 4'"
[isengard] 	Received msg from Host ID #6 "b'\x01\x00\x00\x00\x06\x00\x00\x00\x00\x00\x02\x00\x00\x00*A machine has already registered with ID 2'"
[isengard] 	Received msg from Host ID #6 "b'\x01\x00\x00\x00\x06\x00\x00\x00\x00\x00\x02\x00\x00\x00*A machine has already registered with ID 1'"
[isengard] 	Received msg from Host ID #6 "b'\x01\x00\x00\x00\x06\x00\x00\x00\x00\x00\x02\x00\x00\x00*A machine has already registered with ID 3'"
[isengard] 	Received msg from Host ID #6 "b'\x01\x00\x00\x00\x06\x00\x00\x00\x00\x00\x02\x00\x00\x00*A machine has already registered with ID 5'"
[isengard] 	Received msg from Host ID #6 "b'\x01\x00\x00\x00\x06\x00\x00\x00\x00\x00\x02\x00\x00\x00*A machine has already registered with ID 7'"
[isengard] 	Received msg from Host ID #6 "b'\x01\x00\x00\x00\x06\x00\x00\x00\x00\x00\x02\x00\x00\x00*A machine has already registered with ID 8'"
*CMD.........	Starting --id 10 --servername osgiliath --port 34310 --info "Citadel of the Stars" --log-file osgiliath.log --connect_to_host minastirith --connect_to_port 34304
[osgiliath] 	Launching server osgiliath...
*CMD.........	Waiting... 1.0
[osgiliath] 	Configuring the server socket...
[osgiliath] 	Connecting to remote server minastirith:34304...
[osgiliath] 	Connected to another server
[osgiliath] 	Listening for new connections on port 34310
[lothlorien] 	Received msg from Host ID #10 "b'\x00\x00\x00\x00\n\x00\x00\x00\x00\t\x00\x16osgiliath"Citadel of the Stars"'"
[edoras] 	Received msg from Host ID #10 "b'\x00\x00\x00\x00\n\x00\x00\x00\x04\t\x00\x16osgiliath"Citadel of the Stars"'"
[minastirith] 	Received msg from Host ID #10 "b'\x00\x00\x00\x00\n\x00\x00\x00\x04\t\x00\x16osgiliath"Citadel of the Stars"'"
[rivendale] 	Received msg from Host ID #10 "b'\x00\x00\x00\x00\n\x00\x00\x00\x04\t\x00\x16osgiliath"Citadel of the Stars"'"
[osgiliath] 	Received msg from Host ID #4 "b'\x00\x00\x00\x00\x04\x00\x00\x00\x00\n\x00\x11lothlorien"The Golden Wood"'"
[lothlorien] 	Received msg from Host ID #10 "b'\x00\x00\x00\x00\n\x00\x00\x00\x06\t\x00\x16osgiliath"Citadel of the Stars"'"
[isengard] 	Received msg from Host ID #10 "b'\x00\x00\x00\x00\n\x00\x00\x00\x06\t\x00\x16osgiliath"Citadel of the Stars"'"
[osgiliath] 	Received msg from Host ID #2 "b'\x00\x00\x00\x00\x02\x00\x00\x00\x04\t\x00\x0frivendale"Elronds House"'"
[theshire] 	Received msg from Host ID #10 "b'\x00\x00\x00\x00\n\x00\x00\x00\x02\t\x00\x16osgiliath"Citadel of the Stars"'"
[mirkwood] 	Received msg from Host ID #10 "b'\x00\x00\x00\x00\n\x00\x00\x00\x02\t\x00\x16osgiliath"Citadel of the Stars"'"
[moria] 	Received msg from Host ID #10 "b'\x00\x00\x00\x00\n\x00\x00\x00\x02\t\x00\x16osgiliath"Citadel of the Stars"'"
[lothlorien] 	Sending message to an unknown IO device "b'\x01\x00\x00\x00\x04\x00\x00\x00\x00\x00\x02\x00\x00\x00+A machine has already registered with ID 10'"
[edoras] 	Received msg from Host ID #10 "b'\x00\x00\x00\x00\n\x00\x00\x00\t\t\x00\x16osgiliath"Citadel of the Stars"'"
[osgiliath] 	Received msg from Host ID #1 "b'\x00\x00\x00\x00\x01\x00\x00\x00\x04\x08\x00\x15theshire"Home of the Hobbits"'"
[rivendale] 	Received msg from Host ID #10 "b'\x00\x00\x00\x00\n\x00\x00\x00\x01\t\x00\x16osgiliath"Citadel of the Stars"'"
[grey_havens] 	Received msg from Host ID #10 "b'\x00\x00\x00\x00\n\x00\x00\x00\x01\t\x00\x16osgiliath"Citadel of the Stars"'"
[edoras] 	Sending message to an unknown IO device "b'\x01\x00\x00\x00\x06\x00\x00\x00\x00\x00\x02\x00\x00\x00+A machine has already registered with ID 10'"
[osgiliath] 	Received msg from Host ID #101 "b'\x80\x00\x00\x00e\x00\x00\x00\x04\x0c\x00\x0bfrodobaggins"Test info"'"
[lothlorien] 	Received msg from Host ID #10 "b'\x00\x00\x00\x00\n\x00\x00\x00\x07\t\x00\x16osgiliath"Citadel of the Stars"'"
[rivendale] 	Sending message to an unknown IO device "b'\x01\x00\x00\x00\x02\x00\x00\x00\x00\x00\x02\x00\x00\x00+A machine has already registered with ID 10'"
[theshire] 	Received msg from Host ID #10 "b'\x00\x00\x00\x00\n\x00\x00\x00\x03\t\x00\x16osgiliath"Citadel of the Stars"'"
[edoras] 	Received msg from Host ID #4 "b'\x01\x00\x00\x00\x04\x00\x00\x00\x00\x00\x02\x00\x00\x00+A machine has already registered with ID 10'"
[osgiliath] 	Received msg from Host ID #3 "b'\x00\x00\x00\x00\x03\x00\x00\x00\x04\x0b\x00\x1cgrey_havens"Gates to the Blessed Realm"'"
[isengard] 	Received msg from Host ID #6 "b'\x01\x00\x00\x00\x06\x00\x00\x00\x00\x00\x02\x00\x00\x00+A machine has already registered with ID 10'"[lothlorien] 	Sending message to an unknown IO device "b'\x01\x00\x00\x00\x04\x00\x00\x00\x00\x00\x02\x00\x00\x00+A machine has already registered with ID 10'"

[theshire] 	Sending message to an unknown IO device "b'\x01\x00\x00\x00\x01\x00\x00\x00\x00\x00\x02\x00\x00\x00+A machine has already registered with ID 10'"
[rivendale] 	Received msg from Host ID #10 "b'\x00\x00\x00\x00\n\x00\x00\x00\x05\t\x00\x16osgiliath"Citadel of the Stars"'"
[osgiliath] 	Received msg from Host ID #102 "b'\x80\x00\x00\x00f\x00\x00\x00\x04\t\x00\x0bsamgamgee"Test info"'"
[lothlorien] 	Received msg from Host ID #10 "b'\x00\x00\x00\x00\n\x00\x00\x00\x02\t\x00\x16osgiliath"Citadel of the Stars"'"
[minastirith] 	Received msg from Host ID #4 "b'\x01\x00\x00\x00\x04\x00\x00\x00\x00\x00\x02\x00\x00\x00+A machine has already registered with ID 10'"
[theshire] 	Received msg from Host ID #2 "b'\x01\x00\x00\x00\x02\x00\x00\x00\x00\x00\x02\x00\x00\x00+A machine has already registered with ID 10'"
[grey_havens] 	Received msg from Host ID #1 "b'\x01\x00\x00\x00\x01\x00\x00\x00\x00\x00\x02\x00\x00\x00+A machine has already registered with ID 10'"
[osgiliath] 	Received msg from Host ID #103 "b'\x80\x00\x00\x00g\x00\x00\x00\x04\x06\x00\x0belrond"Test info"'"[rivendale] 	Sending message to an unknown IO device "b'\x01\x00\x00\x00\x02\x00\x00\x00\x00\x00\x02\x00\x00\x00+A machine has already registered with ID 10'"

[lothlorien] 	Sending message to an unknown IO device "b'\x01\x00\x00\x00\x04\x00\x00\x00\x00\x00\x02\x00\x00\x00+A machine has already registered with ID 10'"
[rivendale] 	Received msg from Host ID #10 "b'\x00\x00\x00\x00\n\x00\x00\x00\x08\t\x00\x16osgiliath"Citadel of the Stars"'"
[osgiliath] 	Received msg from Host ID #104 "b'\x80\x00\x00\x00h\x00\x00\x00\x04\x0c\x00\x0bbilbobaggins"Test info"'"
[moria] 	Received msg from Host ID #2 "b'\x01\x00\x00\x00\x02\x00\x00\x00\x00\x00\x02\x00\x00\x00+A machine has already registered with ID 10'"
[rivendale] 	Sending message to an unknown IO device "b'\x01\x00\x00\x00\x02\x00\x00\x00\x00\x00\x02\x00\x00\x00+A machine has already registered with ID 10'"
[osgiliath] 	Received msg from Host ID #5 "b'\x00\x00\x00\x00\x05\x00\x00\x00\x04\x05\x00\x0fmoria"The Black Pit"'"
[mirkwood] 	Received msg from Host ID #2 "b'\x01\x00\x00\x00\x02\x00\x00\x00\x00\x00\x02\x00\x00\x00+A machine has already registered with ID 10'"
[rivendale] 	Received msg from Host ID #4 "b'\x01\x00\x00\x00\x04\x00\x00\x00\x00\x00\x02\x00\x00\x00+A machine has already registered with ID 10'"
[osgiliath] 	Received msg from Host ID #6 "b'\x00\x00\x00\x00\x06\x00\x00\x00\x04\x06\x00%edoras"Home of the Golden Hall of Meduseld"'"
[osgiliath] 	Received msg from Host ID #7 "b'\x00\x00\x00\x00\x07\x00\x00\x00\x04\x0b\x00\x10minastirith"Tower of Guard"'"
[osgiliath] 	Received msg from Host ID #105 "b'\x80\x00\x00\x00i\x00\x00\x00\x04\x08\x00\x0bperegrin"Test info"'"
[osgiliath] 	Received msg from Host ID #8 "b'\x00\x00\x00\x00\x08\x00\x00\x00\x04\x08\x00\x15mirkwood"Wood of Greenleaves"'"
[osgiliath] 	Received msg from Host ID #106 "b'\x80\x00\x00\x00j\x00\x00\x00\x04\x08\x00\x0bmeriadoc"Test info"'"
[osgiliath] 	Received msg from Host ID #9 "b'\x00\x00\x00\x00\t\x00\x00\x00\x04\x08\x00\x1disengard"Angrenost, The Iron Fortres"'"
[lothlorien] 	Received msg from Host ID #10 "b'\x00\x00\x00\x00\n\x00\x00\x00\x00\t\x00\x16osgiliath"Citadel of the Stars"'"
[lothlorien] 	Sending message to an unknown IO device "b'\x01\x00\x00\x00\x04\x00\x00\x00\x00\x00\x02\x00\x00\x00+A machine has already registered with ID 10'"
[lothlorien] 	Received msg from Host ID #2 "b'\x00\x00\x00\x00\x02\x00\x00\x00\n\t\x00\x0frivendale"Elronds House"'"
[lothlorien] 	Sending message to an unknown IO device "b'\x01\x00\x00\x00\x04\x00\x00\x00\x00\x00\x02\x00\x00\x00*A machine has already registered with ID 2'"
[lothlorien] 	Received msg from Host ID #1 "b'\x00\x00\x00\x00\x01\x00\x00\x00\n\x08\x00\x15theshire"Home of the Hobbits"'"
[lothlorien] 	Sending message to an unknown IO device "b'\x01\x00\x00\x00\x04\x00\x00\x00\x00\x00\x02\x00\x00\x00*A machine has already registered with ID 1'"
[lothlorien] 	Received msg from Host ID #3 "b'\x00\x00\x00\x00\x03\x00\x00\x00\n\x0b\x00\x1cgrey_havens"Gates to the Blessed Realm"'"
[lothlorien] 	Sending message to an unknown IO device "b'\x01\x00\x00\x00\x04\x00\x00\x00\x00\x00\x02\x00\x00\x00*A machine has already registered with ID 3'"
[lothlorien] 	Received msg from Host ID #5 "b'\x00\x00\x00\x00\x05\x00\x00\x00\n\x05\x00\x0fmoria"The Black Pit"'"
[lothlorien] 	Sending message to an unknown IO device "b'\x01\x00\x00\x00\x04\x00\x00\x00\x00\x00\x02\x00\x00\x00*A machine has already registered with ID 5'"
[lothlorien] 	Received msg from Host ID #6 "b'\x00\x00\x00\x00\x06\x00\x00\x00\n\x06\x00%edoras"Home of the Golden Hall of Meduseld"'"
[lothlorien] 	Sending message to an unknown IO device "b'\x01\x00\x00\x00\x04\x00\x00\x00\x00\x00\x02\x00\x00\x00*A machine has already registered with ID 6'"
[lothlorien] 	Received msg from Host ID #7 "b'\x00\x00\x00\x00\x07\x00\x00\x00\n\x0b\x00\x10minastirith"Tower of Guard"'"
[lothlorien] 	Sending message to an unknown IO device "b'\x01\x00\x00\x00\x04\x00\x00\x00\x00\x00\x02\x00\x00\x00*A machine has already registered with ID 7'"
[lothlorien] 	Received msg from Host ID #8 "b'\x00\x00\x00\x00\x08\x00\x00\x00\n\x08\x00\x15mirkwood"Wood of Greenleaves"'"
[lothlorien] 	Sending message to an unknown IO device "b'\x01\x00\x00\x00\x04\x00\x00\x00\x00\x00\x02\x00\x00\x00*A machine has already registered with ID 8'"
[lothlorien] 	Received msg from Host ID #9 "b'\x00\x00\x00\x00\t\x00\x00\x00\n\x08\x00\x1disengard"Angrenost, The Iron Fortres"'"
[lothlorien] 	Sending message to an unknown IO device "b'\x01\x00\x00\x00\x04\x00\x00\x00\x00\x00\x02\x00\x00\x00*A machine has already registered with ID 9'"
[osgiliath] 	Received msg from Host ID #4 "b'\x01\x00\x00\x00\x04\x00\x00\x00\x00\x00\x02\x00\x00\x00+A machine has already registered with ID 10'"
[osgiliath] 	Received msg from Host ID #4 "b'\x01\x00\x00\x00\x04\x00\x00\x00\x00\x00\x02\x00\x00\x00*A machine has already registered with ID 2'"
[osgiliath] 	Received msg from Host ID #4 "b'\x01\x00\x00\x00\x04\x00\x00\x00\x00\x00\x02\x00\x00\x00*A machine has already registered with ID 1'"
[osgiliath] 	Received msg from Host ID #4 "b'\x01\x00\x00\x00\x04\x00\x00\x00\x00\x00\x02\x00\x00\x00*A machine has already registered with ID 3'"
[osgiliath] 	Received msg from Host ID #4 "b'\x01\x00\x00\x00\x04\x00\x00\x00\x00\x00\x02\x00\x00\x00*A machine has already registered with ID 5'"
[osgiliath] 	Received msg from Host ID #4 "b'\x01\x00\x00\x00\x04\x00\x00\x00\x00\x00\x02\x00\x00\x00*A machine has already registered with ID 6'"
[osgiliath] 	Received msg from Host ID #4 "b'\x01\x00\x00\x00\x04\x00\x00\x00\x00\x00\x02\x00\x00\x00*A machine has already registered with ID 7'"
[osgiliath] 	Received msg from Host ID #4 "b'\x01\x00\x00\x00\x04\x00\x00\x00\x00\x00\x02\x00\x00\x00*A machine has already registered with ID 8'"
[osgiliath] 	Received msg from Host ID #4 "b'\x01\x00\x00\x00\x04\x00\x00\x00\x00\x00\x02\x00\x00\x00*A machine has already registered with ID 9'"
*CMD.........	Starting --id 11 --servername barad-dur --port 34311 --info "The Dark Tower" --log-file barad-dur.log --connect_to_host minastirith --connect_to_port 34304
[barad-dur] 	Launching server barad-dur...
*CMD.........	Waiting... 2.0
[barad-dur] 	Configuring the server socket...
[barad-dur] 	Connecting to remote server minastirith:34304...
[barad-dur] 	Connected to another server
[barad-dur] 	Listening for new connections on port 34311
[lothlorien] 	Received msg from Host ID #11 "b'\x00\x00\x00\x00\x0b\x00\x00\x00\x00\t\x00\x10barad-dur"The Dark Tower"'"
[edoras] 	Received msg from Host ID #11 "b'\x00\x00\x00\x00\x0b\x00\x00\x00\x04\t\x00\x10barad-dur"The Dark Tower"'"
[rivendale] 	Received msg from Host ID #11 "b'\x00\x00\x00\x00\x0b\x00\x00\x00\x04\t\x00\x10barad-dur"The Dark Tower"'"
[barad-dur] 	Received msg from Host ID #4 "b'\x00\x00\x00\x00\x04\x00\x00\x00\x00\n\x00\x11lothlorien"The Golden Wood"'"
[minastirith] 	Received msg from Host ID #11 "b'\x00\x00\x00\x00\x0b\x00\x00\x00\x04\t\x00\x10barad-dur"The Dark Tower"'"
[osgiliath] 	Received msg from Host ID #11 "b'\x00\x00\x00\x00\x0b\x00\x00\x00\x04\t\x00\x10barad-dur"The Dark Tower"'"
[isengard] 	Received msg from Host ID #11 "b'\x00\x00\x00\x00\x0b\x00\x00\x00\x06\t\x00\x10barad-dur"The Dark Tower"'"
[barad-dur] 	Received msg from Host ID #2 "b'\x00\x00\x00\x00\x02\x00\x00\x00\x04\t\x00\x0frivendale"Elronds House"'"
[lothlorien] 	Received msg from Host ID #11 "b'\x00\x00\x00\x00\x0b\x00\x00\x00\x06\t\x00\x10barad-dur"The Dark Tower"'"
[moria] 	Received msg from Host ID #11 "b'\x00\x00\x00\x00\x0b\x00\x00\x00\x02\t\x00\x10barad-dur"The Dark Tower"'"
[theshire] 	Received msg from Host ID #11 "b'\x00\x00\x00\x00\x0b\x00\x00\x00\x02\t\x00\x10barad-dur"The Dark Tower"'"
[mirkwood] 	Received msg from Host ID #11 "b'\x00\x00\x00\x00\x0b\x00\x00\x00\x02\t\x00\x10barad-dur"The Dark Tower"'"
[edoras] 	Received msg from Host ID #11 "b'\x00\x00\x00\x00\x0b\x00\x00\x00\t\t\x00\x10barad-dur"The Dark Tower"'"
[barad-dur] 	Received msg from Host ID #1 "b'\x00\x00\x00\x00\x01\x00\x00\x00\x04\x08\x00\x15theshire"Home of the Hobbits"'"
[lothlorien] 	Sending message to an unknown IO device "b'\x01\x00\x00\x00\x04\x00\x00\x00\x00\x00\x02\x00\x00\x00+A machine has already registered with ID 11'"
[rivendale] 	Received msg from Host ID #11 "b'\x00\x00\x00\x00\x0b\x00\x00\x00\x05\t\x00\x10barad-dur"The Dark Tower"'"
[grey_havens] 	Received msg from Host ID #11 "b'\x00\x00\x00\x00\x0b\x00\x00\x00\x01\t\x00\x10barad-dur"The Dark Tower"'"
[edoras] 	Sending message to an unknown IO device "b'\x01\x00\x00\x00\x06\x00\x00\x00\x00\x00\x02\x00\x00\x00+A machine has already registered with ID 11'"
[barad-dur] 	Received msg from Host ID #101 "b'\x80\x00\x00\x00e\x00\x00\x00\x04\x0c\x00\x0bfrodobaggins"Test info"'"
[lothlorien] 	Received msg from Host ID #11 "b'\x00\x00\x00\x00\x0b\x00\x00\x00\x02\t\x00\x10barad-dur"The Dark Tower"'"
[rivendale] 	Sending message to an unknown IO device "b'\x01\x00\x00\x00\x02\x00\x00\x00\x00\x00\x02\x00\x00\x00+A machine has already registered with ID 11'"
[theshire] 	Received msg from Host ID #11 "b'\x00\x00\x00\x00\x0b\x00\x00\x00\x03\t\x00\x10barad-dur"The Dark Tower"'"
[edoras] 	Received msg from Host ID #4 "b'\x01\x00\x00\x00\x04\x00\x00\x00\x00\x00\x02\x00\x00\x00+A machine has already registered with ID 11'"
[isengard] 	Received msg from Host ID #6 "b'\x01\x00\x00\x00\x06\x00\x00\x00\x00\x00\x02\x00\x00\x00+A machine has already registered with ID 11'"
[barad-dur] 	Received msg from Host ID #3 "b'\x00\x00\x00\x00\x03\x00\x00\x00\x04\x0b\x00\x1cgrey_havens"Gates to the Blessed Realm"'"
[lothlorien] 	Sending message to an unknown IO device "b'\x01\x00\x00\x00\x04\x00\x00\x00\x00\x00\x02\x00\x00\x00+A machine has already registered with ID 11'"
[theshire] 	Sending message to an unknown IO device "b'\x01\x00\x00\x00\x01\x00\x00\x00\x00\x00\x02\x00\x00\x00+A machine has already registered with ID 11'"
[moria] 	Received msg from Host ID #2 "b'\x01\x00\x00\x00\x02\x00\x00\x00\x00\x00\x02\x00\x00\x00+A machine has already registered with ID 11'"
[rivendale] 	Received msg from Host ID #11 "b'\x00\x00\x00\x00\x0b\x00\x00\x00\x08\t\x00\x10barad-dur"The Dark Tower"'"
[barad-dur] 	Received msg from Host ID #102 "b'\x80\x00\x00\x00f\x00\x00\x00\x04\t\x00\x0bsamgamgee"Test info"'"
[lothlorien] 	Received msg from Host ID #11 "b'\x00\x00\x00\x00\x0b\x00\x00\x00\n\t\x00\x10barad-dur"The Dark Tower"'"
[grey_havens] 	Received msg from Host ID #1 "b'\x01\x00\x00\x00\x01\x00\x00\x00\x00\x00\x02\x00\x00\x00+A machine has already registered with ID 11'"
[rivendale] 	Sending message to an unknown IO device "b'\x01\x00\x00\x00\x02\x00\x00\x00\x00\x00\x02\x00\x00\x00+A machine has already registered with ID 11'"
[barad-dur] 	Received msg from Host ID #103 "b'\x80\x00\x00\x00g\x00\x00\x00\x04\x06\x00\x0belrond"Test info"'"
[lothlorien] 	Sending message to an unknown IO device "b'\x01\x00\x00\x00\x04\x00\x00\x00\x00\x00\x02\x00\x00\x00+A machine has already registered with ID 11'"
[rivendale] 	Received msg from Host ID #11 "b'\x00\x00\x00\x00\x0b\x00\x00\x00\x01\t\x00\x10barad-dur"The Dark Tower"'"
[mirkwood] 	Received msg from Host ID #2 "b'\x01\x00\x00\x00\x02\x00\x00\x00\x00\x00\x02\x00\x00\x00+A machine has already registered with ID 11'"
[barad-dur] 	Received msg from Host ID #104 "b'\x80\x00\x00\x00h\x00\x00\x00\x04\x0c\x00\x0bbilbobaggins"Test info"'"
[osgiliath] 	Received msg from Host ID #4 "b'\x01\x00\x00\x00\x04\x00\x00\x00\x00\x00\x02\x00\x00\x00+A machine has already registered with ID 11'"
[lothlorien] 	Received msg from Host ID #11 "b'\x00\x00\x00\x00\x0b\x00\x00\x00\x07\t\x00\x10barad-dur"The Dark Tower"'"
[rivendale] 	Sending message to an unknown IO device "b'\x01\x00\x00\x00\x02\x00\x00\x00\x00\x00\x02\x00\x00\x00+A machine has already registered with ID 11'"
[barad-dur] 	Received msg from Host ID #5 "b'\x00\x00\x00\x00\x05\x00\x00\x00\x04\x05\x00\x0fmoria"The Black Pit"'"
[lothlorien] 	Sending message to an unknown IO device "b'\x01\x00\x00\x00\x04\x00\x00\x00\x00\x00\x02\x00\x00\x00+A machine has already registered with ID 11'"
[theshire] 	Received msg from Host ID #2 "b'\x01\x00\x00\x00\x02\x00\x00\x00\x00\x00\x02\x00\x00\x00+A machine has already registered with ID 11'"
[rivendale] 	Received msg from Host ID #4 "b'\x01\x00\x00\x00\x04\x00\x00\x00\x00\x00\x02\x00\x00\x00+A machine has already registered with ID 11'"
[barad-dur] 	Received msg from Host ID #6 "b'\x00\x00\x00\x00\x06\x00\x00\x00\x04\x06\x00%edoras"Home of the Golden Hall of Meduseld"'"
[minastirith] 	Received msg from Host ID #4 "b'\x01\x00\x00\x00\x04\x00\x00\x00\x00\x00\x02\x00\x00\x00+A machine has already registered with ID 11'"
[barad-dur] 	Received msg from Host ID #7 "b'\x00\x00\x00\x00\x07\x00\x00\x00\x04\x0b\x00\x10minastirith"Tower of Guard"'"
[barad-dur] 	Received msg from Host ID #105 "b'\x80\x00\x00\x00i\x00\x00\x00\x04\x08\x00\x0bperegrin"Test info"'"
[barad-dur] 	Received msg from Host ID #8 "b'\x00\x00\x00\x00\x08\x00\x00\x00\x04\x08\x00\x15mirkwood"Wood of Greenleaves"'"
[barad-dur] 	Received msg from Host ID #106 "b'\x80\x00\x00\x00j\x00\x00\x00\x04\x08\x00\x0bmeriadoc"Test info"'"
[barad-dur] 	Received msg from Host ID #9 "b'\x00\x00\x00\x00\t\x00\x00\x00\x04\x08\x00\x1disengard"Angrenost, The Iron Fortres"'"
[barad-dur] 	Received msg from Host ID #10 "b'\x00\x00\x00\x00\n\x00\x00\x00\x04\t\x00\x16osgiliath"Citadel of the Stars"'"
[lothlorien] 	Received msg from Host ID #11 "b'\x00\x00\x00\x00\x0b\x00\x00\x00\x00\t\x00\x10barad-dur"The Dark Tower"'"
[lothlorien] 	Sending message to an unknown IO device "b'\x01\x00\x00\x00\x04\x00\x00\x00\x00\x00\x02\x00\x00\x00+A machine has already registered with ID 11'"
[lothlorien] 	Received msg from Host ID #2 "b'\x00\x00\x00\x00\x02\x00\x00\x00\x0b\t\x00\x0frivendale"Elronds House"'"
[lothlorien] 	Sending message to an unknown IO device "b'\x01\x00\x00\x00\x04\x00\x00\x00\x00\x00\x02\x00\x00\x00*A machine has already registered with ID 2'"
[lothlorien] 	Received msg from Host ID #1 "b'\x00\x00\x00\x00\x01\x00\x00\x00\x0b\x08\x00\x15theshire"Home of the Hobbits"'"
[lothlorien] 	Sending message to an unknown IO device "b'\x01\x00\x00\x00\x04\x00\x00\x00\x00\x00\x02\x00\x00\x00*A machine has already registered with ID 1'"
[lothlorien] 	Received msg from Host ID #3 "b'\x00\x00\x00\x00\x03\x00\x00\x00\x0b\x0b\x00\x1cgrey_havens"Gates to the Blessed Realm"'"
[lothlorien] 	Sending message to an unknown IO device "b'\x01\x00\x00\x00\x04\x00\x00\x00\x00\x00\x02\x00\x00\x00*A machine has already registered with ID 3'"
[lothlorien] 	Received msg from Host ID #5 "b'\x00\x00\x00\x00\x05\x00\x00\x00\x0b\x05\x00\x0fmoria"The Black Pit"'"
[lothlorien] 	Sending message to an unknown IO device "b'\x01\x00\x00\x00\x04\x00\x00\x00\x00\x00\x02\x00\x00\x00*A machine has already registered with ID 5'"
[lothlorien] 	Received msg from Host ID #6 "b'\x00\x00\x00\x00\x06\x00\x00\x00\x0b\x06\x00%edoras"Home of the Golden Hall of Meduseld"'"
[lothlorien] 	Sending message to an unknown IO device "b'\x01\x00\x00\x00\x04\x00\x00\x00\x00\x00\x02\x00\x00\x00*A machine has already registered with ID 6'"
[lothlorien] 	Received msg from Host ID #7 "b'\x00\x00\x00\x00\x07\x00\x00\x00\x0b\x0b\x00\x10minastirith"Tower of Guard"'"
[lothlorien] 	Sending message to an unknown IO device "b'\x01\x00\x00\x00\x04\x00\x00\x00\x00\x00\x02\x00\x00\x00*A machine has already registered with ID 7'"
[lothlorien] 	Received msg from Host ID #8 "b'\x00\x00\x00\x00\x08\x00\x00\x00\x0b\x08\x00\x15mirkwood"Wood of Greenleaves"'"
[lothlorien] 	Sending message to an unknown IO device "b'\x01\x00\x00\x00\x04\x00\x00\x00\x00\x00\x02\x00\x00\x00*A machine has already registered with ID 8'"
[lothlorien] 	Received msg from Host ID #9 "b'\x00\x00\x00\x00\t\x00\x00\x00\x0b\x08\x00\x1disengard"Angrenost, The Iron Fortres"'"
[lothlorien] 	Sending message to an unknown IO device "b'\x01\x00\x00\x00\x04\x00\x00\x00\x00\x00\x02\x00\x00\x00*A machine has already registered with ID 9'"
[lothlorien] 	Received msg from Host ID #10 "b'\x00\x00\x00\x00\n\x00\x00\x00\x0b\t\x00\x16osgiliath"Citadel of the Stars"'"
[lothlorien] 	Sending message to an unknown IO device "b'\x01\x00\x00\x00\x04\x00\x00\x00\x00\x00\x02\x00\x00\x00+A machine has already registered with ID 10'"
[barad-dur] 	Received msg from Host ID #4 "b'\x01\x00\x00\x00\x04\x00\x00\x00\x00\x00\x02\x00\x00\x00+A machine has already registered with ID 11'"
[barad-dur] 	Received msg from Host ID #4 "b'\x01\x00\x00\x00\x04\x00\x00\x00\x00\x00\x02\x00\x00\x00*A machine has already registered with ID 2'"
[barad-dur] 	Received msg from Host ID #4 "b'\x01\x00\x00\x00\x04\x00\x00\x00\x00\x00\x02\x00\x00\x00*A machine has already registered with ID 1'"
[barad-dur] 	Received msg from Host ID #4 "b'\x01\x00\x00\x00\x04\x00\x00\x00\x00\x00\x02\x00\x00\x00*A machine has already registered with ID 3'"
[barad-dur] 	Received msg from Host ID #4 "b'\x01\x00\x00\x00\x04\x00\x00\x00\x00\x00\x02\x00\x00\x00*A machine has already registered with ID 5'"
[barad-dur] 	Received msg from Host ID #4 "b'\x01\x00\x00\x00\x04\x00\x00\x00\x00\x00\x02\x00\x00\x00*A machine has already registered with ID 6'"
[barad-dur] 	Received msg from Host ID #4 "b'\x01\x00\x00\x00\x04\x00\x00\x00\x00\x00\x02\x00\x00\x00*A machine has already registered with ID 7'"
[barad-dur] 	Received msg from Host ID #4 "b'\x01\x00\x00\x00\x04\x00\x00\x00\x00\x00\x02\x00\x00\x00*A machine has already registered with ID 8'"
[barad-dur] 	Received msg from Host ID #4 "b'\x01\x00\x00\x00\x04\x00\x00\x00\x00\x00\x02\x00\x00\x00*A machine has already registered with ID 9'"
[barad-dur] 	Received msg from Host ID #4 "b'\x01\x00\x00\x00\x04\x00\x00\x00\x00\x00\x02\x00\x00\x00+A machine has already registered with ID 10'"
*CMD.........	Starting --id 107 --serverhost moria --serverport 34305 --username balin --info "Test info" --log-file balin.log
[balin] 	Launching client balin...
*CMD.........	Waiting... 1.0
[balin] 	Sending message to b'\x80\x00\x00\x00k\x00\x00\x00\x00\x05\x00\x0bbalin"Test info"'
[moria] 	Received msg from Host ID #107 "b'\x80\x00\x00\x00k\x00\x00\x00\x00\x05\x00\x0bbalin"Test info"'"
[balin] 	Received message from Host ID #5 "b'\x01\x00\x00\x00\x05\x00\x00\x00k\x00\x00\x00\x00\x00/Welcome to the Clemson Relay Chat network balin'"
[rivendale] 	Received msg from Host ID #107 "b'\x80\x00\x00\x00k\x00\x00\x00\x05\x05\x00\x0bbalin"Test info"'"
[balin] 	Received message from Host ID #101 "b'\x80\x00\x00\x00e\x00\x00\x00\x05\x0c\x00\x0bfrodobaggins"Test info"'"
[lothlorien] 	Received msg from Host ID #107 "b'\x80\x00\x00\x00k\x00\x00\x00\x02\x05\x00\x0bbalin"Test info"'"
[elrond] 	Received message from Host ID #107 "b'\x80\x00\x00\x00k\x00\x00\x00\x02\x05\x00\x0bbalin"Test info"'"
[theshire] 	Received msg from Host ID #107 "b'\x80\x00\x00\x00k\x00\x00\x00\x02\x05\x00\x0bbalin"Test info"'"
[mirkwood] 	Received msg from Host ID #107 "b'\x80\x00\x00\x00k\x00\x00\x00\x02\x05\x00\x0bbalin"Test info"'"
[balin] 	Received message from Host ID #102 "b'\x80\x00\x00\x00f\x00\x00\x00\x05\t\x00\x0bsamgamgee"Test info"'"
[barad-dur] 	Received msg from Host ID #107 "b'\x80\x00\x00\x00k\x00\x00\x00\x04\x05\x00\x0bbalin"Test info"'"
[osgiliath] 	Received msg from Host ID #107 "b'\x80\x00\x00\x00k\x00\x00\x00\x04\x05\x00\x0bbalin"Test info"'"
[minastirith] 	Received msg from Host ID #107 "b'\x80\x00\x00\x00k\x00\x00\x00\x04\x05\x00\x0bbalin"Test info"'"
[edoras] 	Received msg from Host ID #107 "b'\x80\x00\x00\x00k\x00\x00\x00\x04\x05\x00\x0bbalin"Test info"'"
[samgamgee] 	Received message from Host ID #107 "b'\x80\x00\x00\x00k\x00\x00\x00\x01\x05\x00\x0bbalin"Test info"'"
[frodobaggins] 	Received message from Host ID #107 "b'\x80\x00\x00\x00k\x00\x00\x00\x01\x05\x00\x0bbalin"Test info"'"
[grey_havens] 	Received msg from Host ID #107 "b'\x80\x00\x00\x00k\x00\x00\x00\x01\x05\x00\x0bbalin"Test info"'"
[balin] 	Received message from Host ID #103 "b'\x80\x00\x00\x00g\x00\x00\x00\x05\x06\x00\x0belrond"Test info"'"
[peregrin] 	Received message from Host ID #107 "b'\x80\x00\x00\x00k\x00\x00\x00\x07\x05\x00\x0bbalin"Test info"'"
[meriadoc] 	Received message from Host ID #107 "b'\x80\x00\x00\x00k\x00\x00\x00\x06\x05\x00\x0bbalin"Test info"'"
[isengard] 	Received msg from Host ID #107 "b'\x80\x00\x00\x00k\x00\x00\x00\x06\x05\x00\x0bbalin"Test info"'"
[bilbobaggins] 	Received message from Host ID #107 "b'\x80\x00\x00\x00k\x00\x00\x00\x03\x05\x00\x0bbalin"Test info"'"
[balin] 	Received message from Host ID #104 "b'\x80\x00\x00\x00h\x00\x00\x00\x05\x0c\x00\x0bbilbobaggins"Test info"'"
[balin] 	Received message from Host ID #105 "b'\x80\x00\x00\x00i\x00\x00\x00\x05\x08\x00\x0bperegrin"Test info"'"
[balin] 	Received message from Host ID #106 "b'\x80\x00\x00\x00j\x00\x00\x00\x05\x08\x00\x0bmeriadoc"Test info"'"
*CMD.........	Starting --id 108 --serverhost barad-dur --serverport 34311 --username sauron --info "Test info" --log-file sauron.log
[sauron] 	Launching client sauron...
*CMD.........	Waiting... 1.0
[sauron] 	Sending message to b'\x80\x00\x00\x00l\x00\x00\x00\x00\x06\x00\x0bsauron"Test info"'
[barad-dur] 	Received msg from Host ID #108 "b'\x80\x00\x00\x00l\x00\x00\x00\x00\x06\x00\x0bsauron"Test info"'"
[lothlorien] 	Received msg from Host ID #108 "b'\x80\x00\x00\x00l\x00\x00\x00\x0b\x06\x00\x0bsauron"Test info"'"
[sauron] 	Received message from Host ID #11 "b'\x01\x00\x00\x00\x0b\x00\x00\x00l\x00\x00\x00\x00\x000Welcome to the Clemson Relay Chat network sauron'"
[sauron] 	Received message from Host ID #101 "b'\x80\x00\x00\x00e\x00\x00\x00\x0b\x0c\x00\x0bfrodobaggins"Test info"'"
[minastirith] 	Received msg from Host ID #108 "b'\x80\x00\x00\x00l\x00\x00\x00\x04\x06\x00\x0bsauron"Test info"'"
[osgiliath] 	Received msg from Host ID #108 "b'\x80\x00\x00\x00l\x00\x00\x00\x04\x06\x00\x0bsauron"Test info"'"
[rivendale] 	Received msg from Host ID #108 "b'\x80\x00\x00\x00l\x00\x00\x00\x04\x06\x00\x0bsauron"Test info"'"
[edoras] 	Received msg from Host ID #108 "b'\x80\x00\x00\x00l\x00\x00\x00\x04\x06\x00\x0bsauron"Test info"'"
[sauron] 	Received message from Host ID #102 "b'\x80\x00\x00\x00f\x00\x00\x00\x0b\t\x00\x0bsamgamgee"Test info"'"
[peregrin] 	Received message from Host ID #108 "b'\x80\x00\x00\x00l\x00\x00\x00\x07\x06\x00\x0bsauron"Test info"'"
[elrond] 	Received message from Host ID #108 "b'\x80\x00\x00\x00l\x00\x00\x00\x02\x06\x00\x0bsauron"Test info"'"
[theshire] 	Received msg from Host ID #108 "b'\x80\x00\x00\x00l\x00\x00\x00\x02\x06\x00\x0bsauron"Test info"'"
[mirkwood] 	Received msg from Host ID #108 "b'\x80\x00\x00\x00l\x00\x00\x00\x02\x06\x00\x0bsauron"Test info"'"
[meriadoc] 	Received message from Host ID #108 "b'\x80\x00\x00\x00l\x00\x00\x00\x06\x06\x00\x0bsauron"Test info"'"
[moria] 	Received msg from Host ID #108 "b'\x80\x00\x00\x00l\x00\x00\x00\x02\x06\x00\x0bsauron"Test info"'"
[isengard] 	Received msg from Host ID #108 "b'\x80\x00\x00\x00l\x00\x00\x00\x06\x06\x00\x0bsauron"Test info"'"
[sauron] 	Received message from Host ID #103 "b'\x80\x00\x00\x00g\x00\x00\x00\x0b\x06\x00\x0belrond"Test info"'"
[samgamgee] 	Received message from Host ID #108 "b'\x80\x00\x00\x00l\x00\x00\x00\x01\x06\x00\x0bsauron"Test info"'"
[grey_havens] 	Received msg from Host ID #108 "b'\x80\x00\x00\x00l\x00\x00\x00\x01\x06\x00\x0bsauron"Test info"'"
[frodobaggins] 	Received message from Host ID #108 "b'\x80\x00\x00\x00l\x00\x00\x00\x01\x06\x00\x0bsauron"Test info"'"
[balin] 	Received message from Host ID #108 "b'\x80\x00\x00\x00l\x00\x00\x00\x05\x06\x00\x0bsauron"Test info"'"
[sauron] 	Received message from Host ID #104 "b'\x80\x00\x00\x00h\x00\x00\x00\x0b\x0c\x00\x0bbilbobaggins"Test info"'"
[bilbobaggins] 	Received message from Host ID #108 "b'\x80\x00\x00\x00l\x00\x00\x00\x03\x06\x00\x0bsauron"Test info"'"
[sauron] 	Received message from Host ID #105 "b'\x80\x00\x00\x00i\x00\x00\x00\x0b\x08\x00\x0bperegrin"Test info"'"
[sauron] 	Received message from Host ID #106 "b'\x80\x00\x00\x00j\x00\x00\x00\x0b\x08\x00\x0bmeriadoc"Test info"'"
[sauron] 	Received message from Host ID #107 "b'\x80\x00\x00\x00k\x00\x00\x00\x0b\x05\x00\x0bbalin"Test info"'"
*CMD.........	Running client command: --username sauron --command MESSAGE 103 "Testing 1 2 3 4 5 6 7"
[sauron] 	Sending message to b'\x81\x00\x00\x00l\x00\x00\x00g\x00\x00\x00\x17"Testing 1 2 3 4 5 6 7"'
*CMD.........	Waiting... 2.5
[barad-dur] 	Received msg from Host ID #108 "b'\x81\x00\x00\x00l\x00\x00\x00g\x00\x00\x00\x17"Testing 1 2 3 4 5 6 7"'"
[barad-dur] 	Sending message to Host ID #103 "b'\x81\x00\x00\x00l\x00\x00\x00g\x00\x00\x00\x17"Testing 1 2 3 4 5 6 7"'"
[lothlorien] 	Received msg from Host ID #108 "b'\x81\x00\x00\x00l\x00\x00\x00g\x00\x00\x00\x17"Testing 1 2 3 4 5 6 7"'"
[lothlorien] 	Sending message to Host ID #103 "b'\x81\x00\x00\x00l\x00\x00\x00g\x00\x00\x00\x17"Testing 1 2 3 4 5 6 7"'"
[rivendale] 	Received msg from Host ID #108 "b'\x81\x00\x00\x00l\x00\x00\x00g\x00\x00\x00\x17"Testing 1 2 3 4 5 6 7"'"
[rivendale] 	Sending message to Host ID #103 "b'\x81\x00\x00\x00l\x00\x00\x00g\x00\x00\x00\x17"Testing 1 2 3 4 5 6 7"'"
[elrond] 	Received message from Host ID #108 "b'\x81\x00\x00\x00l\x00\x00\x00g\x00\x00\x00\x17"Testing 1 2 3 4 5 6 7"'"
[theshire] 	Cleaning up the server
[frodobaggins] 	Server has disconnected!
[samgamgee] 	Server has disconnected!
[rivendale] 	Cleaning up the server
[elrond] 	Server has disconnected!
[grey_havens] 	Cleaning up the server
[bilbobaggins] 	Server has disconnected!
[lothlorien] 	Cleaning up the server
[moria] 	Cleaning up the server
[balin] 	Server has disconnected!
[edoras] 	Cleaning up the server
[meriadoc] 	Server has disconnected!
[minastirith] 	Cleaning up the server
[peregrin] 	Server has disconnected!
[mirkwood] 	Cleaning up the server
[isengard] 	Cleaning up the server
[osgiliath] 	Cleaning up the server
[barad-dur] 	Cleaning up the server
[sauron] 	Server has disconnected!

Test passed:True
