2025-06-19 14:24:41,960 - IRCServer[22252] - INFO - Launching client balin...
2025-06-19 14:24:41,999 - IRCServer[22252] - INFO - Sending message to b'\x80\x00\x00\x00k\x00\x00\x00\x00\x05\x00\x0bbalin"Test info"'
2025-06-19 14:24:42,051 - IRCServer[22252] - INFO - Received msg from Host ID #107 "b'\x80\x00\x00\x00k\x00\x00\x00\x00\x05\x00\x0bbalin"Test info"'"
2025-06-19 14:24:42,071 - IRCServer[22252] - INFO - Received msg from Host ID #107 "b'\x80\x00\x00\x00k\x00\x00\x00\x05\x05\x00\x0bbalin"Test info"'"
2025-06-19 14:24:42,073 - IRCServer[22252] - INFO - Received message from Host ID #5 "b'\x01\x00\x00\x00\x05\x00\x00\x00k\x00\x00\x00\x00\x00/Welcome to the Clemson Relay Chat network balin'"
2025-06-19 14:24:42,105 - IRCServer[22252] - INFO - Received msg from Host ID #107 "b'\x80\x00\x00\x00k\x00\x00\x00\x02\x05\x00\x0bbalin"Test info"'"
2025-06-19 14:24:42,108 - IRCServer[22252] - INFO - Received msg from Host ID #107 "b'\x80\x00\x00\x00k\x00\x00\x00\x02\x05\x00\x0bbalin"Test info"'"
2025-06-19 14:24:42,109 - IRCServer[22252] - INFO - Received message from Host ID #107 "b'\x80\x00\x00\x00k\x00\x00\x00\x02\x05\x00\x0bbalin"Test info"'"
2025-06-19 14:24:42,112 - IRCServer[22252] - INFO - Received msg from Host ID #107 "b'\x80\x00\x00\x00k\x00\x00\x00\x02\x05\x00\x0bbalin"Test info"'"
2025-06-19 14:24:42,113 - IRCServer[22252] - INFO - Received message from Host ID #101 "b'\x80\x00\x00\x00e\x00\x00\x00\x05\x0c\x00\x0bfrodobaggins"Test info"'"
2025-06-19 14:24:42,128 - IRCServer[22252] - INFO - Received msg from Host ID #107 "b'\x80\x00\x00\x00k\x00\x00\x00\x04\x05\x00\x0bbalin"Test info"'"
2025-06-19 14:24:42,129 - IRCServer[22252] - INFO - Received msg from Host ID #107 "b'\x80\x00\x00\x00k\x00\x00\x00\x04\x05\x00\x0bbalin"Test info"'"
2025-06-19 14:24:42,140 - IRCServer[22252] - INFO - Received message from Host ID #107 "b'\x80\x00\x00\x00k\x00\x00\x00\x01\x05\x00\x0bbalin"Test info"'"
2025-06-19 14:24:42,140 - IRCServer[22252] - INFO - Received message from Host ID #102 "b'\x80\x00\x00\x00f\x00\x00\x00\x05\t\x00\x0bsamgamgee"Test info"'"
2025-06-19 14:24:42,146 - IRCServer[22252] - INFO - Received message from Host ID #107 "b'\x80\x00\x00\x00k\x00\x00\x00\x01\x05\x00\x0bbalin"Test info"'"
2025-06-19 14:24:42,143 - IRCServer[22252] - INFO - Received msg from Host ID #107 "b'\x80\x00\x00\x00k\x00\x00\x00\x01\x05\x00\x0bbalin"Test info"'"
2025-06-19 14:24:42,159 - IRCServer[22252] - INFO - Received message from Host ID #107 "b'\x80\x00\x00\x00k\x00\x00\x00\x07\x05\x00\x0bbalin"Test info"'"
2025-06-19 14:24:42,163 - IRCServer[22252] - INFO - Received msg from Host ID #107 "b'\x80\x00\x00\x00k\x00\x00\x00\x07\x05\x00\x0bbalin"Test info"'"
2025-06-19 14:24:42,165 - IRCServer[22252] - INFO - Received msg from Host ID #107 "b'\x80\x00\x00\x00k\x00\x00\x00\x06\x05\x00\x0bbalin"Test info"'"
2025-06-19 14:24:42,165 - IRCServer[22252] - INFO - Received message from Host ID #107 "b'\x80\x00\x00\x00k\x00\x00\x00\x06\x05\x00\x0bbalin"Test info"'"
2025-06-19 14:24:42,167 - IRCServer[22252] - INFO - Received msg from Host ID #107 "b'\x80\x00\x00\x00k\x00\x00\x00\x07\x05\x00\x0bbalin"Test info"'"
2025-06-19 14:24:42,171 - IRCServer[22252] - INFO - Received message from Host ID #103 "b'\x80\x00\x00\x00g\x00\x00\x00\x05\x06\x00\x0belrond"Test info"'"
2025-06-19 14:24:42,171 - IRCServer[22252] - INFO - Received message from Host ID #107 "b'\x80\x00\x00\x00k\x00\x00\x00\x03\x05\x00\x0bbalin"Test info"'"
2025-06-19 14:24:42,205 - IRCServer[22252] - INFO - Received message from Host ID #104 "b'\x80\x00\x00\x00h\x00\x00\x00\x05\x0c\x00\x0bbilbobaggins"Test info"'"
2025-06-19 14:24:42,239 - IRCServer[22252] - INFO - Received message from Host ID #105 "b'\x80\x00\x00\x00i\x00\x00\x00\x05\x08\x00\x0bperegrin"Test info"'"
2025-06-19 14:24:42,274 - IRCServer[22252] - INFO - Received message from Host ID #106 "b'\x80\x00\x00\x00j\x00\x00\x00\x05\x08\x00\x0bmeriadoc"Test info"'"
2025-06-19 14:24:42,965 - IRCServer[22252] - INFO - Launching client sauron...
2025-06-19 14:24:42,991 - IRCServer[22252] - INFO - Sending message to b'\x80\x00\x00\x00l\x00\x00\x00\x00\x06\x00\x0bsauron"Test info"'
2025-06-19 14:24:43,027 - IRCServer[22252] - INFO - Received msg from Host ID #108 "b'\x80\x00\x00\x00l\x00\x00\x00\x00\x06\x00\x0bsauron"Test info"'"
2025-06-19 14:24:43,044 - IRCServer[22252] - INFO - Received message from Host ID #11 "b'\x01\x00\x00\x00\x0b\x00\x00\x00l\x00\x00\x00\x00\x000Welcome to the Clemson Relay Chat network sauron'"
2025-06-19 14:24:43,045 - IRCServer[22252] - INFO - Received msg from Host ID #108 "b'\x80\x00\x00\x00l\x00\x00\x00\x0b\x06\x00\x0bsauron"Test info"'"
2025-06-19 14:24:43,061 - IRCServer[22252] - INFO - Received message from Host ID #101 "b'\x80\x00\x00\x00e\x00\x00\x00\x0b\x0c\x00\x0bfrodobaggins"Test info"'"
2025-06-19 14:24:43,062 - IRCServer[22252] - INFO - Received message from Host ID #108 "b'\x80\x00\x00\x00l\x00\x00\x00\x07\x06\x00\x0bsauron"Test info"'"
2025-06-19 14:24:43,063 - IRCServer[22252] - INFO - Received msg from Host ID #108 "b'\x80\x00\x00\x00l\x00\x00\x00\x07\x06\x00\x0bsauron"Test info"'"
2025-06-19 14:24:43,065 - IRCServer[22252] - INFO - Received msg from Host ID #108 "b'\x80\x00\x00\x00l\x00\x00\x00\x07\x06\x00\x0bsauron"Test info"'"
2025-06-19 14:24:43,081 - IRCServer[22252] - INFO - Received message from Host ID #102 "b'\x80\x00\x00\x00f\x00\x00\x00\x0b\t\x00\x0bsamgamgee"Test info"'"
2025-06-19 14:24:43,085 - IRCServer[22252] - INFO - Received msg from Host ID #108 "b'\x80\x00\x00\x00l\x00\x00\x00\x04\x06\x00\x0bsauron"Test info"'"
2025-06-19 14:24:43,087 - IRCServer[22252] - INFO - Received msg from Host ID #108 "b'\x80\x00\x00\x00l\x00\x00\x00\x04\x06\x00\x0bsauron"Test info"'"
2025-06-19 14:24:43,092 - IRCServer[22252] - INFO - Received message from Host ID #103 "b'\x80\x00\x00\x00g\x00\x00\x00\x0b\x06\x00\x0belrond"Test info"'"
2025-06-19 14:24:43,099 - IRCServer[22252] - INFO - Received msg from Host ID #108 "b'\x80\x00\x00\x00l\x00\x00\x00\x02\x06\x00\x0bsauron"Test info"'"
2025-06-19 14:24:43,099 - IRCServer[22252] - INFO - Received msg from Host ID #108 "b'\x80\x00\x00\x00l\x00\x00\x00\x02\x06\x00\x0bsauron"Test info"'"
2025-06-19 14:24:43,100 - IRCServer[22252] - INFO - Received message from Host ID #108 "b'\x80\x00\x00\x00l\x00\x00\x00\x02\x06\x00\x0bsauron"Test info"'"
2025-06-19 14:24:43,101 - IRCServer[22252] - INFO - Received msg from Host ID #108 "b'\x80\x00\x00\x00l\x00\x00\x00\x02\x06\x00\x0bsauron"Test info"'"
2025-06-19 14:24:43,108 - IRCServer[22252] - INFO - Received msg from Host ID #108 "b'\x80\x00\x00\x00l\x00\x00\x00\x06\x06\x00\x0bsauron"Test info"'"
2025-06-19 14:24:43,109 - IRCServer[22252] - INFO - Received message from Host ID #108 "b'\x80\x00\x00\x00l\x00\x00\x00\x06\x06\x00\x0bsauron"Test info"'"
2025-06-19 14:24:43,116 - IRCServer[22252] - INFO - Received message from Host ID #104 "b'\x80\x00\x00\x00h\x00\x00\x00\x0b\x0c\x00\x0bbilbobaggins"Test info"'"
2025-06-19 14:24:43,127 - IRCServer[22252] - INFO - Received message from Host ID #108 "b'\x80\x00\x00\x00l\x00\x00\x00\x05\x06\x00\x0bsauron"Test info"'"
2025-06-19 14:24:43,129 - IRCServer[22252] - INFO - Received message from Host ID #108 "b'\x80\x00\x00\x00l\x00\x00\x00\x01\x06\x00\x0bsauron"Test info"'"
2025-06-19 14:24:43,132 - IRCServer[22252] - INFO - Received message from Host ID #108 "b'\x80\x00\x00\x00l\x00\x00\x00\x01\x06\x00\x0bsauron"Test info"'"
2025-06-19 14:24:43,133 - IRCServer[22252] - INFO - Received msg from Host ID #108 "b'\x80\x00\x00\x00l\x00\x00\x00\x01\x06\x00\x0bsauron"Test info"'"
2025-06-19 14:24:43,142 - IRCServer[22252] - INFO - Received message from Host ID #105 "b'\x80\x00\x00\x00i\x00\x00\x00\x0b\x08\x00\x0bperegrin"Test info"'"
2025-06-19 14:24:43,154 - IRCServer[22252] - INFO - Received message from Host ID #108 "b'\x80\x00\x00\x00l\x00\x00\x00\x03\x06\x00\x0bsauron"Test info"'"
2025-06-19 14:24:43,158 - IRCServer[22252] - INFO - Received message from Host ID #106 "b'\x80\x00\x00\x00j\x00\x00\x00\x0b\x08\x00\x0bmeriadoc"Test info"'"
2025-06-19 14:24:43,171 - IRCServer[22252] - INFO - Received message from Host ID #107 "b'\x80\x00\x00\x00k\x00\x00\x00\x0b\x05\x00\x0bbalin"Test info"'"
2025-06-19 14:24:45,467 - IRCServer[22252] - INFO - Cleaning up the server
2025-06-19 14:24:45,503 - IRCServer[22252] - INFO - Server has disconnected!
2025-06-19 14:24:45,505 - IRCServer[22252] - INFO - Server has disconnected!
2025-06-19 14:24:45,506 - IRCServer[22252] - INFO - Cleaning up the server
2025-06-19 14:24:45,533 - IRCServer[22252] - INFO - Server has disconnected!
2025-06-19 14:24:45,537 - IRCServer[22252] - INFO - Cleaning up the server
2025-06-19 14:24:45,550 - IRCServer[22252] - INFO - Server has disconnected!
2025-06-19 14:24:45,550 - IRCServer[22252] - INFO - Cleaning up the server
2025-06-19 14:24:45,574 - IRCServer[22252] - INFO - Cleaning up the server
2025-06-19 14:24:45,585 - IRCServer[22252] - INFO - Server has disconnected!
2025-06-19 14:24:45,596 - IRCServer[22252] - INFO - Cleaning up the server
2025-06-19 14:24:45,605 - IRCServer[22252] - INFO - Server has disconnected!
2025-06-19 14:24:45,612 - IRCServer[22252] - INFO - Cleaning up the server
2025-06-19 14:24:45,619 - IRCServer[22252] - INFO - Server has disconnected!
2025-06-19 14:24:45,652 - IRCServer[22252] - INFO - Cleaning up the server
2025-06-19 14:24:45,717 - IRCServer[22252] - INFO - Cleaning up the server
2025-06-19 14:24:45,733 - IRCServer[22252] - INFO - Cleaning up the server
2025-06-19 14:24:45,734 - IRCServer[22252] - INFO - Cleaning up the server
2025-06-19 14:24:45,735 - IRCServer[22252] - INFO - Server has disconnected!
