2025-06-20 00:08:11,203 - IRCServer[26500] - INFO - Launching client gollum...
2025-06-20 00:08:11,205 - IRCServer[26500] - INFO - Sending message to b'\x80\x00\x00\x00f\x00\x00\x00\x00\x06\x00\x0bgollum"Test info"'
2025-06-20 00:08:11,207 - IRCServer[26500] - INFO - Received msg from Host ID #102 "b'\x80\x00\x00\x00f\x00\x00\x00\x00\x06\x00\x0bgollum"Test info"'"
2025-06-20 00:08:11,208 - IRCServer[26500] - INFO - Sending message to an unknown IO device "b'\x01\x00\x00\x00\x01\x00\x00\x00\x00\x00\x02\x00\x00\x00*Someone has already registered with ID 102'"
2025-06-20 00:08:11,210 - IRCServer[26500] - INFO - Received message from Host ID #1 "b'\x01\x00\x00\x00\x01\x00\x00\x00\x00\x00\x02\x00\x00\x00*Someone has already registered with ID 102'"
2025-06-20 00:08:11,456 - IRCServer[26500] - INFO - Launching client bilbobaggins...
2025-06-20 00:08:11,458 - IRCServer[26500] - INFO - Sending message to b'\x80\x00\x00\x00h\x00\x00\x00\x00\x0c\x00\x0bbilbobaggins"Test info"'
2025-06-20 00:08:11,460 - IRCServer[26500] - INFO - Received msg from Host ID #104 "b'\x80\x00\x00\x00h\x00\x00\x00\x00\x0c\x00\x0bbilbobaggins"Test info"'"
2025-06-20 00:08:11,462 - IRCServer[26500] - INFO - Received msg from Host ID #104 "b'\x80\x00\x00\x00h\x00\x00\x00\x03\x0c\x00\x0bbilbobaggins"Test info"'"
2025-06-20 00:08:11,463 - IRCServer[26500] - INFO - Received message from Host ID #3 "b'\x01\x00\x00\x00\x03\x00\x00\x00h\x00\x00\x00\x00\x006Welcome to the Clemson Relay Chat network bilbobaggins'"
2025-06-20 00:08:11,465 - IRCServer[26500] - INFO - Received message from Host ID #104 "b'\x80\x00\x00\x00h\x00\x00\x00\x01\x0c\x00\x0bbilbobaggins"Test info"'"
2025-06-20 00:08:11,465 - IRCServer[26500] - INFO - Received message from Host ID #104 "b'\x80\x00\x00\x00h\x00\x00\x00\x01\x0c\x00\x0bbilbobaggins"Test info"'"
2025-06-20 00:08:11,465 - IRCServer[26500] - INFO - Received message from Host ID #101 "b'\x80\x00\x00\x00e\x00\x00\x00\x03\x0c\x00\x0bfrodobaggins"Test info"'"
2025-06-20 00:08:11,466 - IRCServer[26500] - INFO - Received msg from Host ID #104 "b'\x80\x00\x00\x00h\x00\x00\x00\x01\x0c\x00\x0bbilbobaggins"Test info"'"
2025-06-20 00:08:11,467 - IRCServer[26500] - INFO - Received message from Host ID #102 "b'\x80\x00\x00\x00f\x00\x00\x00\x03\t\x00\x0bsamgamgee"Test info"'"
2025-06-20 00:08:11,467 - IRCServer[26500] - INFO - Received message from Host ID #104 "b'\x80\x00\x00\x00h\x00\x00\x00\x02\x0c\x00\x0bbilbobaggins"Test info"'"
2025-06-20 00:08:11,469 - IRCServer[26500] - INFO - Received message from Host ID #103 "b'\x80\x00\x00\x00g\x00\x00\x00\x03\x06\x00\x0belrond"Test info"'"
2025-06-20 00:08:11,958 - IRCServer[26500] - INFO - Cleaning up the server
2025-06-20 00:08:11,959 - IRCServer[26500] - INFO - Server has disconnected!
2025-06-20 00:08:11,960 - IRCServer[26500] - INFO - Server has disconnected!
2025-06-20 00:08:11,960 - IRCServer[26500] - INFO - Server has disconnected!
2025-06-20 00:08:11,960 - IRCServer[26500] - INFO - Cleaning up the server
2025-06-20 00:08:11,963 - IRCServer[26500] - INFO - Server has disconnected!
2025-06-20 00:08:11,963 - IRCServer[26500] - INFO - Cleaning up the server
2025-06-20 00:08:11,964 - IRCServer[26500] - INFO - Server has disconnected!
2025-06-20 00:08:12,979 - IRCServer[26500] - INFO - Launching server theshire...
2025-06-20 00:08:12,982 - IRCServer[26500] - INFO - Configuring the server socket...
2025-06-20 00:08:12,985 - IRCServer[26500] - INFO - Listening for new connections on port 35401
2025-06-20 00:08:13,236 - IRCServer[26500] - INFO - Launching server rivendale...
2025-06-20 00:08:13,238 - IRCServer[26500] - INFO - Configuring the server socket...
2025-06-20 00:08:13,240 - IRCServer[26500] - INFO - Connecting to remote server theshire:35401...
2025-06-20 00:08:13,243 - IRCServer[26500] - INFO - Connected to another server
2025-06-20 00:08:13,249 - IRCServer[26500] - INFO - Listening for new connections on port 35402
2025-06-20 00:08:13,254 - IRCServer[26500] - INFO - Received msg from Host ID #2 "b'\x00\x00\x00\x00\x02\x00\x00\x00\x00\t\x00\x0frivendale"Elronds House"'"
2025-06-20 00:08:13,259 - IRCServer[26500] - INFO - Received msg from Host ID #1 "b'\x00\x00\x00\x00\x01\x00\x00\x00\x00\x08\x00\x15theshire"Home of the Hobbits"'"
2025-06-20 00:08:13,266 - IRCServer[26500] - INFO - Received msg from Host ID #2 "b'\x00\x00\x00\x00\x02\x00\x00\x00\x00\t\x00\x0frivendale"Elronds House"'"
2025-06-20 00:08:13,272 - IRCServer[26500] - INFO - Sending message to an unknown IO device "b'\x01\x00\x00\x00\x01\x00\x00\x00\x00\x00\x02\x00\x00\x00*A machine has already registered with ID 2'"
2025-06-20 00:08:13,275 - IRCServer[26500] - INFO - Received msg from Host ID #1 "b'\x01\x00\x00\x00\x01\x00\x00\x00\x00\x00\x02\x00\x00\x00*A machine has already registered with ID 2'"
2025-06-20 00:08:13,489 - IRCServer[26500] - INFO - Launching client frodobaggins...
2025-06-20 00:08:13,491 - IRCServer[26500] - INFO - Sending message to b'\x80\x00\x00\x00e\x00\x00\x00\x00\x0c\x00\x0bfrodobaggins"Test info"'
2025-06-20 00:08:13,493 - IRCServer[26500] - INFO - Received msg from Host ID #101 "b'\x80\x00\x00\x00e\x00\x00\x00\x00\x0c\x00\x0bfrodobaggins"Test info"'"
2025-06-20 00:08:13,494 - IRCServer[26500] - INFO - Received message from Host ID #1 "b'\x01\x00\x00\x00\x01\x00\x00\x00e\x00\x00\x00\x00\x006Welcome to the Clemson Relay Chat network frodobaggins'"
2025-06-20 00:08:13,497 - IRCServer[26500] - INFO - Received msg from Host ID #101 "b'\x80\x00\x00\x00e\x00\x00\x00\x01\x0c\x00\x0bfrodobaggins"Test info"'"
2025-06-20 00:08:13,742 - IRCServer[26500] - INFO - Launching server grey_havens...
2025-06-20 00:08:13,745 - IRCServer[26500] - INFO - Configuring the server socket...
2025-06-20 00:08:13,747 - IRCServer[26500] - INFO - Connecting to remote server theshire:35401...
2025-06-20 00:08:13,749 - IRCServer[26500] - INFO - Connected to another server
2025-06-20 00:08:13,750 - IRCServer[26500] - INFO - Listening for new connections on port 35403
2025-06-20 00:08:13,751 - IRCServer[26500] - INFO - Received msg from Host ID #3 "b'\x00\x00\x00\x00\x03\x00\x00\x00\x00\x0b\x00\x1cgrey_havens"Gates to the Blessed Realm"'"
2025-06-20 00:08:13,752 - IRCServer[26500] - INFO - Received msg from Host ID #3 "b'\x00\x00\x00\x00\x03\x00\x00\x00\x01\x0b\x00\x1cgrey_havens"Gates to the Blessed Realm"'"
2025-06-20 00:08:13,753 - IRCServer[26500] - INFO - Received msg from Host ID #1 "b'\x00\x00\x00\x00\x01\x00\x00\x00\x00\x08\x00\x15theshire"Home of the Hobbits"'"
2025-06-20 00:08:13,754 - IRCServer[26500] - INFO - Received msg from Host ID #3 "b'\x00\x00\x00\x00\x03\x00\x00\x00\x02\x0b\x00\x1cgrey_havens"Gates to the Blessed Realm"'"
2025-06-20 00:08:13,755 - IRCServer[26500] - INFO - Received msg from Host ID #2 "b'\x00\x00\x00\x00\x02\x00\x00\x00\x01\t\x00\x0frivendale"Elronds House"'"
2025-06-20 00:08:13,755 - IRCServer[26500] - INFO - Sending message to an unknown IO device "b'\x01\x00\x00\x00\x01\x00\x00\x00\x00\x00\x02\x00\x00\x00*A machine has already registered with ID 3'"
2025-06-20 00:08:13,756 - IRCServer[26500] - INFO - Received msg from Host ID #101 "b'\x80\x00\x00\x00e\x00\x00\x00\x01\x0c\x00\x0bfrodobaggins"Test info"'"
2025-06-20 00:08:13,756 - IRCServer[26500] - INFO - Received msg from Host ID #1 "b'\x01\x00\x00\x00\x01\x00\x00\x00\x00\x00\x02\x00\x00\x00*A machine has already registered with ID 3'"
2025-06-20 00:08:13,757 - IRCServer[26500] - INFO - Received msg from Host ID #3 "b'\x00\x00\x00\x00\x03\x00\x00\x00\x00\x0b\x00\x1cgrey_havens"Gates to the Blessed Realm"'"
2025-06-20 00:08:13,758 - IRCServer[26500] - INFO - Sending message to an unknown IO device "b'\x01\x00\x00\x00\x01\x00\x00\x00\x00\x00\x02\x00\x00\x00*A machine has already registered with ID 3'"
2025-06-20 00:08:13,760 - IRCServer[26500] - INFO - Received msg from Host ID #2 "b'\x00\x00\x00\x00\x02\x00\x00\x00\x03\t\x00\x0frivendale"Elronds House"'"
2025-06-20 00:08:13,762 - IRCServer[26500] - INFO - Sending message to an unknown IO device "b'\x01\x00\x00\x00\x01\x00\x00\x00\x00\x00\x02\x00\x00\x00*A machine has already registered with ID 2'"
2025-06-20 00:08:13,764 - IRCServer[26500] - INFO - Received msg from Host ID #1 "b'\x01\x00\x00\x00\x01\x00\x00\x00\x00\x00\x02\x00\x00\x00*A machine has already registered with ID 3'"
2025-06-20 00:08:13,766 - IRCServer[26500] - INFO - Received msg from Host ID #1 "b'\x01\x00\x00\x00\x01\x00\x00\x00\x00\x00\x02\x00\x00\x00*A machine has already registered with ID 2'"
2025-06-20 00:08:13,996 - IRCServer[26500] - INFO - Launching client samgamgee...
2025-06-20 00:08:13,999 - IRCServer[26500] - INFO - Sending message to b'\x80\x00\x00\x00f\x00\x00\x00\x00\t\x00\x0bsamgamgee"Test info"'
2025-06-20 00:08:14,001 - IRCServer[26500] - INFO - Received msg from Host ID #102 "b'\x80\x00\x00\x00f\x00\x00\x00\x00\t\x00\x0bsamgamgee"Test info"'"
2025-06-20 00:08:14,002 - IRCServer[26500] - INFO - Received msg from Host ID #102 "b'\x80\x00\x00\x00f\x00\x00\x00\x01\t\x00\x0bsamgamgee"Test info"'"
2025-06-20 00:08:14,002 - IRCServer[26500] - INFO - Received msg from Host ID #102 "b'\x80\x00\x00\x00f\x00\x00\x00\x01\t\x00\x0bsamgamgee"Test info"'"
2025-06-20 00:08:14,003 - IRCServer[26500] - INFO - Received message from Host ID #1 "b'\x01\x00\x00\x00\x01\x00\x00\x00f\x00\x00\x00\x00\x003Welcome to the Clemson Relay Chat network samgamgee'"
2025-06-20 00:08:14,003 - IRCServer[26500] - INFO - Received message from Host ID #102 "b'\x80\x00\x00\x00f\x00\x00\x00\x01\t\x00\x0bsamgamgee"Test info"'"
2025-06-20 00:08:14,004 - IRCServer[26500] - INFO - Received message from Host ID #101 "b'\x80\x00\x00\x00e\x00\x00\x00\x01\x0c\x00\x0bfrodobaggins"Test info"'"
2025-06-20 00:08:14,249 - IRCServer[26500] - INFO - Launching client elrond...
2025-06-20 00:08:14,252 - IRCServer[26500] - INFO - Sending message to b'\x80\x00\x00\x00g\x00\x00\x00\x00\x06\x00\x0belrond"Test info"'
2025-06-20 00:08:14,253 - IRCServer[26500] - INFO - Received msg from Host ID #103 "b'\x80\x00\x00\x00g\x00\x00\x00\x00\x06\x00\x0belrond"Test info"'"
2025-06-20 00:08:14,255 - IRCServer[26500] - INFO - Received msg from Host ID #103 "b'\x80\x00\x00\x00g\x00\x00\x00\x02\x06\x00\x0belrond"Test info"'"
2025-06-20 00:08:14,256 - IRCServer[26500] - INFO - Received message from Host ID #2 "b'\x01\x00\x00\x00\x02\x00\x00\x00g\x00\x00\x00\x00\x000Welcome to the Clemson Relay Chat network elrond'"
2025-06-20 00:08:14,256 - IRCServer[26500] - INFO - Received message from Host ID #103 "b'\x80\x00\x00\x00g\x00\x00\x00\x01\x06\x00\x0belrond"Test info"'"
2025-06-20 00:08:14,256 - IRCServer[26500] - INFO - Received message from Host ID #103 "b'\x80\x00\x00\x00g\x00\x00\x00\x01\x06\x00\x0belrond"Test info"'"
2025-06-20 00:08:14,257 - IRCServer[26500] - INFO - Received message from Host ID #101 "b'\x80\x00\x00\x00e\x00\x00\x00\x02\x0c\x00\x0bfrodobaggins"Test info"'"
2025-06-20 00:08:14,257 - IRCServer[26500] - INFO - Received msg from Host ID #103 "b'\x80\x00\x00\x00g\x00\x00\x00\x01\x06\x00\x0belrond"Test info"'"
2025-06-20 00:08:14,259 - IRCServer[26500] - INFO - Received message from Host ID #102 "b'\x80\x00\x00\x00f\x00\x00\x00\x02\t\x00\x0bsamgamgee"Test info"'"
2025-06-20 00:08:14,500 - IRCServer[26500] - INFO - Sending message to b'\x81\x00\x00\x00g\x00\x00\x00\xc9\x00\x00\x00\x13"Testing 1 2 3 4 5"'
2025-06-20 00:08:14,504 - IRCServer[26500] - INFO - Received msg from Host ID #103 "b'\x81\x00\x00\x00g\x00\x00\x00\xc9\x00\x00\x00\x13"Testing 1 2 3 4 5"'"
2025-06-20 00:08:14,506 - IRCServer[26500] - INFO - Sending message to Host ID #103 "b'\x01\x00\x00\x00\x02\x00\x00\x00g\x00\x01\x00\x00\x00\x0eUnknown ID 201'"
2025-06-20 00:08:14,508 - IRCServer[26500] - INFO - Received message from Host ID #2 "b'\x01\x00\x00\x00\x02\x00\x00\x00g\x00\x01\x00\x00\x00\x0eUnknown ID 201'"
2025-06-20 00:08:14,760 - IRCServer[26500] - INFO - Launching client bilbobaggins...
2025-06-20 00:08:14,769 - IRCServer[26500] - INFO - Sending message to b'\x80\x00\x00\x00h\x00\x00\x00\x00\x0c\x00\x0bbilbobaggins"Test info"'
2025-06-20 00:08:14,773 - IRCServer[26500] - INFO - Received msg from Host ID #104 "b'\x80\x00\x00\x00h\x00\x00\x00\x00\x0c\x00\x0bbilbobaggins"Test info"'"
2025-06-20 00:08:14,786 - IRCServer[26500] - INFO - Received msg from Host ID #104 "b'\x80\x00\x00\x00h\x00\x00\x00\x03\x0c\x00\x0bbilbobaggins"Test info"'"
2025-06-20 00:08:14,787 - IRCServer[26500] - INFO - Received message from Host ID #3 "b'\x01\x00\x00\x00\x03\x00\x00\x00h\x00\x00\x00\x00\x006Welcome to the Clemson Relay Chat network bilbobaggins'"
2025-06-20 00:08:14,792 - IRCServer[26500] - INFO - Received message from Host ID #101 "b'\x80\x00\x00\x00e\x00\x00\x00\x03\x0c\x00\x0bfrodobaggins"Test info"'"
2025-06-20 00:08:14,793 - IRCServer[26500] - INFO - Received message from Host ID #104 "b'\x80\x00\x00\x00h\x00\x00\x00\x01\x0c\x00\x0bbilbobaggins"Test info"'"
2025-06-20 00:08:14,796 - IRCServer[26500] - INFO - Received msg from Host ID #104 "b'\x80\x00\x00\x00h\x00\x00\x00\x01\x0c\x00\x0bbilbobaggins"Test info"'"
2025-06-20 00:08:14,799 - IRCServer[26500] - INFO - Received message from Host ID #104 "b'\x80\x00\x00\x00h\x00\x00\x00\x01\x0c\x00\x0bbilbobaggins"Test info"'"
2025-06-20 00:08:14,805 - IRCServer[26500] - INFO - Received message from Host ID #102 "b'\x80\x00\x00\x00f\x00\x00\x00\x03\t\x00\x0bsamgamgee"Test info"'"
2025-06-20 00:08:14,810 - IRCServer[26500] - INFO - Received message from Host ID #104 "b'\x80\x00\x00\x00h\x00\x00\x00\x02\x0c\x00\x0bbilbobaggins"Test info"'"
2025-06-20 00:08:14,816 - IRCServer[26500] - INFO - Received message from Host ID #103 "b'\x80\x00\x00\x00g\x00\x00\x00\x03\x06\x00\x0belrond"Test info"'"
2025-06-20 00:08:15,263 - IRCServer[26500] - INFO - Cleaning up the server
2025-06-20 00:08:15,265 - IRCServer[26500] - INFO - Server has disconnected!
2025-06-20 00:08:15,266 - IRCServer[26500] - INFO - Server has disconnected!
2025-06-20 00:08:15,266 - IRCServer[26500] - INFO - Cleaning up the server
2025-06-20 00:08:15,268 - IRCServer[26500] - INFO - Server has disconnected!
2025-06-20 00:08:15,268 - IRCServer[26500] - INFO - Cleaning up the server
2025-06-20 00:08:15,269 - IRCServer[26500] - INFO - Server has disconnected!
