2025-06-19 13:21:40,401 - IRCServer[14104] - INFO - Launching server isengard...
2025-06-19 13:21:40,404 - IRCServer[14104] - INFO - Configuring the server socket...
2025-06-19 13:21:40,407 - IRCServer[14104] - INFO - Connecting to remote server rivendale:31302...
2025-06-19 13:21:40,413 - IRCServer[14104] - INFO - Listening for new connections on port 31305
2025-06-19 13:21:40,658 - IRCServer[14104] - INFO - Launching server minastirith...
2025-06-19 13:21:40,660 - IRCServer[14104] - INFO - Configuring the server socket...
2025-06-19 13:21:40,663 - IRCServer[14104] - INFO - Connecting to remote server theshire:31301...
2025-06-19 13:21:40,666 - IRCServer[14104] - INFO - Listening for new connections on port 31306
2025-06-19 13:21:40,915 - IRCServer[14104] - INFO - Launching server osgiliath...
2025-06-19 13:21:40,919 - IRCServer[14104] - INFO - Configuring the server socket...
2025-06-19 13:21:40,929 - IRCServer[14104] - INFO - Connecting to remote server minastiri:31306...
2025-06-19 13:21:40,936 - IRCServer[14104] - INFO - Listening for new connections on port 31307
2025-06-19 13:21:41,170 - IRCServer[14104] - INFO - Launching server barad-dur...
2025-06-19 13:21:41,175 - IRCServer[14104] - INFO - Configuring the server socket...
2025-06-19 13:21:41,181 - IRCServer[14104] - INFO - Connecting to remote server minastiri:31306...
2025-06-19 13:21:41,190 - IRCServer[14104] - INFO - Listening for new connections on port 31308
2025-06-19 13:21:41,674 - IRCServer[14104] - INFO - Cleaning up the server
2025-06-19 13:21:41,693 - IRCServer[14104] - INFO - Cleaning up the server
2025-06-19 13:21:41,696 - IRCServer[14104] - INFO - Cleaning up the server
2025-06-19 13:21:41,700 - IRCServer[14104] - INFO - Cleaning up the server
2025-06-19 13:21:41,809 - IRCServer[14104] - INFO - Cleaning up the server
2025-06-19 13:21:41,812 - IRCServer[14104] - INFO - Cleaning up the server
2025-06-19 13:21:41,911 - IRCServer[14104] - INFO - Cleaning up the server
2025-06-19 13:21:42,026 - IRCServer[14104] - INFO - Cleaning up the server
