2025-06-19 13:48:42,973 - IRCServer[14280] - INFO - Launching server lothlorien...
2025-06-19 13:48:42,977 - IRCServer[14280] - INFO - Configuring the server socket...
2025-06-19 13:48:42,980 - IRCServer[14280] - INFO - Connecting to remote server rivendale:32202...
2025-06-19 13:48:42,983 - IRCServer[14280] - INFO - Connected to another server
2025-06-19 13:48:42,987 - IRCServer[14280] - INFO - Listening for new connections on port 32204
2025-06-19 13:48:42,990 - IRCServer[14280] - INFO - Received msg from Host ID #4 "b'\x00\x00\x00\x00\x04\x00\x00\x00\x00\n\x00\x11lothlorien"The Golden Wood"'"
2025-06-19 13:48:42,993 - IRCServer[14280] - INFO - Received msg from Host ID #2 "b'\x00\x00\x00\x00\x02\x00\x00\x00\x00\t\x00\x0frivendale"Elronds House"'"
2025-06-19 13:48:42,993 - IRCServer[14280] - INFO - Received msg from Host ID #4 "b'\x00\x00\x00\x00\x04\x00\x00\x00\x02\n\x00\x11lothlorien"The Golden Wood"'"
2025-06-19 13:48:42,994 - IRCServer[14280] - INFO - Received msg from Host ID #1 "b'\x00\x00\x00\x00\x01\x00\x00\x00\x02\x08\x00\x15theshire"Home of the Hobbits"'"
2025-06-19 13:48:42,995 - IRCServer[14280] - INFO - Received msg from Host ID #4 "b'\x00\x00\x00\x00\x04\x00\x00\x00\x01\n\x00\x11lothlorien"The Golden Wood"'"
2025-06-19 13:48:42,995 - IRCServer[14280] - INFO - Received msg from Host ID #4 "b'\x00\x00\x00\x00\x04\x00\x00\x00\x01\n\x00\x11lothlorien"The Golden Wood"'"
2025-06-19 13:48:42,996 - IRCServer[14280] - INFO - Received msg from Host ID #3 "b'\x00\x00\x00\x00\x03\x00\x00\x00\x02\x0b\x00\x1cgrey_havens"Gates to the Blessed Realm"'"
2025-06-19 13:48:42,999 - IRCServer[14280] - INFO - Sending message to an unknown IO device "b'\x01\x00\x00\x00\x02\x00\x00\x00\x00\x00\x02\x00\x00\x00*A machine has already registered with ID 4'"
2025-06-19 13:48:43,000 - IRCServer[14280] - INFO - Received msg from Host ID #4 "b'\x00\x00\x00\x00\x04\x00\x00\x00\x03\n\x00\x11lothlorien"The Golden Wood"'"
2025-06-19 13:48:43,001 - IRCServer[14280] - INFO - Received msg from Host ID #4 "b'\x00\x00\x00\x00\x04\x00\x00\x00\x00\n\x00\x11lothlorien"The Golden Wood"'"
2025-06-19 13:48:43,001 - IRCServer[14280] - INFO - Sending message to an unknown IO device "b'\x01\x00\x00\x00\x01\x00\x00\x00\x00\x00\x02\x00\x00\x00*A machine has already registered with ID 4'"
2025-06-19 13:48:43,005 - IRCServer[14280] - INFO - Sending message to an unknown IO device "b'\x01\x00\x00\x00\x02\x00\x00\x00\x00\x00\x02\x00\x00\x00*A machine has already registered with ID 4'"
2025-06-19 13:48:43,008 - IRCServer[14280] - INFO - Received msg from Host ID #1 "b'\x00\x00\x00\x00\x01\x00\x00\x00\x04\x08\x00\x15theshire"Home of the Hobbits"'"
2025-06-19 13:48:43,010 - IRCServer[14280] - INFO - Sending message to an unknown IO device "b'\x01\x00\x00\x00\x02\x00\x00\x00\x00\x00\x02\x00\x00\x00*A machine has already registered with ID 1'"
2025-06-19 13:48:43,012 - IRCServer[14280] - INFO - Received msg from Host ID #3 "b'\x00\x00\x00\x00\x03\x00\x00\x00\x04\x0b\x00\x1cgrey_havens"Gates to the Blessed Realm"'"
2025-06-19 13:48:43,014 - IRCServer[14280] - INFO - Sending message to an unknown IO device "b'\x01\x00\x00\x00\x02\x00\x00\x00\x00\x00\x02\x00\x00\x00*A machine has already registered with ID 3'"
2025-06-19 13:48:43,225 - IRCServer[14280] - INFO - Launching server moria...
2025-06-19 13:48:43,232 - IRCServer[14280] - INFO - Configuring the server socket...
2025-06-19 13:48:43,235 - IRCServer[14280] - INFO - Connecting to remote server rivendale:32202...
2025-06-19 13:48:43,239 - IRCServer[14280] - INFO - Connected to another server
2025-06-19 13:48:43,244 - IRCServer[14280] - INFO - Listening for new connections on port 32205
2025-06-19 13:48:43,245 - IRCServer[14280] - INFO - Received msg from Host ID #5 "b'\x00\x00\x00\x00\x05\x00\x00\x00\x00\x05\x00\x0fmoria"The Black Pit"'"
2025-06-19 13:48:43,247 - IRCServer[14280] - INFO - Received msg from Host ID #5 "b'\x00\x00\x00\x00\x05\x00\x00\x00\x02\x05\x00\x0fmoria"The Black Pit"'"
2025-06-19 13:48:43,247 - IRCServer[14280] - INFO - Received msg from Host ID #5 "b'\x00\x00\x00\x00\x05\x00\x00\x00\x02\x05\x00\x0fmoria"The Black Pit"'"
2025-06-19 13:48:43,247 - IRCServer[14280] - INFO - Received msg from Host ID #2 "b'\x00\x00\x00\x00\x02\x00\x00\x00\x00\t\x00\x0frivendale"Elronds House"'"
2025-06-19 13:48:43,249 - IRCServer[14280] - INFO - Received msg from Host ID #5 "b'\x00\x00\x00\x00\x05\x00\x00\x00\x04\x05\x00\x0fmoria"The Black Pit"'"
2025-06-19 13:48:43,251 - IRCServer[14280] - INFO - Received msg from Host ID #5 "b'\x00\x00\x00\x00\x05\x00\x00\x00\x01\x05\x00\x0fmoria"The Black Pit"'"
2025-06-19 13:48:43,251 - IRCServer[14280] - INFO - Received msg from Host ID #1 "b'\x00\x00\x00\x00\x01\x00\x00\x00\x02\x08\x00\x15theshire"Home of the Hobbits"'"
2025-06-19 13:48:43,252 - IRCServer[14280] - INFO - Sending message to an unknown IO device "b'\x01\x00\x00\x00\x02\x00\x00\x00\x00\x00\x02\x00\x00\x00*A machine has already registered with ID 5'"
2025-06-19 13:48:43,253 - IRCServer[14280] - INFO - Received msg from Host ID #5 "b'\x00\x00\x00\x00\x05\x00\x00\x00\x03\x05\x00\x0fmoria"The Black Pit"'"
2025-06-19 13:48:43,254 - IRCServer[14280] - INFO - Received msg from Host ID #3 "b'\x00\x00\x00\x00\x03\x00\x00\x00\x02\x0b\x00\x1cgrey_havens"Gates to the Blessed Realm"'"
2025-06-19 13:48:43,256 - IRCServer[14280] - INFO - Received msg from Host ID #5 "b'\x00\x00\x00\x00\x05\x00\x00\x00\x01\x05\x00\x0fmoria"The Black Pit"'"
2025-06-19 13:48:43,257 - IRCServer[14280] - INFO - Sending message to an unknown IO device "b'\x01\x00\x00\x00\x01\x00\x00\x00\x00\x00\x02\x00\x00\x00*A machine has already registered with ID 5'"
2025-06-19 13:48:43,257 - IRCServer[14280] - INFO - Received msg from Host ID #4 "b'\x00\x00\x00\x00\x04\x00\x00\x00\x02\n\x00\x11lothlorien"The Golden Wood"'"
2025-06-19 13:48:43,259 - IRCServer[14280] - INFO - Sending message to an unknown IO device "b'\x01\x00\x00\x00\x02\x00\x00\x00\x00\x00\x02\x00\x00\x00*A machine has already registered with ID 5'"
2025-06-19 13:48:43,262 - IRCServer[14280] - INFO - Received msg from Host ID #5 "b'\x00\x00\x00\x00\x05\x00\x00\x00\x00\x05\x00\x0fmoria"The Black Pit"'"
2025-06-19 13:48:43,264 - IRCServer[14280] - INFO - Sending message to an unknown IO device "b'\x01\x00\x00\x00\x02\x00\x00\x00\x00\x00\x02\x00\x00\x00*A machine has already registered with ID 5'"
2025-06-19 13:48:43,265 - IRCServer[14280] - INFO - Received msg from Host ID #1 "b'\x00\x00\x00\x00\x01\x00\x00\x00\x05\x08\x00\x15theshire"Home of the Hobbits"'"
2025-06-19 13:48:43,267 - IRCServer[14280] - INFO - Sending message to an unknown IO device "b'\x01\x00\x00\x00\x02\x00\x00\x00\x00\x00\x02\x00\x00\x00*A machine has already registered with ID 1'"
2025-06-19 13:48:43,268 - IRCServer[14280] - INFO - Received msg from Host ID #3 "b'\x00\x00\x00\x00\x03\x00\x00\x00\x05\x0b\x00\x1cgrey_havens"Gates to the Blessed Realm"'"
2025-06-19 13:48:43,268 - IRCServer[14280] - INFO - Sending message to an unknown IO device "b'\x01\x00\x00\x00\x02\x00\x00\x00\x00\x00\x02\x00\x00\x00*A machine has already registered with ID 3'"
2025-06-19 13:48:43,269 - IRCServer[14280] - INFO - Received msg from Host ID #4 "b'\x00\x00\x00\x00\x04\x00\x00\x00\x05\n\x00\x11lothlorien"The Golden Wood"'"
2025-06-19 13:48:43,278 - IRCServer[14280] - INFO - Sending message to an unknown IO device "b'\x01\x00\x00\x00\x02\x00\x00\x00\x00\x00\x02\x00\x00\x00*A machine has already registered with ID 4'"
2025-06-19 13:48:43,479 - IRCServer[14280] - INFO - Launching server edoras...
2025-06-19 13:48:43,483 - IRCServer[14280] - INFO - Configuring the server socket...
2025-06-19 13:48:43,488 - IRCServer[14280] - INFO - Connecting to remote server lothlorien:32204...
2025-06-19 13:48:43,492 - IRCServer[14280] - INFO - Connected to another server
2025-06-19 13:48:43,495 - IRCServer[14280] - INFO - Listening for new connections on port 32206
2025-06-19 13:48:43,496 - IRCServer[14280] - INFO - Received msg from Host ID #6 "b'\x00\x00\x00\x00\x06\x00\x00\x00\x00\x06\x00%edoras"Home of the Golden Hall of Meduseld"'"
2025-06-19 13:48:43,499 - IRCServer[14280] - INFO - Received msg from Host ID #6 "b'\x00\x00\x00\x00\x06\x00\x00\x00\x04\x06\x00%edoras"Home of the Golden Hall of Meduseld"'"
2025-06-19 13:48:43,499 - IRCServer[14280] - INFO - Received msg from Host ID #4 "b'\x00\x00\x00\x00\x04\x00\x00\x00\x00\n\x00\x11lothlorien"The Golden Wood"'"
2025-06-19 13:48:43,501 - IRCServer[14280] - INFO - Received msg from Host ID #6 "b'\x00\x00\x00\x00\x06\x00\x00\x00\x02\x06\x00%edoras"Home of the Golden Hall of Meduseld"'"
2025-06-19 13:48:43,502 - IRCServer[14280] - INFO - Received msg from Host ID #6 "b'\x00\x00\x00\x00\x06\x00\x00\x00\x02\x06\x00%edoras"Home of the Golden Hall of Meduseld"'"
2025-06-19 13:48:43,502 - IRCServer[14280] - INFO - Received msg from Host ID #2 "b'\x00\x00\x00\x00\x02\x00\x00\x00\x04\t\x00\x0frivendale"Elronds House"'"
2025-06-19 13:48:43,504 - IRCServer[14280] - INFO - Received msg from Host ID #6 "b'\x00\x00\x00\x00\x06\x00\x00\x00\x02\x06\x00%edoras"Home of the Golden Hall of Meduseld"'"
2025-06-19 13:48:43,505 - IRCServer[14280] - INFO - Sending message to an unknown IO device "b'\x01\x00\x00\x00\x04\x00\x00\x00\x00\x00\x02\x00\x00\x00*A machine has already registered with ID 6'"
2025-06-19 13:48:43,508 - IRCServer[14280] - INFO - Received msg from Host ID #6 "b'\x00\x00\x00\x00\x06\x00\x00\x00\x01\x06\x00%edoras"Home of the Golden Hall of Meduseld"'"
2025-06-19 13:48:43,509 - IRCServer[14280] - INFO - Received msg from Host ID #6 "b'\x00\x00\x00\x00\x06\x00\x00\x00\x01\x06\x00%edoras"Home of the Golden Hall of Meduseld"'"
2025-06-19 13:48:43,509 - IRCServer[14280] - INFO - Received msg from Host ID #1 "b'\x00\x00\x00\x00\x01\x00\x00\x00\x04\x08\x00\x15theshire"Home of the Hobbits"'"
2025-06-19 13:48:43,511 - IRCServer[14280] - INFO - Sending message to an unknown IO device "b'\x01\x00\x00\x00\x02\x00\x00\x00\x00\x00\x02\x00\x00\x00*A machine has already registered with ID 6'"
2025-06-19 13:48:43,513 - IRCServer[14280] - INFO - Received msg from Host ID #6 "b'\x00\x00\x00\x00\x06\x00\x00\x00\x03\x06\x00%edoras"Home of the Golden Hall of Meduseld"'"
2025-06-19 13:48:43,514 - IRCServer[14280] - INFO - Received msg from Host ID #6 "b'\x00\x00\x00\x00\x06\x00\x00\x00\x05\x06\x00%edoras"Home of the Golden Hall of Meduseld"'"
2025-06-19 13:48:43,514 - IRCServer[14280] - INFO - Received msg from Host ID #3 "b'\x00\x00\x00\x00\x03\x00\x00\x00\x04\x0b\x00\x1cgrey_havens"Gates to the Blessed Realm"'"
2025-06-19 13:48:43,516 - IRCServer[14280] - INFO - Sending message to an unknown IO device "b'\x01\x00\x00\x00\x01\x00\x00\x00\x00\x00\x02\x00\x00\x00*A machine has already registered with ID 6'"
2025-06-19 13:48:43,517 - IRCServer[14280] - INFO - Sending message to an unknown IO device "b'\x01\x00\x00\x00\x02\x00\x00\x00\x00\x00\x02\x00\x00\x00*A machine has already registered with ID 6'"
2025-06-19 13:48:43,521 - IRCServer[14280] - INFO - Received msg from Host ID #5 "b'\x00\x00\x00\x00\x05\x00\x00\x00\x04\x05\x00\x0fmoria"The Black Pit"'"
2025-06-19 13:48:43,524 - IRCServer[14280] - INFO - Received msg from Host ID #6 "b'\x00\x00\x00\x00\x06\x00\x00\x00\x00\x06\x00%edoras"Home of the Golden Hall of Meduseld"'"
2025-06-19 13:48:43,526 - IRCServer[14280] - INFO - Sending message to an unknown IO device "b'\x01\x00\x00\x00\x04\x00\x00\x00\x00\x00\x02\x00\x00\x00*A machine has already registered with ID 6'"
2025-06-19 13:48:43,527 - IRCServer[14280] - INFO - Received msg from Host ID #2 "b'\x00\x00\x00\x00\x02\x00\x00\x00\x06\t\x00\x0frivendale"Elronds House"'"
2025-06-19 13:48:43,529 - IRCServer[14280] - INFO - Sending message to an unknown IO device "b'\x01\x00\x00\x00\x04\x00\x00\x00\x00\x00\x02\x00\x00\x00*A machine has already registered with ID 2'"
2025-06-19 13:48:43,530 - IRCServer[14280] - INFO - Received msg from Host ID #1 "b'\x00\x00\x00\x00\x01\x00\x00\x00\x06\x08\x00\x15theshire"Home of the Hobbits"'"
2025-06-19 13:48:43,533 - IRCServer[14280] - INFO - Sending message to an unknown IO device "b'\x01\x00\x00\x00\x04\x00\x00\x00\x00\x00\x02\x00\x00\x00*A machine has already registered with ID 1'"
2025-06-19 13:48:43,534 - IRCServer[14280] - INFO - Received msg from Host ID #3 "b'\x00\x00\x00\x00\x03\x00\x00\x00\x06\x0b\x00\x1cgrey_havens"Gates to the Blessed Realm"'"
2025-06-19 13:48:43,534 - IRCServer[14280] - INFO - Sending message to an unknown IO device "b'\x01\x00\x00\x00\x04\x00\x00\x00\x00\x00\x02\x00\x00\x00*A machine has already registered with ID 3'"
2025-06-19 13:48:43,535 - IRCServer[14280] - INFO - Received msg from Host ID #5 "b'\x00\x00\x00\x00\x05\x00\x00\x00\x06\x05\x00\x0fmoria"The Black Pit"'"
2025-06-19 13:48:43,540 - IRCServer[14280] - INFO - Sending message to an unknown IO device "b'\x01\x00\x00\x00\x04\x00\x00\x00\x00\x00\x02\x00\x00\x00*A machine has already registered with ID 5'"
2025-06-19 13:48:43,734 - IRCServer[14280] - INFO - Launching server minastirith...
2025-06-19 13:48:43,741 - IRCServer[14280] - INFO - Configuring the server socket...
2025-06-19 13:48:43,745 - IRCServer[14280] - INFO - Connecting to remote server lothlorien:32204...
2025-06-19 13:48:43,752 - IRCServer[14280] - INFO - Connected to another server
2025-06-19 13:48:43,756 - IRCServer[14280] - INFO - Listening for new connections on port 32207
2025-06-19 13:48:43,759 - IRCServer[14280] - INFO - Received msg from Host ID #7 "b'\x00\x00\x00\x00\x07\x00\x00\x00\x00\x0b\x00\x10minastirith"Tower of Guard"'"
2025-06-19 13:48:43,765 - IRCServer[14280] - INFO - Received msg from Host ID #7 "b'\x00\x00\x00\x00\x07\x00\x00\x00\x04\x0b\x00\x10minastirith"Tower of Guard"'"
2025-06-19 13:48:43,765 - IRCServer[14280] - INFO - Received msg from Host ID #4 "b'\x00\x00\x00\x00\x04\x00\x00\x00\x00\n\x00\x11lothlorien"The Golden Wood"'"
2025-06-19 13:48:43,766 - IRCServer[14280] - INFO - Received msg from Host ID #7 "b'\x00\x00\x00\x00\x07\x00\x00\x00\x04\x0b\x00\x10minastirith"Tower of Guard"'"
2025-06-19 13:48:43,770 - IRCServer[14280] - INFO - Received msg from Host ID #7 "b'\x00\x00\x00\x00\x07\x00\x00\x00\x06\x0b\x00\x10minastirith"Tower of Guard"'"
2025-06-19 13:48:43,773 - IRCServer[14280] - INFO - Received msg from Host ID #2 "b'\x00\x00\x00\x00\x02\x00\x00\x00\x04\t\x00\x0frivendale"Elronds House"'"
2025-06-19 13:48:43,773 - IRCServer[14280] - INFO - Sending message to an unknown IO device "b'\x01\x00\x00\x00\x04\x00\x00\x00\x00\x00\x02\x00\x00\x00*A machine has already registered with ID 7'"
2025-06-19 13:48:43,775 - IRCServer[14280] - INFO - Received msg from Host ID #7 "b'\x00\x00\x00\x00\x07\x00\x00\x00\x02\x0b\x00\x10minastirith"Tower of Guard"'"
2025-06-19 13:48:43,776 - IRCServer[14280] - INFO - Received msg from Host ID #1 "b'\x00\x00\x00\x00\x01\x00\x00\x00\x04\x08\x00\x15theshire"Home of the Hobbits"'"
2025-06-19 13:48:43,778 - IRCServer[14280] - INFO - Received msg from Host ID #7 "b'\x00\x00\x00\x00\x07\x00\x00\x00\x02\x0b\x00\x10minastirith"Tower of Guard"'"
2025-06-19 13:48:43,779 - IRCServer[14280] - INFO - Received msg from Host ID #7 "b'\x00\x00\x00\x00\x07\x00\x00\x00\x02\x0b\x00\x10minastirith"Tower of Guard"'"
2025-06-19 13:48:43,781 - IRCServer[14280] - INFO - Received msg from Host ID #7 "b'\x00\x00\x00\x00\x07\x00\x00\x00\x01\x0b\x00\x10minastirith"Tower of Guard"'"
2025-06-19 13:48:43,781 - IRCServer[14280] - INFO - Received msg from Host ID #7 "b'\x00\x00\x00\x00\x07\x00\x00\x00\x01\x0b\x00\x10minastirith"Tower of Guard"'"
2025-06-19 13:48:43,782 - IRCServer[14280] - INFO - Received msg from Host ID #3 "b'\x00\x00\x00\x00\x03\x00\x00\x00\x04\x0b\x00\x1cgrey_havens"Gates to the Blessed Realm"'"
2025-06-19 13:48:43,786 - IRCServer[14280] - INFO - Sending message to an unknown IO device "b'\x01\x00\x00\x00\x04\x00\x00\x00\x00\x00\x02\x00\x00\x00*A machine has already registered with ID 7'"
2025-06-19 13:48:43,788 - IRCServer[14280] - INFO - Received msg from Host ID #7 "b'\x00\x00\x00\x00\x07\x00\x00\x00\x03\x0b\x00\x10minastirith"Tower of Guard"'"
2025-06-19 13:48:43,789 - IRCServer[14280] - INFO - Sending message to an unknown IO device "b'\x01\x00\x00\x00\x02\x00\x00\x00\x00\x00\x02\x00\x00\x00*A machine has already registered with ID 7'"
2025-06-19 13:48:43,790 - IRCServer[14280] - INFO - Received msg from Host ID #5 "b'\x00\x00\x00\x00\x05\x00\x00\x00\x04\x05\x00\x0fmoria"The Black Pit"'"
2025-06-19 13:48:43,793 - IRCServer[14280] - INFO - Sending message to an unknown IO device "b'\x01\x00\x00\x00\x01\x00\x00\x00\x00\x00\x02\x00\x00\x00*A machine has already registered with ID 7'"
2025-06-19 13:48:43,795 - IRCServer[14280] - INFO - Received msg from Host ID #7 "b'\x00\x00\x00\x00\x07\x00\x00\x00\x05\x0b\x00\x10minastirith"Tower of Guard"'"
2025-06-19 13:48:43,796 - IRCServer[14280] - INFO - Received msg from Host ID #6 "b'\x00\x00\x00\x00\x06\x00\x00\x00\x04\x06\x00%edoras"Home of the Golden Hall of Meduseld"'"
2025-06-19 13:48:43,798 - IRCServer[14280] - INFO - Sending message to an unknown IO device "b'\x01\x00\x00\x00\x02\x00\x00\x00\x00\x00\x02\x00\x00\x00*A machine has already registered with ID 7'"
2025-06-19 13:48:43,800 - IRCServer[14280] - INFO - Received msg from Host ID #7 "b'\x00\x00\x00\x00\x07\x00\x00\x00\x00\x0b\x00\x10minastirith"Tower of Guard"'"
2025-06-19 13:48:43,806 - IRCServer[14280] - INFO - Sending message to an unknown IO device "b'\x01\x00\x00\x00\x04\x00\x00\x00\x00\x00\x02\x00\x00\x00*A machine has already registered with ID 7'"
2025-06-19 13:48:43,808 - IRCServer[14280] - INFO - Received msg from Host ID #2 "b'\x00\x00\x00\x00\x02\x00\x00\x00\x07\t\x00\x0frivendale"Elronds House"'"
2025-06-19 13:48:43,814 - IRCServer[14280] - INFO - Sending message to an unknown IO device "b'\x01\x00\x00\x00\x04\x00\x00\x00\x00\x00\x02\x00\x00\x00*A machine has already registered with ID 2'"
2025-06-19 13:48:43,818 - IRCServer[14280] - INFO - Received msg from Host ID #1 "b'\x00\x00\x00\x00\x01\x00\x00\x00\x07\x08\x00\x15theshire"Home of the Hobbits"'"
2025-06-19 13:48:43,823 - IRCServer[14280] - INFO - Sending message to an unknown IO device "b'\x01\x00\x00\x00\x04\x00\x00\x00\x00\x00\x02\x00\x00\x00*A machine has already registered with ID 1'"
2025-06-19 13:48:43,826 - IRCServer[14280] - INFO - Received msg from Host ID #3 "b'\x00\x00\x00\x00\x03\x00\x00\x00\x07\x0b\x00\x1cgrey_havens"Gates to the Blessed Realm"'"
2025-06-19 13:48:43,834 - IRCServer[14280] - INFO - Sending message to an unknown IO device "b'\x01\x00\x00\x00\x04\x00\x00\x00\x00\x00\x02\x00\x00\x00*A machine has already registered with ID 3'"
2025-06-19 13:48:43,838 - IRCServer[14280] - INFO - Received msg from Host ID #5 "b'\x00\x00\x00\x00\x05\x00\x00\x00\x07\x05\x00\x0fmoria"The Black Pit"'"
2025-06-19 13:48:43,846 - IRCServer[14280] - INFO - Sending message to an unknown IO device "b'\x01\x00\x00\x00\x04\x00\x00\x00\x00\x00\x02\x00\x00\x00*A machine has already registered with ID 5'"
2025-06-19 13:48:43,851 - IRCServer[14280] - INFO - Received msg from Host ID #6 "b'\x00\x00\x00\x00\x06\x00\x00\x00\x07\x06\x00%edoras"Home of the Golden Hall of Meduseld"'"
2025-06-19 13:48:43,854 - IRCServer[14280] - INFO - Sending message to an unknown IO device "b'\x01\x00\x00\x00\x04\x00\x00\x00\x00\x00\x02\x00\x00\x00*A machine has already registered with ID 6'"
2025-06-19 13:48:43,989 - IRCServer[14280] - INFO - Launching server mirkwood...
2025-06-19 13:48:44,002 - IRCServer[14280] - INFO - Configuring the server socket...
2025-06-19 13:48:44,012 - IRCServer[14280] - INFO - Connecting to remote server rivendale:32202...
2025-06-19 13:48:44,019 - IRCServer[14280] - INFO - Connected to another server
2025-06-19 13:48:44,024 - IRCServer[14280] - INFO - Listening for new connections on port 32208
2025-06-19 13:48:44,033 - IRCServer[14280] - INFO - Received msg from Host ID #8 "b'\x00\x00\x00\x00\x08\x00\x00\x00\x00\x08\x00\x15mirkwood"Wood of Greenleaves"'"
2025-06-19 13:48:44,035 - IRCServer[14280] - INFO - Received msg from Host ID #8 "b'\x00\x00\x00\x00\x08\x00\x00\x00\x02\x08\x00\x15mirkwood"Wood of Greenleaves"'"
2025-06-19 13:48:44,036 - IRCServer[14280] - INFO - Received msg from Host ID #8 "b'\x00\x00\x00\x00\x08\x00\x00\x00\x01\x08\x00\x15mirkwood"Wood of Greenleaves"'"
2025-06-19 13:48:44,044 - IRCServer[14280] - INFO - Sending message to an unknown IO device "b'\x01\x00\x00\x00\x02\x00\x00\x00\x00\x00\x02\x00\x00\x00*A machine has already registered with ID 8'"
2025-06-19 13:48:44,037 - IRCServer[14280] - INFO - Received msg from Host ID #8 "b'\x00\x00\x00\x00\x08\x00\x00\x00\x02\x08\x00\x15mirkwood"Wood of Greenleaves"'"
2025-06-19 13:48:44,043 - IRCServer[14280] - INFO - Received msg from Host ID #2 "b'\x00\x00\x00\x00\x02\x00\x00\x00\x00\t\x00\x0frivendale"Elronds House"'"
2025-06-19 13:48:44,135 - IRCServer[14280] - INFO - Received msg from Host ID #8 "b'\x00\x00\x00\x00\x08\x00\x00\x00\x04\x08\x00\x15mirkwood"Wood of Greenleaves"'"
2025-06-19 13:48:44,043 - IRCServer[14280] - INFO - Received msg from Host ID #8 "b'\x00\x00\x00\x00\x08\x00\x00\x00\x01\x08\x00\x15mirkwood"Wood of Greenleaves"'"
2025-06-19 13:48:44,036 - IRCServer[14280] - INFO - Received msg from Host ID #8 "b'\x00\x00\x00\x00\x08\x00\x00\x00\x02\x08\x00\x15mirkwood"Wood of Greenleaves"'"
2025-06-19 13:48:44,141 - IRCServer[14280] - INFO - Received msg from Host ID #8 "b'\x00\x00\x00\x00\x08\x00\x00\x00\x04\x08\x00\x15mirkwood"Wood of Greenleaves"'"
2025-06-19 13:48:44,144 - IRCServer[14280] - INFO - Received msg from Host ID #1 "b'\x00\x00\x00\x00\x01\x00\x00\x00\x02\x08\x00\x15theshire"Home of the Hobbits"'"
2025-06-19 13:48:44,145 - IRCServer[14280] - INFO - Sending message to an unknown IO device "b'\x01\x00\x00\x00\x02\x00\x00\x00\x00\x00\x02\x00\x00\x00*A machine has already registered with ID 8'"
2025-06-19 13:48:44,148 - IRCServer[14280] - INFO - Received msg from Host ID #8 "b'\x00\x00\x00\x00\x08\x00\x00\x00\x03\x08\x00\x15mirkwood"Wood of Greenleaves"'"
2025-06-19 13:48:44,151 - IRCServer[14280] - INFO - Received msg from Host ID #8 "b'\x00\x00\x00\x00\x08\x00\x00\x00\x04\x08\x00\x15mirkwood"Wood of Greenleaves"'"
2025-06-19 13:48:44,157 - IRCServer[14280] - INFO - Received msg from Host ID #8 "b'\x00\x00\x00\x00\x08\x00\x00\x00\x07\x08\x00\x15mirkwood"Wood of Greenleaves"'"
2025-06-19 13:48:44,158 - IRCServer[14280] - INFO - Received msg from Host ID #3 "b'\x00\x00\x00\x00\x03\x00\x00\x00\x02\x0b\x00\x1cgrey_havens"Gates to the Blessed Realm"'"
2025-06-19 13:48:44,160 - IRCServer[14280] - INFO - Received msg from Host ID #8 "b'\x00\x00\x00\x00\x08\x00\x00\x00\x05\x08\x00\x15mirkwood"Wood of Greenleaves"'"
2025-06-19 13:48:44,164 - IRCServer[14280] - INFO - Sending message to an unknown IO device "b'\x01\x00\x00\x00\x01\x00\x00\x00\x00\x00\x02\x00\x00\x00*A machine has already registered with ID 8'"
2025-06-19 13:48:44,166 - IRCServer[14280] - INFO - Sending message to an unknown IO device "b'\x01\x00\x00\x00\x04\x00\x00\x00\x00\x00\x02\x00\x00\x00*A machine has already registered with ID 8'"
2025-06-19 13:48:44,168 - IRCServer[14280] - INFO - Received msg from Host ID #4 "b'\x00\x00\x00\x00\x04\x00\x00\x00\x02\n\x00\x11lothlorien"The Golden Wood"'"
2025-06-19 13:48:44,170 - IRCServer[14280] - INFO - Sending message to an unknown IO device "b'\x01\x00\x00\x00\x02\x00\x00\x00\x00\x00\x02\x00\x00\x00*A machine has already registered with ID 8'"
2025-06-19 13:48:44,188 - IRCServer[14280] - INFO - Received msg from Host ID #8 "b'\x00\x00\x00\x00\x08\x00\x00\x00\x06\x08\x00\x15mirkwood"Wood of Greenleaves"'"
2025-06-19 13:48:44,193 - IRCServer[14280] - INFO - Received msg from Host ID #5 "b'\x00\x00\x00\x00\x05\x00\x00\x00\x02\x05\x00\x0fmoria"The Black Pit"'"
2025-06-19 13:48:44,194 - IRCServer[14280] - INFO - Sending message to an unknown IO device "b'\x01\x00\x00\x00\x04\x00\x00\x00\x00\x00\x02\x00\x00\x00*A machine has already registered with ID 8'"
2025-06-19 13:48:44,199 - IRCServer[14280] - INFO - Received msg from Host ID #6 "b'\x00\x00\x00\x00\x06\x00\x00\x00\x02\x06\x00%edoras"Home of the Golden Hall of Meduseld"'"
2025-06-19 13:48:44,203 - IRCServer[14280] - INFO - Received msg from Host ID #7 "b'\x00\x00\x00\x00\x07\x00\x00\x00\x02\x0b\x00\x10minastirith"Tower of Guard"'"
2025-06-19 13:48:44,212 - IRCServer[14280] - INFO - Received msg from Host ID #8 "b'\x00\x00\x00\x00\x08\x00\x00\x00\x00\x08\x00\x15mirkwood"Wood of Greenleaves"'"
2025-06-19 13:48:44,217 - IRCServer[14280] - INFO - Sending message to an unknown IO device "b'\x01\x00\x00\x00\x02\x00\x00\x00\x00\x00\x02\x00\x00\x00*A machine has already registered with ID 8'"
2025-06-19 13:48:44,223 - IRCServer[14280] - INFO - Received msg from Host ID #1 "b'\x00\x00\x00\x00\x01\x00\x00\x00\x08\x08\x00\x15theshire"Home of the Hobbits"'"
2025-06-19 13:48:44,231 - IRCServer[14280] - INFO - Sending message to an unknown IO device "b'\x01\x00\x00\x00\x02\x00\x00\x00\x00\x00\x02\x00\x00\x00*A machine has already registered with ID 1'"
2025-06-19 13:48:44,237 - IRCServer[14280] - INFO - Received msg from Host ID #3 "b'\x00\x00\x00\x00\x03\x00\x00\x00\x08\x0b\x00\x1cgrey_havens"Gates to the Blessed Realm"'"
2025-06-19 13:48:44,242 - IRCServer[14280] - INFO - Sending message to an unknown IO device "b'\x01\x00\x00\x00\x02\x00\x00\x00\x00\x00\x02\x00\x00\x00*A machine has already registered with ID 3'"
2025-06-19 13:48:44,245 - IRCServer[14280] - INFO - Launching server isengard...
2025-06-19 13:48:44,249 - IRCServer[14280] - INFO - Received msg from Host ID #4 "b'\x00\x00\x00\x00\x04\x00\x00\x00\x08\n\x00\x11lothlorien"The Golden Wood"'"
2025-06-19 13:48:44,252 - IRCServer[14280] - INFO - Configuring the server socket...
2025-06-19 13:48:44,258 - IRCServer[14280] - INFO - Sending message to an unknown IO device "b'\x01\x00\x00\x00\x02\x00\x00\x00\x00\x00\x02\x00\x00\x00*A machine has already registered with ID 4'"
2025-06-19 13:48:44,263 - IRCServer[14280] - INFO - Connecting to remote server edoras:32206...
2025-06-19 13:48:44,264 - IRCServer[14280] - INFO - Received msg from Host ID #5 "b'\x00\x00\x00\x00\x05\x00\x00\x00\x08\x05\x00\x0fmoria"The Black Pit"'"
2025-06-19 13:48:44,267 - IRCServer[14280] - INFO - Connected to another server
2025-06-19 13:48:44,271 - IRCServer[14280] - INFO - Sending message to an unknown IO device "b'\x01\x00\x00\x00\x02\x00\x00\x00\x00\x00\x02\x00\x00\x00*A machine has already registered with ID 5'"
2025-06-19 13:48:44,276 - IRCServer[14280] - INFO - Listening for new connections on port 32209
2025-06-19 13:48:44,282 - IRCServer[14280] - INFO - Received msg from Host ID #6 "b'\x00\x00\x00\x00\x06\x00\x00\x00\x08\x06\x00%edoras"Home of the Golden Hall of Meduseld"'"
2025-06-19 13:48:44,287 - IRCServer[14280] - INFO - Received msg from Host ID #9 "b'\x00\x00\x00\x00\t\x00\x00\x00\x00\x08\x00\x1disengard"Angrenost, The Iron Fortres"'"
2025-06-19 13:48:44,293 - IRCServer[14280] - INFO - Sending message to an unknown IO device "b'\x01\x00\x00\x00\x02\x00\x00\x00\x00\x00\x02\x00\x00\x00*A machine has already registered with ID 6'"
2025-06-19 13:48:44,295 - IRCServer[14280] - INFO - Received msg from Host ID #9 "b'\x00\x00\x00\x00\t\x00\x00\x00\x06\x08\x00\x1disengard"Angrenost, The Iron Fortres"'"
2025-06-19 13:48:44,296 - IRCServer[14280] - INFO - Received msg from Host ID #6 "b'\x00\x00\x00\x00\x06\x00\x00\x00\x00\x06\x00%edoras"Home of the Golden Hall of Meduseld"'"
2025-06-19 13:48:44,299 - IRCServer[14280] - INFO - Received msg from Host ID #7 "b'\x00\x00\x00\x00\x07\x00\x00\x00\x08\x0b\x00\x10minastirith"Tower of Guard"'"
2025-06-19 13:48:44,302 - IRCServer[14280] - INFO - Received msg from Host ID #9 "b'\x00\x00\x00\x00\t\x00\x00\x00\x04\x08\x00\x1disengard"Angrenost, The Iron Fortres"'"
2025-06-19 13:48:44,302 - IRCServer[14280] - INFO - Received msg from Host ID #9 "b'\x00\x00\x00\x00\t\x00\x00\x00\x04\x08\x00\x1disengard"Angrenost, The Iron Fortres"'"
2025-06-19 13:48:44,309 - IRCServer[14280] - INFO - Received msg from Host ID #4 "b'\x00\x00\x00\x00\x04\x00\x00\x00\x06\n\x00\x11lothlorien"The Golden Wood"'"
2025-06-19 13:48:44,311 - IRCServer[14280] - INFO - Sending message to an unknown IO device "b'\x01\x00\x00\x00\x02\x00\x00\x00\x00\x00\x02\x00\x00\x00*A machine has already registered with ID 7'"
2025-06-19 13:48:44,316 - IRCServer[14280] - INFO - Sending message to an unknown IO device "b'\x01\x00\x00\x00\x06\x00\x00\x00\x00\x00\x02\x00\x00\x00*A machine has already registered with ID 9'"
2025-06-19 13:48:44,316 - IRCServer[14280] - INFO - Received msg from Host ID #9 "b'\x00\x00\x00\x00\t\x00\x00\x00\x07\x08\x00\x1disengard"Angrenost, The Iron Fortres"'"
2025-06-19 13:48:44,319 - IRCServer[14280] - INFO - Received msg from Host ID #2 "b'\x00\x00\x00\x00\x02\x00\x00\x00\x06\t\x00\x0frivendale"Elronds House"'"
2025-06-19 13:48:44,325 - IRCServer[14280] - INFO - Received msg from Host ID #9 "b'\x00\x00\x00\x00\t\x00\x00\x00\x04\x08\x00\x1disengard"Angrenost, The Iron Fortres"'"
2025-06-19 13:48:44,330 - IRCServer[14280] - INFO - Sending message to an unknown IO device "b'\x01\x00\x00\x00\x04\x00\x00\x00\x00\x00\x02\x00\x00\x00*A machine has already registered with ID 9'"
2025-06-19 13:48:44,332 - IRCServer[14280] - INFO - Received msg from Host ID #1 "b'\x00\x00\x00\x00\x01\x00\x00\x00\x06\x08\x00\x15theshire"Home of the Hobbits"'"
2025-06-19 13:48:44,340 - IRCServer[14280] - INFO - Received msg from Host ID #9 "b'\x00\x00\x00\x00\t\x00\x00\x00\x02\x08\x00\x1disengard"Angrenost, The Iron Fortres"'"
2025-06-19 13:48:44,341 - IRCServer[14280] - INFO - Received msg from Host ID #9 "b'\x00\x00\x00\x00\t\x00\x00\x00\x02\x08\x00\x1disengard"Angrenost, The Iron Fortres"'"
2025-06-19 13:48:44,343 - IRCServer[14280] - INFO - Received msg from Host ID #9 "b'\x00\x00\x00\x00\t\x00\x00\x00\x02\x08\x00\x1disengard"Angrenost, The Iron Fortres"'"
2025-06-19 13:48:44,344 - IRCServer[14280] - INFO - Received msg from Host ID #9 "b'\x00\x00\x00\x00\t\x00\x00\x00\x02\x08\x00\x1disengard"Angrenost, The Iron Fortres"'"
2025-06-19 13:48:44,348 - IRCServer[14280] - INFO - Received msg from Host ID #3 "b'\x00\x00\x00\x00\x03\x00\x00\x00\x06\x0b\x00\x1cgrey_havens"Gates to the Blessed Realm"'"
2025-06-19 13:48:44,350 - IRCServer[14280] - INFO - Received msg from Host ID #9 "b'\x00\x00\x00\x00\t\x00\x00\x00\x05\x08\x00\x1disengard"Angrenost, The Iron Fortres"'"
2025-06-19 13:48:44,354 - IRCServer[14280] - INFO - Received msg from Host ID #9 "b'\x00\x00\x00\x00\t\x00\x00\x00\x01\x08\x00\x1disengard"Angrenost, The Iron Fortres"'"
2025-06-19 13:48:44,355 - IRCServer[14280] - INFO - Received msg from Host ID #5 "b'\x00\x00\x00\x00\x05\x00\x00\x00\x06\x05\x00\x0fmoria"The Black Pit"'"
2025-06-19 13:48:44,355 - IRCServer[14280] - INFO - Sending message to an unknown IO device "b'\x01\x00\x00\x00\x04\x00\x00\x00\x00\x00\x02\x00\x00\x00*A machine has already registered with ID 9'"
2025-06-19 13:48:44,356 - IRCServer[14280] - INFO - Sending message to an unknown IO device "b'\x01\x00\x00\x00\x02\x00\x00\x00\x00\x00\x02\x00\x00\x00*A machine has already registered with ID 9'"
2025-06-19 13:48:44,361 - IRCServer[14280] - INFO - Received msg from Host ID #9 "b'\x00\x00\x00\x00\t\x00\x00\x00\x03\x08\x00\x1disengard"Angrenost, The Iron Fortres"'"
2025-06-19 13:48:44,366 - IRCServer[14280] - INFO - Received msg from Host ID #7 "b'\x00\x00\x00\x00\x07\x00\x00\x00\x06\x0b\x00\x10minastirith"Tower of Guard"'"
2025-06-19 13:48:44,373 - IRCServer[14280] - INFO - Received msg from Host ID #9 "b'\x00\x00\x00\x00\t\x00\x00\x00\x08\x08\x00\x1disengard"Angrenost, The Iron Fortres"'"
2025-06-19 13:48:44,374 - IRCServer[14280] - INFO - Sending message to an unknown IO device "b'\x01\x00\x00\x00\x01\x00\x00\x00\x00\x00\x02\x00\x00\x00*A machine has already registered with ID 9'"
2025-06-19 13:48:44,375 - IRCServer[14280] - INFO - Received msg from Host ID #8 "b'\x00\x00\x00\x00\x08\x00\x00\x00\x06\x08\x00\x15mirkwood"Wood of Greenleaves"'"
2025-06-19 13:48:44,378 - IRCServer[14280] - INFO - Sending message to an unknown IO device "b'\x01\x00\x00\x00\x02\x00\x00\x00\x00\x00\x02\x00\x00\x00*A machine has already registered with ID 9'"
2025-06-19 13:48:44,380 - IRCServer[14280] - INFO - Received msg from Host ID #9 "b'\x00\x00\x00\x00\t\x00\x00\x00\x00\x08\x00\x1disengard"Angrenost, The Iron Fortres"'"
2025-06-19 13:48:44,394 - IRCServer[14280] - INFO - Received msg from Host ID #9 "b'\x00\x00\x00\x00\t\x00\x00\x00\x01\x08\x00\x1disengard"Angrenost, The Iron Fortres"'"
2025-06-19 13:48:44,395 - IRCServer[14280] - INFO - Sending message to an unknown IO device "b'\x01\x00\x00\x00\x06\x00\x00\x00\x00\x00\x02\x00\x00\x00*A machine has already registered with ID 9'"
2025-06-19 13:48:44,399 - IRCServer[14280] - INFO - Sending message to an unknown IO device "b'\x01\x00\x00\x00\x02\x00\x00\x00\x00\x00\x02\x00\x00\x00*A machine has already registered with ID 9'"
2025-06-19 13:48:44,400 - IRCServer[14280] - INFO - Received msg from Host ID #4 "b'\x00\x00\x00\x00\x04\x00\x00\x00\t\n\x00\x11lothlorien"The Golden Wood"'"
2025-06-19 13:48:44,405 - IRCServer[14280] - INFO - Sending message to an unknown IO device "b'\x01\x00\x00\x00\x06\x00\x00\x00\x00\x00\x02\x00\x00\x00*A machine has already registered with ID 4'"
2025-06-19 13:48:44,415 - IRCServer[14280] - INFO - Received msg from Host ID #2 "b'\x00\x00\x00\x00\x02\x00\x00\x00\t\t\x00\x0frivendale"Elronds House"'"
2025-06-19 13:48:44,419 - IRCServer[14280] - INFO - Sending message to an unknown IO device "b'\x01\x00\x00\x00\x06\x00\x00\x00\x00\x00\x02\x00\x00\x00*A machine has already registered with ID 2'"
2025-06-19 13:48:44,425 - IRCServer[14280] - INFO - Received msg from Host ID #1 "b'\x00\x00\x00\x00\x01\x00\x00\x00\t\x08\x00\x15theshire"Home of the Hobbits"'"
2025-06-19 13:48:44,434 - IRCServer[14280] - INFO - Sending message to an unknown IO device "b'\x01\x00\x00\x00\x06\x00\x00\x00\x00\x00\x02\x00\x00\x00*A machine has already registered with ID 1'"
2025-06-19 13:48:44,441 - IRCServer[14280] - INFO - Received msg from Host ID #3 "b'\x00\x00\x00\x00\x03\x00\x00\x00\t\x0b\x00\x1cgrey_havens"Gates to the Blessed Realm"'"
2025-06-19 13:48:44,452 - IRCServer[14280] - INFO - Sending message to an unknown IO device "b'\x01\x00\x00\x00\x06\x00\x00\x00\x00\x00\x02\x00\x00\x00*A machine has already registered with ID 3'"
2025-06-19 13:48:44,459 - IRCServer[14280] - INFO - Received msg from Host ID #5 "b'\x00\x00\x00\x00\x05\x00\x00\x00\t\x05\x00\x0fmoria"The Black Pit"'"
2025-06-19 13:48:44,466 - IRCServer[14280] - INFO - Sending message to an unknown IO device "b'\x01\x00\x00\x00\x06\x00\x00\x00\x00\x00\x02\x00\x00\x00*A machine has already registered with ID 5'"
2025-06-19 13:48:44,474 - IRCServer[14280] - INFO - Received msg from Host ID #7 "b'\x00\x00\x00\x00\x07\x00\x00\x00\t\x0b\x00\x10minastirith"Tower of Guard"'"
2025-06-19 13:48:44,479 - IRCServer[14280] - INFO - Sending message to an unknown IO device "b'\x01\x00\x00\x00\x06\x00\x00\x00\x00\x00\x02\x00\x00\x00*A machine has already registered with ID 7'"
2025-06-19 13:48:44,484 - IRCServer[14280] - INFO - Received msg from Host ID #8 "b'\x00\x00\x00\x00\x08\x00\x00\x00\t\x08\x00\x15mirkwood"Wood of Greenleaves"'"
2025-06-19 13:48:44,491 - IRCServer[14280] - INFO - Sending message to an unknown IO device "b'\x01\x00\x00\x00\x06\x00\x00\x00\x00\x00\x02\x00\x00\x00*A machine has already registered with ID 8'"
2025-06-19 13:48:44,501 - IRCServer[14280] - INFO - Launching server osgiliath...
2025-06-19 13:48:44,511 - IRCServer[14280] - INFO - Configuring the server socket...
2025-06-19 13:48:44,518 - IRCServer[14280] - INFO - Connecting to remote server minastirith:32207...
2025-06-19 13:48:44,528 - IRCServer[14280] - INFO - Connected to another server
2025-06-19 13:48:44,532 - IRCServer[14280] - INFO - Listening for new connections on port 32210
2025-06-19 13:48:44,540 - IRCServer[14280] - INFO - Received msg from Host ID #10 "b'\x00\x00\x00\x00\n\x00\x00\x00\x00\t\x00\x16osgiliath"Citadel of the Stars"'"
2025-06-19 13:48:44,548 - IRCServer[14280] - INFO - Received msg from Host ID #7 "b'\x00\x00\x00\x00\x07\x00\x00\x00\x00\x0b\x00\x10minastirith"Tower of Guard"'"
2025-06-19 13:48:44,549 - IRCServer[14280] - INFO - Received msg from Host ID #10 "b'\x00\x00\x00\x00\n\x00\x00\x00\x07\t\x00\x16osgiliath"Citadel of the Stars"'"
2025-06-19 13:48:44,562 - IRCServer[14280] - INFO - Received msg from Host ID #4 "b'\x00\x00\x00\x00\x04\x00\x00\x00\x07\n\x00\x11lothlorien"The Golden Wood"'"
2025-06-19 13:48:44,566 - IRCServer[14280] - INFO - Received msg from Host ID #10 "b'\x00\x00\x00\x00\n\x00\x00\x00\x04\t\x00\x16osgiliath"Citadel of the Stars"'"
2025-06-19 13:48:44,567 - IRCServer[14280] - INFO - Received msg from Host ID #10 "b'\x00\x00\x00\x00\n\x00\x00\x00\x04\t\x00\x16osgiliath"Citadel of the Stars"'"
2025-06-19 13:48:44,569 - IRCServer[14280] - INFO - Received msg from Host ID #2 "b'\x00\x00\x00\x00\x02\x00\x00\x00\x07\t\x00\x0frivendale"Elronds House"'"
2025-06-19 13:48:44,570 - IRCServer[14280] - INFO - Received msg from Host ID #10 "b'\x00\x00\x00\x00\n\x00\x00\x00\x04\t\x00\x16osgiliath"Citadel of the Stars"'"
2025-06-19 13:48:44,575 - IRCServer[14280] - INFO - Sending message to an unknown IO device "b'\x01\x00\x00\x00\x07\x00\x00\x00\x00\x00\x02\x00\x00\x00+A machine has already registered with ID 10'"
2025-06-19 13:48:44,577 - IRCServer[14280] - INFO - Received msg from Host ID #10 "b'\x00\x00\x00\x00\n\x00\x00\x00\x02\t\x00\x16osgiliath"Citadel of the Stars"'"
2025-06-19 13:48:44,578 - IRCServer[14280] - INFO - Received msg from Host ID #10 "b'\x00\x00\x00\x00\n\x00\x00\x00\x02\t\x00\x16osgiliath"Citadel of the Stars"'"
2025-06-19 13:48:44,580 - IRCServer[14280] - INFO - Received msg from Host ID #10 "b'\x00\x00\x00\x00\n\x00\x00\x00\x02\t\x00\x16osgiliath"Citadel of the Stars"'"
2025-06-19 13:48:44,580 - IRCServer[14280] - INFO - Received msg from Host ID #1 "b'\x00\x00\x00\x00\x01\x00\x00\x00\x07\x08\x00\x15theshire"Home of the Hobbits"'"
2025-06-19 13:48:44,581 - IRCServer[14280] - INFO - Received msg from Host ID #10 "b'\x00\x00\x00\x00\n\x00\x00\x00\x02\t\x00\x16osgiliath"Citadel of the Stars"'"
2025-06-19 13:48:44,585 - IRCServer[14280] - INFO - Sending message to an unknown IO device "b'\x01\x00\x00\x00\x04\x00\x00\x00\x00\x00\x02\x00\x00\x00+A machine has already registered with ID 10'"
2025-06-19 13:48:44,587 - IRCServer[14280] - INFO - Received msg from Host ID #10 "b'\x00\x00\x00\x00\n\x00\x00\x00\x06\t\x00\x16osgiliath"Citadel of the Stars"'"
2025-06-19 13:48:44,587 - IRCServer[14280] - INFO - Received msg from Host ID #10 "b'\x00\x00\x00\x00\n\x00\x00\x00\x08\t\x00\x16osgiliath"Citadel of the Stars"'"
2025-06-19 13:48:44,595 - IRCServer[14280] - INFO - Received msg from Host ID #3 "b'\x00\x00\x00\x00\x03\x00\x00\x00\x07\x0b\x00\x1cgrey_havens"Gates to the Blessed Realm"'"
2025-06-19 13:48:44,599 - IRCServer[14280] - INFO - Received msg from Host ID #10 "b'\x00\x00\x00\x00\n\x00\x00\x00\x01\t\x00\x16osgiliath"Citadel of the Stars"'"
2025-06-19 13:48:44,600 - IRCServer[14280] - INFO - Received msg from Host ID #10 "b'\x00\x00\x00\x00\n\x00\x00\x00\t\t\x00\x16osgiliath"Citadel of the Stars"'"
2025-06-19 13:48:44,602 - IRCServer[14280] - INFO - Received msg from Host ID #10 "b'\x00\x00\x00\x00\n\x00\x00\x00\x06\t\x00\x16osgiliath"Citadel of the Stars"'"
2025-06-19 13:48:44,603 - IRCServer[14280] - INFO - Received msg from Host ID #5 "b'\x00\x00\x00\x00\x05\x00\x00\x00\x07\x05\x00\x0fmoria"The Black Pit"'"
2025-06-19 13:48:44,603 - IRCServer[14280] - INFO - Sending message to an unknown IO device "b'\x01\x00\x00\x00\x02\x00\x00\x00\x00\x00\x02\x00\x00\x00+A machine has already registered with ID 10'"
2025-06-19 13:48:44,610 - IRCServer[14280] - INFO - Received msg from Host ID #10 "b'\x00\x00\x00\x00\n\x00\x00\x00\x03\t\x00\x16osgiliath"Citadel of the Stars"'"
2025-06-19 13:48:44,613 - IRCServer[14280] - INFO - Sending message to an unknown IO device "b'\x01\x00\x00\x00\x06\x00\x00\x00\x00\x00\x02\x00\x00\x00+A machine has already registered with ID 10'"
2025-06-19 13:48:44,615 - IRCServer[14280] - INFO - Sending message to an unknown IO device "b'\x01\x00\x00\x00\x04\x00\x00\x00\x00\x00\x02\x00\x00\x00+A machine has already registered with ID 10'"
2025-06-19 13:48:44,616 - IRCServer[14280] - INFO - Received msg from Host ID #6 "b'\x00\x00\x00\x00\x06\x00\x00\x00\x07\x06\x00%edoras"Home of the Golden Hall of Meduseld"'"
2025-06-19 13:48:44,618 - IRCServer[14280] - INFO - Received msg from Host ID #10 "b'\x00\x00\x00\x00\n\x00\x00\x00\x01\t\x00\x16osgiliath"Citadel of the Stars"'"
2025-06-19 13:48:44,618 - IRCServer[14280] - INFO - Sending message to an unknown IO device "b'\x01\x00\x00\x00\x01\x00\x00\x00\x00\x00\x02\x00\x00\x00+A machine has already registered with ID 10'"
2025-06-19 13:48:44,630 - IRCServer[14280] - INFO - Received msg from Host ID #8 "b'\x00\x00\x00\x00\x08\x00\x00\x00\x07\x08\x00\x15mirkwood"Wood of Greenleaves"'"
2025-06-19 13:48:44,632 - IRCServer[14280] - INFO - Sending message to an unknown IO device "b'\x01\x00\x00\x00\x02\x00\x00\x00\x00\x00\x02\x00\x00\x00+A machine has already registered with ID 10'"
2025-06-19 13:48:44,635 - IRCServer[14280] - INFO - Received msg from Host ID #9 "b'\x00\x00\x00\x00\t\x00\x00\x00\x07\x08\x00\x1disengard"Angrenost, The Iron Fortres"'"
2025-06-19 13:48:44,639 - IRCServer[14280] - INFO - Received msg from Host ID #10 "b'\x00\x00\x00\x00\n\x00\x00\x00\x05\t\x00\x16osgiliath"Citadel of the Stars"'"
2025-06-19 13:48:44,647 - IRCServer[14280] - INFO - Sending message to an unknown IO device "b'\x01\x00\x00\x00\x02\x00\x00\x00\x00\x00\x02\x00\x00\x00+A machine has already registered with ID 10'"
2025-06-19 13:48:44,647 - IRCServer[14280] - INFO - Received msg from Host ID #10 "b'\x00\x00\x00\x00\n\x00\x00\x00\x00\t\x00\x16osgiliath"Citadel of the Stars"'"
2025-06-19 13:48:44,661 - IRCServer[14280] - INFO - Sending message to an unknown IO device "b'\x01\x00\x00\x00\x07\x00\x00\x00\x00\x00\x02\x00\x00\x00+A machine has already registered with ID 10'"
2025-06-19 13:48:44,673 - IRCServer[14280] - INFO - Received msg from Host ID #4 "b'\x00\x00\x00\x00\x04\x00\x00\x00\n\n\x00\x11lothlorien"The Golden Wood"'"
2025-06-19 13:48:44,678 - IRCServer[14280] - INFO - Sending message to an unknown IO device "b'\x01\x00\x00\x00\x07\x00\x00\x00\x00\x00\x02\x00\x00\x00*A machine has already registered with ID 4'"
2025-06-19 13:48:44,680 - IRCServer[14280] - INFO - Received msg from Host ID #2 "b'\x00\x00\x00\x00\x02\x00\x00\x00\n\t\x00\x0frivendale"Elronds House"'"
2025-06-19 13:48:44,685 - IRCServer[14280] - INFO - Sending message to an unknown IO device "b'\x01\x00\x00\x00\x07\x00\x00\x00\x00\x00\x02\x00\x00\x00*A machine has already registered with ID 2'"
2025-06-19 13:48:44,692 - IRCServer[14280] - INFO - Received msg from Host ID #1 "b'\x00\x00\x00\x00\x01\x00\x00\x00\n\x08\x00\x15theshire"Home of the Hobbits"'"
2025-06-19 13:48:44,695 - IRCServer[14280] - INFO - Sending message to an unknown IO device "b'\x01\x00\x00\x00\x07\x00\x00\x00\x00\x00\x02\x00\x00\x00*A machine has already registered with ID 1'"
2025-06-19 13:48:44,700 - IRCServer[14280] - INFO - Received msg from Host ID #3 "b'\x00\x00\x00\x00\x03\x00\x00\x00\n\x0b\x00\x1cgrey_havens"Gates to the Blessed Realm"'"
2025-06-19 13:48:44,708 - IRCServer[14280] - INFO - Sending message to an unknown IO device "b'\x01\x00\x00\x00\x07\x00\x00\x00\x00\x00\x02\x00\x00\x00*A machine has already registered with ID 3'"
2025-06-19 13:48:44,714 - IRCServer[14280] - INFO - Received msg from Host ID #5 "b'\x00\x00\x00\x00\x05\x00\x00\x00\n\x05\x00\x0fmoria"The Black Pit"'"
2025-06-19 13:48:44,722 - IRCServer[14280] - INFO - Sending message to an unknown IO device "b'\x01\x00\x00\x00\x07\x00\x00\x00\x00\x00\x02\x00\x00\x00*A machine has already registered with ID 5'"
2025-06-19 13:48:44,731 - IRCServer[14280] - INFO - Received msg from Host ID #6 "b'\x00\x00\x00\x00\x06\x00\x00\x00\n\x06\x00%edoras"Home of the Golden Hall of Meduseld"'"
2025-06-19 13:48:44,738 - IRCServer[14280] - INFO - Sending message to an unknown IO device "b'\x01\x00\x00\x00\x07\x00\x00\x00\x00\x00\x02\x00\x00\x00*A machine has already registered with ID 6'"
2025-06-19 13:48:44,746 - IRCServer[14280] - INFO - Received msg from Host ID #8 "b'\x00\x00\x00\x00\x08\x00\x00\x00\n\x08\x00\x15mirkwood"Wood of Greenleaves"'"
2025-06-19 13:48:44,751 - IRCServer[14280] - INFO - Sending message to an unknown IO device "b'\x01\x00\x00\x00\x07\x00\x00\x00\x00\x00\x02\x00\x00\x00*A machine has already registered with ID 8'"
2025-06-19 13:48:44,757 - IRCServer[14280] - INFO - Launching server barad-dur...
2025-06-19 13:48:44,759 - IRCServer[14280] - INFO - Received msg from Host ID #9 "b'\x00\x00\x00\x00\t\x00\x00\x00\n\x08\x00\x1disengard"Angrenost, The Iron Fortres"'"
2025-06-19 13:48:44,764 - IRCServer[14280] - INFO - Configuring the server socket...
2025-06-19 13:48:44,767 - IRCServer[14280] - INFO - Sending message to an unknown IO device "b'\x01\x00\x00\x00\x07\x00\x00\x00\x00\x00\x02\x00\x00\x00*A machine has already registered with ID 9'"
2025-06-19 13:48:44,772 - IRCServer[14280] - INFO - Connecting to remote server minastirith:32207...
2025-06-19 13:48:44,786 - IRCServer[14280] - INFO - Connected to another server
2025-06-19 13:48:44,799 - IRCServer[14280] - INFO - Listening for new connections on port 32211
2025-06-19 13:48:44,810 - IRCServer[14280] - INFO - Received msg from Host ID #11 "b'\x00\x00\x00\x00\x0b\x00\x00\x00\x00\t\x00\x10barad-dur"The Dark Tower"'"
2025-06-19 13:48:44,815 - IRCServer[14280] - INFO - Received msg from Host ID #11 "b'\x00\x00\x00\x00\x0b\x00\x00\x00\x07\t\x00\x10barad-dur"The Dark Tower"'"
2025-06-19 13:48:44,817 - IRCServer[14280] - INFO - Received msg from Host ID #7 "b'\x00\x00\x00\x00\x07\x00\x00\x00\x00\x0b\x00\x10minastirith"Tower of Guard"'"
2025-06-19 13:48:44,818 - IRCServer[14280] - INFO - Received msg from Host ID #11 "b'\x00\x00\x00\x00\x0b\x00\x00\x00\x07\t\x00\x10barad-dur"The Dark Tower"'"
2025-06-19 13:48:44,824 - IRCServer[14280] - INFO - Received msg from Host ID #11 "b'\x00\x00\x00\x00\x0b\x00\x00\x00\n\t\x00\x10barad-dur"The Dark Tower"'"
2025-06-19 13:48:44,825 - IRCServer[14280] - INFO - Received msg from Host ID #4 "b'\x00\x00\x00\x00\x04\x00\x00\x00\x07\n\x00\x11lothlorien"The Golden Wood"'"
2025-06-19 13:48:44,829 - IRCServer[14280] - INFO - Received msg from Host ID #11 "b'\x00\x00\x00\x00\x0b\x00\x00\x00\x04\t\x00\x10barad-dur"The Dark Tower"'"
2025-06-19 13:48:44,830 - IRCServer[14280] - INFO - Received msg from Host ID #11 "b'\x00\x00\x00\x00\x0b\x00\x00\x00\x04\t\x00\x10barad-dur"The Dark Tower"'"
2025-06-19 13:48:44,834 - IRCServer[14280] - INFO - Sending message to an unknown IO device "b'\x01\x00\x00\x00\x07\x00\x00\x00\x00\x00\x02\x00\x00\x00+A machine has already registered with ID 11'"
2025-06-19 13:48:44,834 - IRCServer[14280] - INFO - Received msg from Host ID #2 "b'\x00\x00\x00\x00\x02\x00\x00\x00\x07\t\x00\x0frivendale"Elronds House"'"
2025-06-19 13:48:44,838 - IRCServer[14280] - INFO - Received msg from Host ID #11 "b'\x00\x00\x00\x00\x0b\x00\x00\x00\x02\t\x00\x10barad-dur"The Dark Tower"'"
2025-06-19 13:48:44,841 - IRCServer[14280] - INFO - Received msg from Host ID #11 "b'\x00\x00\x00\x00\x0b\x00\x00\x00\x02\t\x00\x10barad-dur"The Dark Tower"'"
2025-06-19 13:48:44,843 - IRCServer[14280] - INFO - Received msg from Host ID #11 "b'\x00\x00\x00\x00\x0b\x00\x00\x00\x02\t\x00\x10barad-dur"The Dark Tower"'"
2025-06-19 13:48:44,845 - IRCServer[14280] - INFO - Received msg from Host ID #11 "b'\x00\x00\x00\x00\x0b\x00\x00\x00\x02\t\x00\x10barad-dur"The Dark Tower"'"
2025-06-19 13:48:44,846 - IRCServer[14280] - INFO - Received msg from Host ID #11 "b'\x00\x00\x00\x00\x0b\x00\x00\x00\x06\t\x00\x10barad-dur"The Dark Tower"'"
2025-06-19 13:48:44,847 - IRCServer[14280] - INFO - Received msg from Host ID #11 "b'\x00\x00\x00\x00\x0b\x00\x00\x00\x04\t\x00\x10barad-dur"The Dark Tower"'"
2025-06-19 13:48:44,849 - IRCServer[14280] - INFO - Received msg from Host ID #1 "b'\x00\x00\x00\x00\x01\x00\x00\x00\x07\x08\x00\x15theshire"Home of the Hobbits"'"
2025-06-19 13:48:44,851 - IRCServer[14280] - INFO - Sending message to an unknown IO device "b'\x01\x00\x00\x00\x04\x00\x00\x00\x00\x00\x02\x00\x00\x00+A machine has already registered with ID 11'"
2025-06-19 13:48:44,855 - IRCServer[14280] - INFO - Received msg from Host ID #11 "b'\x00\x00\x00\x00\x0b\x00\x00\x00\x08\t\x00\x10barad-dur"The Dark Tower"'"
2025-06-19 13:48:44,856 - IRCServer[14280] - INFO - Received msg from Host ID #11 "b'\x00\x00\x00\x00\x0b\x00\x00\x00\x01\t\x00\x10barad-dur"The Dark Tower"'"
2025-06-19 13:48:44,861 - IRCServer[14280] - INFO - Received msg from Host ID #11 "b'\x00\x00\x00\x00\x0b\x00\x00\x00\t\t\x00\x10barad-dur"The Dark Tower"'"
2025-06-19 13:48:44,863 - IRCServer[14280] - INFO - Sending message to an unknown IO device "b'\x01\x00\x00\x00\x07\x00\x00\x00\x00\x00\x02\x00\x00\x00+A machine has already registered with ID 11'"
2025-06-19 13:48:44,867 - IRCServer[14280] - INFO - Received msg from Host ID #3 "b'\x00\x00\x00\x00\x03\x00\x00\x00\x07\x0b\x00\x1cgrey_havens"Gates to the Blessed Realm"'"
2025-06-19 13:48:44,872 - IRCServer[14280] - INFO - Sending message to an unknown IO device "b'\x01\x00\x00\x00\x02\x00\x00\x00\x00\x00\x02\x00\x00\x00+A machine has already registered with ID 11'"
2025-06-19 13:48:44,873 - IRCServer[14280] - INFO - Received msg from Host ID #11 "b'\x00\x00\x00\x00\x0b\x00\x00\x00\x06\t\x00\x10barad-dur"The Dark Tower"'"
2025-06-19 13:48:44,875 - IRCServer[14280] - INFO - Received msg from Host ID #11 "b'\x00\x00\x00\x00\x0b\x00\x00\x00\x03\t\x00\x10barad-dur"The Dark Tower"'"
2025-06-19 13:48:44,877 - IRCServer[14280] - INFO - Sending message to an unknown IO device "b'\x01\x00\x00\x00\x06\x00\x00\x00\x00\x00\x02\x00\x00\x00+A machine has already registered with ID 11'"
2025-06-19 13:48:44,879 - IRCServer[14280] - INFO - Received msg from Host ID #5 "b'\x00\x00\x00\x00\x05\x00\x00\x00\x07\x05\x00\x0fmoria"The Black Pit"'"
2025-06-19 13:48:44,883 - IRCServer[14280] - INFO - Received msg from Host ID #11 "b'\x00\x00\x00\x00\x0b\x00\x00\x00\x01\t\x00\x10barad-dur"The Dark Tower"'"
2025-06-19 13:48:44,884 - IRCServer[14280] - INFO - Sending message to an unknown IO device "b'\x01\x00\x00\x00\x04\x00\x00\x00\x00\x00\x02\x00\x00\x00+A machine has already registered with ID 11'"
2025-06-19 13:48:44,887 - IRCServer[14280] - INFO - Sending message to an unknown IO device "b'\x01\x00\x00\x00\x01\x00\x00\x00\x00\x00\x02\x00\x00\x00+A machine has already registered with ID 11'"
2025-06-19 13:48:44,892 - IRCServer[14280] - INFO - Received msg from Host ID #6 "b'\x00\x00\x00\x00\x06\x00\x00\x00\x07\x06\x00%edoras"Home of the Golden Hall of Meduseld"'"
2025-06-19 13:48:44,896 - IRCServer[14280] - INFO - Sending message to an unknown IO device "b'\x01\x00\x00\x00\x02\x00\x00\x00\x00\x00\x02\x00\x00\x00+A machine has already registered with ID 11'"
2025-06-19 13:48:44,906 - IRCServer[14280] - INFO - Received msg from Host ID #8 "b'\x00\x00\x00\x00\x08\x00\x00\x00\x07\x08\x00\x15mirkwood"Wood of Greenleaves"'"
2025-06-19 13:48:44,914 - IRCServer[14280] - INFO - Received msg from Host ID #11 "b'\x00\x00\x00\x00\x0b\x00\x00\x00\x05\t\x00\x10barad-dur"The Dark Tower"'"
2025-06-19 13:48:44,920 - IRCServer[14280] - INFO - Received msg from Host ID #9 "b'\x00\x00\x00\x00\t\x00\x00\x00\x07\x08\x00\x1disengard"Angrenost, The Iron Fortres"'"
2025-06-19 13:48:44,924 - IRCServer[14280] - INFO - Sending message to an unknown IO device "b'\x01\x00\x00\x00\x02\x00\x00\x00\x00\x00\x02\x00\x00\x00+A machine has already registered with ID 11'"
2025-06-19 13:48:44,934 - IRCServer[14280] - INFO - Received msg from Host ID #10 "b'\x00\x00\x00\x00\n\x00\x00\x00\x07\t\x00\x16osgiliath"Citadel of the Stars"'"
2025-06-19 13:48:44,941 - IRCServer[14280] - INFO - Received msg from Host ID #11 "b'\x00\x00\x00\x00\x0b\x00\x00\x00\x00\t\x00\x10barad-dur"The Dark Tower"'"
2025-06-19 13:48:44,951 - IRCServer[14280] - INFO - Sending message to an unknown IO device "b'\x01\x00\x00\x00\x07\x00\x00\x00\x00\x00\x02\x00\x00\x00+A machine has already registered with ID 11'"
2025-06-19 13:48:44,961 - IRCServer[14280] - INFO - Received msg from Host ID #4 "b'\x00\x00\x00\x00\x04\x00\x00\x00\x0b\n\x00\x11lothlorien"The Golden Wood"'"
2025-06-19 13:48:44,973 - IRCServer[14280] - INFO - Sending message to an unknown IO device "b'\x01\x00\x00\x00\x07\x00\x00\x00\x00\x00\x02\x00\x00\x00*A machine has already registered with ID 4'"
2025-06-19 13:48:44,980 - IRCServer[14280] - INFO - Received msg from Host ID #2 "b'\x00\x00\x00\x00\x02\x00\x00\x00\x0b\t\x00\x0frivendale"Elronds House"'"
2025-06-19 13:48:44,987 - IRCServer[14280] - INFO - Sending message to an unknown IO device "b'\x01\x00\x00\x00\x07\x00\x00\x00\x00\x00\x02\x00\x00\x00*A machine has already registered with ID 2'"
2025-06-19 13:48:44,994 - IRCServer[14280] - INFO - Received msg from Host ID #1 "b'\x00\x00\x00\x00\x01\x00\x00\x00\x0b\x08\x00\x15theshire"Home of the Hobbits"'"
2025-06-19 13:48:44,999 - IRCServer[14280] - INFO - Sending message to an unknown IO device "b'\x01\x00\x00\x00\x07\x00\x00\x00\x00\x00\x02\x00\x00\x00*A machine has already registered with ID 1'"
2025-06-19 13:48:45,008 - IRCServer[14280] - INFO - Received msg from Host ID #3 "b'\x00\x00\x00\x00\x03\x00\x00\x00\x0b\x0b\x00\x1cgrey_havens"Gates to the Blessed Realm"'"
2025-06-19 13:48:45,012 - IRCServer[14280] - INFO - Sending message to an unknown IO device "b'\x01\x00\x00\x00\x07\x00\x00\x00\x00\x00\x02\x00\x00\x00*A machine has already registered with ID 3'"
2025-06-19 13:48:45,023 - IRCServer[14280] - INFO - Received msg from Host ID #5 "b'\x00\x00\x00\x00\x05\x00\x00\x00\x0b\x05\x00\x0fmoria"The Black Pit"'"
2025-06-19 13:48:45,030 - IRCServer[14280] - INFO - Sending message to an unknown IO device "b'\x01\x00\x00\x00\x07\x00\x00\x00\x00\x00\x02\x00\x00\x00*A machine has already registered with ID 5'"
2025-06-19 13:48:45,037 - IRCServer[14280] - INFO - Received msg from Host ID #6 "b'\x00\x00\x00\x00\x06\x00\x00\x00\x0b\x06\x00%edoras"Home of the Golden Hall of Meduseld"'"
2025-06-19 13:48:45,048 - IRCServer[14280] - INFO - Sending message to an unknown IO device "b'\x01\x00\x00\x00\x07\x00\x00\x00\x00\x00\x02\x00\x00\x00*A machine has already registered with ID 6'"
2025-06-19 13:48:45,061 - IRCServer[14280] - INFO - Received msg from Host ID #8 "b'\x00\x00\x00\x00\x08\x00\x00\x00\x0b\x08\x00\x15mirkwood"Wood of Greenleaves"'"
2025-06-19 13:48:45,073 - IRCServer[14280] - INFO - Sending message to an unknown IO device "b'\x01\x00\x00\x00\x07\x00\x00\x00\x00\x00\x02\x00\x00\x00*A machine has already registered with ID 8'"
2025-06-19 13:48:45,084 - IRCServer[14280] - INFO - Received msg from Host ID #9 "b'\x00\x00\x00\x00\t\x00\x00\x00\x0b\x08\x00\x1disengard"Angrenost, The Iron Fortres"'"
2025-06-19 13:48:45,093 - IRCServer[14280] - INFO - Sending message to an unknown IO device "b'\x01\x00\x00\x00\x07\x00\x00\x00\x00\x00\x02\x00\x00\x00*A machine has already registered with ID 9'"
2025-06-19 13:48:45,101 - IRCServer[14280] - INFO - Received msg from Host ID #10 "b'\x00\x00\x00\x00\n\x00\x00\x00\x0b\t\x00\x16osgiliath"Citadel of the Stars"'"
2025-06-19 13:48:45,113 - IRCServer[14280] - INFO - Sending message to an unknown IO device "b'\x01\x00\x00\x00\x07\x00\x00\x00\x00\x00\x02\x00\x00\x00+A machine has already registered with ID 10'"
2025-06-19 13:48:46,259 - IRCServer[14280] - INFO - Cleaning up the server
2025-06-19 13:48:46,265 - IRCServer[14280] - INFO - Cleaning up the server
2025-06-19 13:48:46,365 - IRCServer[14280] - INFO - Cleaning up the server
2025-06-19 13:48:46,372 - IRCServer[14280] - INFO - Cleaning up the server
2025-06-19 13:48:46,381 - IRCServer[14280] - INFO - Cleaning up the server
2025-06-19 13:48:46,384 - IRCServer[14280] - INFO - Cleaning up the server
2025-06-19 13:48:46,390 - IRCServer[14280] - INFO - Cleaning up the server
2025-06-19 13:48:46,484 - IRCServer[14280] - INFO - Cleaning up the server
2025-06-19 13:48:46,500 - IRCServer[14280] - INFO - Cleaning up the server
2025-06-19 13:48:46,613 - IRCServer[14280] - INFO - Cleaning up the server
2025-06-19 13:48:46,717 - IRCServer[14280] - INFO - Cleaning up the server
o the Blessed Realm"'"
2025-06-19 13:48:44,872 - IRCServer[14280] - INFO - Sending message to an unknown IO device "b'\x01\x00\x00\x00\x02\x00\x00\x00\x00\x00\x02\x00\x00\x00+A machine has already registered with ID 11'"
2025-06-19 13:48:44,873 - IRCServer[14280] - INFO - Received msg from Host ID #11 "b'\x00\x00\x00\x00\x0b\x00\x00\x00\x06\t\x00\x10barad-dur"The Dark Tower"'"
2025-06-19 13:48:44,875 - IRCServer[14280] - INFO - Received msg from Host ID #11 "b'\x00\x00\x00\x00\x0b\x00\x00\x00\x03\t\x00\x10barad-dur"The Dark Tower"'"
2025-06-19 13:48:44,877 - IRCServer[14280] - INFO - Sending message to an unknown IO device "b'\x01\x00\x00\x00\x06\x00\x00\x00\x00\x00\x02\x00\x00\x00+A machine has already registered with ID 11'"
2025-06-19 13:48:44,879 - IRCServer[14280] - INFO - Received msg from Host ID #5 "b'\x00\x00\x00\x00\x05\x00\x00\x00\x07\x05\x00\x0fmoria"The Black Pit"'"
2025-06-19 13:48:44,883 - IRCServer[14280] - INFO - Received msg from Host ID #11 "b'\x00\x00\x00\x00\x0b\x00\x00\x00\x01\t\x00\x10barad-dur"The Dark Tower"'"
2025-06-19 13:48:44,884 - IRCServer[14280] - INFO - Sending message to an unknown IO device "b'\x01\x00\x00\x00\x04\x00\x00\x00\x00\x00\x02\x00\x00\x00+A machine has already registered with ID 11'"
2025-06-19 13:48:44,887 - IRCServer[14280] - INFO - Sending message to an unknown IO device "b'\x01\x00\x00\x00\x01\x00\x00\x00\x00\x00\x02\x00\x00\x00+A machine has already registered with ID 11'"
2025-06-19 13:48:44,892 - IRCServer[14280] - INFO - Received msg from Host ID #6 "b'\x00\x00\x00\x00\x06\x00\x00\x00\x07\x06\x00%edoras"Home of the Golden Hall of Meduseld"'"
2025-06-19 13:48:44,896 - IRCServer[14280] - INFO - Sending message to an unknown IO device "b'\x01\x00\x00\x00\x02\x00\x00\x00\x00\x00\x02\x00\x00\x00+A machine has already registered with ID 11'"
2025-06-19 13:48:44,906 - IRCServer[14280] - INFO - Received msg from Host ID #8 "b'\x00\x00\x00\x00\x08\x00\x00\x00\x07\x08\x00\x15mirkwood"Wood of Greenleaves"'"
2025-06-19 13:48:44,914 - IRCServer[14280] - INFO - Received msg from Host ID #11 "b'\x00\x00\x00\x00\x0b\x00\x00\x00\x05\t\x00\x10barad-dur"The Dark Tower"'"
2025-06-19 13:48:44,920 - IRCServer[14280] - INFO - Received msg from Host ID #9 "b'\x00\x00\x00\x00\t\x00\x00\x00\x07\x08\x00\x1disengard"Angrenost, The Iron Fortres"'"
2025-06-19 13:48:44,924 - IRCServer[14280] - INFO - Sending message to an unknown IO device "b'\x01\x00\x00\x00\x02\x00\x00\x00\x00\x00\x02\x00\x00\x00+A machine has already registered with ID 11'"
2025-06-19 13:48:44,934 - IRCServer[14280] - INFO - Received msg from Host ID #10 "b'\x00\x00\x00\x00\n\x00\x00\x00\x07\t\x00\x16osgiliath"Citadel of the Stars"'"
2025-06-19 13:48:44,941 - IRCServer[14280] - INFO - Received msg from Host ID #11 "b'\x00\x00\x00\x00\x0b\x00\x00\x00\x00\t\x00\x10barad-dur"The Dark Tower"'"
2025-06-19 13:48:44,951 - IRCServer[14280] - INFO - Sending message to an unknown IO device "b'\x01\x00\x00\x00\x07\x00\x00\x00\x00\x00\x02\x00\x00\x00+A machine has already registered with ID 11'"
2025-06-19 13:48:44,961 - IRCServer[14280] - INFO - Received msg from Host ID #4 "b'\x00\x00\x00\x00\x04\x00\x00\x00\x0b\n\x00\x11lothlorien"The Golden Wood"'"
2025-06-19 13:48:44,973 - IRCServer[14280] - INFO - Sending message to an unknown IO device "b'\x01\x00\x00\x00\x07\x00\x00\x00\x00\x00\x02\x00\x00\x00*A machine has already registered with ID 4'"
2025-06-19 13:48:44,980 - IRCServer[14280] - INFO - Received msg from Host ID #2 "b'\x00\x00\x00\x00\x02\x00\x00\x00\x0b\t\x00\x0frivendale"Elronds House"'"
2025-06-19 13:48:44,987 - IRCServer[14280] - INFO - Sending message to an unknown IO device "b'\x01\x00\x00\x00\x07\x00\x00\x00\x00\x00\x02\x00\x00\x00*A machine has already registered with ID 2'"
2025-06-19 13:48:44,994 - IRCServer[14280] - INFO - Received msg from Host ID #1 "b'\x00\x00\x00\x00\x01\x00\x00\x00\x0b\x08\x00\x15theshire"Home of the Hobbits"'"
2025-06-19 13:48:44,999 - IRCServer[14280] - INFO - Sending message to an unknown IO device "b'\x01\x00\x00\x00\x07\x00\x00\x00\x00\x00\x02\x00\x00\x00*A machine has already registered with ID 1'"
2025-06-19 13:48:45,008 - IRCServer[14280] - INFO - Received msg from Host ID #3 "b'\x00\x00\x00\x00\x03\x00\x00\x00\x0b\x0b\x00\x1cgrey_havens"Gates to the Blessed Realm"'"
2025-06-19 13:48:45,012 - IRCServer[14280] - INFO - Sending message to an unknown IO device "b'\x01\x00\x00\x00\x07\x00\x00\x00\x00\x00\x02\x00\x00\x00*A machine has already registered with ID 3'"
2025-06-19 13:48:45,023 - IRCServer[14280] - INFO - Received msg from Host ID #5 "b'\x00\x00\x00\x00\x05\x00\x00\x00\x0b\x05\x00\x0fmoria"The Black Pit"'"
2025-06-19 13:48:45,030 - IRCServer[14280] - INFO - Sending message to an unknown IO device "b'\x01\x00\x00\x00\x07\x00\x00\x00\x00\x00\x02\x00\x00\x00*A machine has already registered with ID 5'"
2025-06-19 13:48:45,037 - IRCServer[14280] - INFO - Received msg from Host ID #6 "b'\x00\x00\x00\x00\x06\x00\x00\x00\x0b\x06\x00%edoras"Home of the Golden Hall of Meduseld"'"
2025-06-19 13:48:45,048 - IRCServer[14280] - INFO - Sending message to an unknown IO device "b'\x01\x00\x00\x00\x07\x00\x00\x00\x00\x00\x02\x00\x00\x00*A machine has already registered with ID 6'"
2025-06-19 13:48:45,061 - IRCServer[14280] - INFO - Received msg from Host ID #8 "b'\x00\x00\x00\x00\x08\x00\x00\x00\x0b\x08\x00\x15mirkwood"Wood of Greenleaves"'"
2025-06-19 13:48:45,073 - IRCServer[14280] - INFO - Sending message to an unknown IO device "b'\x01\x00\x00\x00\x07\x00\x00\x00\x00\x00\x02\x00\x00\x00*A machine has already registered with ID 8'"
2025-06-19 13:48:45,084 - IRCServer[14280] - INFO - Received msg from Host ID #9 "b'\x00\x00\x00\x00\t\x00\x00\x00\x0b\x08\x00\x1disengard"Angrenost, The Iron Fortres"'"
2025-06-19 13:48:45,093 - IRCServer[14280] - INFO - Sending message to an unknown IO device "b'\x01\x00\x00\x00\x07\x00\x00\x00\x00\x00\x02\x00\x00\x00*A machine has already registered with ID 9'"
2025-06-19 13:48:45,101 - IRCServer[14280] - INFO - Received msg from Host ID #10 "b'\x00\x00\x00\x00\n\x00\x00\x00\x0b\t\x00\x16osgiliath"Citadel of the Stars"'"
2025-06-19 13:48:45,113 - IRCServer[14280] - INFO - Sending message to an unknown IO device "b'\x01\x00\x00\x00\x07\x00\x00\x00\x00\x00\x02\x00\x00\x00+A machine has already registered with ID 10'"
2025-06-19 13:48:46,259 - IRCServer[14280] - INFO - Cleaning up the server
2025-06-19 13:48:46,265 - IRCServer[14280] - INFO - Cleaning up the server
2025-06-19 13:48:46,365 - IRCServer[14280] - INFO - Cleaning up the server
2025-06-19 13:48:46,372 - IRCServer[14280] - INFO - Cleaning up the server
2025-06-19 13:48:46,381 - IRCServer[14280] - INFO - Cleaning up the server
2025-06-19 13:48:46,384 - IRCServer[14280] - INFO - Cleaning up the server
2025-06-19 13:48:46,390 - IRCServer[14280] - INFO - Cleaning up the server
2025-06-19 13:48:46,484 - IRCServer[14280] - INFO - Cleaning up the server
2025-06-19 13:48:46,500 - IRCServer[14280] - INFO - Cleaning up the server
2025-06-19 13:48:46,613 - IRCServer[14280] - INFO - Cleaning up the server
2025-06-19 13:48:46,717 - IRCServer[14280] - INFO - Cleaning up the server
 ID 11'"
2025-06-19 13:48:44,855 - IRCServer[14280] - INFO - Received msg from Host ID #11 "b'\x00\x00\x00\x00\x0b\x00\x00\x00\x08\t\x00\x10barad-dur"The Dark Tower"'"
2025-06-19 13:48:44,856 - IRCServer[14280] - INFO - Received msg from Host ID #11 "b'\x00\x00\x00\x00\x0b\x00\x00\x00\x01\t\x00\x10barad-dur"The Dark Tower"'"
2025-06-19 13:48:44,861 - IRCServer[14280] - INFO - Received msg from Host ID #11 "b'\x00\x00\x00\x00\x0b\x00\x00\x00\t\t\x00\x10barad-dur"The Dark Tower"'"
2025-06-19 13:48:44,863 - IRCServer[14280] - INFO - Sending message to an unknown IO device "b'\x01\x00\x00\x00\x07\x00\x00\x00\x00\x00\x02\x00\x00\x00+A machine has already registered with ID 11'"
2025-06-19 13:48:44,867 - IRCServer[14280] - INFO - Received msg from Host ID #3 "b'\x00\x00\x00\x00\x03\x00\x00\x00\x07\x0b\x00\x1cgrey_havens"Gates to the Blessed Realm"'"
2025-06-19 13:48:44,872 - IRCServer[14280] - INFO - Sending message to an unknown IO device "b'\x01\x00\x00\x00\x02\x00\x00\x00\x00\x00\x02\x00\x00\x00+A machine has already registered with ID 11'"
2025-06-19 13:48:44,873 - IRCServer[14280] - INFO - Received msg from Host ID #11 "b'\x00\x00\x00\x00\x0b\x00\x00\x00\x06\t\x00\x10barad-dur"The Dark Tower"'"
2025-06-19 13:48:44,875 - IRCServer[14280] - INFO - Received msg from Host ID #11 "b'\x00\x00\x00\x00\x0b\x00\x00\x00\x03\t\x00\x10barad-dur"The Dark Tower"'"
2025-06-19 13:48:44,877 - IRCServer[14280] - INFO - Sending message to an unknown IO device "b'\x01\x00\x00\x00\x06\x00\x00\x00\x00\x00\x02\x00\x00\x00+A machine has already registered with ID 11'"
2025-06-19 13:48:44,879 - IRCServer[14280] - INFO - Received msg from Host ID #5 "b'\x00\x00\x00\x00\x05\x00\x00\x00\x07\x05\x00\x0fmoria"The Black Pit"'"
2025-06-19 13:48:44,883 - IRCServer[14280] - INFO - Received msg from Host ID #11 "b'\x00\x00\x00\x00\x0b\x00\x00\x00\x01\t\x00\x10barad-dur"The Dark Tower"'"
2025-06-19 13:48:44,884 - IRCServer[14280] - INFO - Sending message to an unknown IO device "b'\x01\x00\x00\x00\x04\x00\x00\x00\x00\x00\x02\x00\x00\x00+A machine has already registered with ID 11'"
2025-06-19 13:48:44,887 - IRCServer[14280] - INFO - Sending message to an unknown IO device "b'\x01\x00\x00\x00\x01\x00\x00\x00\x00\x00\x02\x00\x00\x00+A machine has already registered with ID 11'"
2025-06-19 13:48:44,892 - IRCServer[14280] - INFO - Received msg from Host ID #6 "b'\x00\x00\x00\x00\x06\x00\x00\x00\x07\x06\x00%edoras"Home of the Golden Hall of Meduseld"'"
2025-06-19 13:48:44,896 - IRCServer[14280] - INFO - Sending message to an unknown IO device "b'\x01\x00\x00\x00\x02\x00\x00\x00\x00\x00\x02\x00\x00\x00+A machine has already registered with ID 11'"
2025-06-19 13:48:44,906 - IRCServer[14280] - INFO - Received msg from Host ID #8 "b'\x00\x00\x00\x00\x08\x00\x00\x00\x07\x08\x00\x15mirkwood"Wood of Greenleaves"'"
2025-06-19 13:48:44,914 - IRCServer[14280] - INFO - Received msg from Host ID #11 "b'\x00\x00\x00\x00\x0b\x00\x00\x00\x05\t\x00\x10barad-dur"The Dark Tower"'"
2025-06-19 13:48:44,920 - IRCServer[14280] - INFO - Received msg from Host ID #9 "b'\x00\x00\x00\x00\t\x00\x00\x00\x07\x08\x00\x1disengard"Angrenost, The Iron Fortres"'"
2025-06-19 13:48:44,924 - IRCServer[14280] - INFO - Sending message to an unknown IO device "b'\x01\x00\x00\x00\x02\x00\x00\x00\x00\x00\x02\x00\x00\x00+A machine has already registered with ID 11'"
2025-06-19 13:48:44,934 - IRCServer[14280] - INFO - Received msg from Host ID #10 "b'\x00\x00\x00\x00\n\x00\x00\x00\x07\t\x00\x16osgiliath"Citadel of the Stars"'"
2025-06-19 13:48:44,941 - IRCServer[14280] - INFO - Received msg from Host ID #11 "b'\x00\x00\x00\x00\x0b\x00\x00\x00\x00\t\x00\x10barad-dur"The Dark Tower"'"
2025-06-19 13:48:44,951 - IRCServer[14280] - INFO - Sending message to an unknown IO device "b'\x01\x00\x00\x00\x07\x00\x00\x00\x00\x00\x02\x00\x00\x00+A machine has already registered with ID 11'"
2025-06-19 13:48:44,961 - IRCServer[14280] - INFO - Received msg from Host ID #4 "b'\x00\x00\x00\x00\x04\x00\x00\x00\x0b\n\x00\x11lothlorien"The Golden Wood"'"
2025-06-19 13:48:44,973 - IRCServer[14280] - INFO - Sending message to an unknown IO device "b'\x01\x00\x00\x00\x07\x00\x00\x00\x00\x00\x02\x00\x00\x00*A machine has already registered with ID 4'"
2025-06-19 13:48:44,980 - IRCServer[14280] - INFO - Received msg from Host ID #2 "b'\x00\x00\x00\x00\x02\x00\x00\x00\x0b\t\x00\x0frivendale"Elronds House"'"
2025-06-19 13:48:44,987 - IRCServer[14280] - INFO - Sending message to an unknown IO device "b'\x01\x00\x00\x00\x07\x00\x00\x00\x00\x00\x02\x00\x00\x00*A machine has already registered with ID 2'"
2025-06-19 13:48:44,994 - IRCServer[14280] - INFO - Received msg from Host ID #1 "b'\x00\x00\x00\x00\x01\x00\x00\x00\x0b\x08\x00\x15theshire"Home of the Hobbits"'"
2025-06-19 13:48:44,999 - IRCServer[14280] - INFO - Sending message to an unknown IO device "b'\x01\x00\x00\x00\x07\x00\x00\x00\x00\x00\x02\x00\x00\x00*A machine has already registered with ID 1'"
2025-06-19 13:48:45,008 - IRCServer[14280] - INFO - Received msg from Host ID #3 "b'\x00\x00\x00\x00\x03\x00\x00\x00\x0b\x0b\x00\x1cgrey_havens"Gates to the Blessed Realm"'"
2025-06-19 13:48:45,012 - IRCServer[14280] - INFO - Sending message to an unknown IO device "b'\x01\x00\x00\x00\x07\x00\x00\x00\x00\x00\x02\x00\x00\x00*A machine has already registered with ID 3'"
2025-06-19 13:48:45,023 - IRCServer[14280] - INFO - Received msg from Host ID #5 "b'\x00\x00\x00\x00\x05\x00\x00\x00\x0b\x05\x00\x0fmoria"The Black Pit"'"
2025-06-19 13:48:45,030 - IRCServer[14280] - INFO - Sending message to an unknown IO device "b'\x01\x00\x00\x00\x07\x00\x00\x00\x00\x00\x02\x00\x00\x00*A machine has already registered with ID 5'"
2025-06-19 13:48:45,037 - IRCServer[14280] - INFO - Received msg from Host ID #6 "b'\x00\x00\x00\x00\x06\x00\x00\x00\x0b\x06\x00%edoras"Home of the Golden Hall of Meduseld"'"
2025-06-19 13:48:45,048 - IRCServer[14280] - INFO - Sending message to an unknown IO device "b'\x01\x00\x00\x00\x07\x00\x00\x00\x00\x00\x02\x00\x00\x00*A machine has already registered with ID 6'"
2025-06-19 13:48:45,061 - IRCServer[14280] - INFO - Received msg from Host ID #8 "b'\x00\x00\x00\x00\x08\x00\x00\x00\x0b\x08\x00\x15mirkwood"Wood of Greenleaves"'"
2025-06-19 13:48:45,073 - IRCServer[14280] - INFO - Sending message to an unknown IO device "b'\x01\x00\x00\x00\x07\x00\x00\x00\x00\x00\x02\x00\x00\x00*A machine has already registered with ID 8'"
2025-06-19 13:48:45,084 - IRCServer[14280] - INFO - Received msg from Host ID #9 "b'\x00\x00\x00\x00\t\x00\x00\x00\x0b\x08\x00\x1disengard"Angrenost, The Iron Fortres"'"
2025-06-19 13:48:45,093 - IRCServer[14280] - INFO - Sending message to an unknown IO device "b'\x01\x00\x00\x00\x07\x00\x00\x00\x00\x00\x02\x00\x00\x00*A machine has already registered with ID 9'"
2025-06-19 13:48:45,101 - IRCServer[14280] - INFO - Received msg from Host ID #10 "b'\x00\x00\x00\x00\n\x00\x00\x00\x0b\t\x00\x16osgiliath"Citadel of the Stars"'"
2025-06-19 13:48:45,113 - IRCServer[14280] - INFO - Sending message to an unknown IO device "b'\x01\x00\x00\x00\x07\x00\x00\x00\x00\x00\x02\x00\x00\x00+A machine has already registered with ID 10'"
2025-06-19 13:48:46,259 - IRCServer[14280] - INFO - Cleaning up the server
2025-06-19 13:48:46,265 - IRCServer[14280] - INFO - Cleaning up the server
2025-06-19 13:48:46,365 - IRCServer[14280] - INFO - Cleaning up the server
2025-06-19 13:48:46,372 - IRCServer[14280] - INFO - Cleaning up the server
2025-06-19 13:48:46,381 - IRCServer[14280] - INFO - Cleaning up the server
2025-06-19 13:48:46,384 - IRCServer[14280] - INFO - Cleaning up the server
2025-06-19 13:48:46,390 - IRCServer[14280] - INFO - Cleaning up the server
2025-06-19 13:48:46,484 - IRCServer[14280] - INFO - Cleaning up the server
2025-06-19 13:48:46,500 - IRCServer[14280] - INFO - Cleaning up the server
2025-06-19 13:48:46,613 - IRCServer[14280] - INFO - Cleaning up the server
2025-06-19 13:48:46,717 - IRCServer[14280] - INFO - Cleaning up the server
