2025-06-19 22:25:59,424 - IRCServer[24120] - INFO - Launching client meriadoc...
2025-06-19 22:25:59,426 - IRCServer[24120] - INFO - Sending message to b'\x80\x00\x00\x00j\x00\x00\x00\x00\x08\x00\x0bmeriadoc"Test info"'
2025-06-19 22:26:00,426 - IRCServer[24120] - INFO - Launching server isengard...
2025-06-19 22:26:00,428 - IRCServer[24120] - INFO - Configuring the server socket...
2025-06-19 22:26:00,429 - IRCServer[24120] - INFO - Connecting to remote server edoras:33406...
2025-06-19 22:26:00,430 - IRCServer[24120] - INFO - Connected to another server
2025-06-19 22:26:00,432 - IRCServer[24120] - INFO - Listening for new connections on port 33409
2025-06-19 22:26:01,447 - IRCServer[24120] - INFO - Launching server osgiliath...
2025-06-19 22:26:01,453 - IRCServer[24120] - INFO - Configuring the server socket...
2025-06-19 22:26:01,457 - IRCServer[24120] - INFO - Connecting to remote server minastirith:33407...
2025-06-19 22:26:01,462 - IRCServer[24120] - INFO - Connected to another server
2025-06-19 22:26:01,468 - IRCServer[24120] - INFO - Listening for new connections on port 33410
2025-06-19 22:26:02,451 - IRCServer[24120] - INFO - Launching server barad-dur...
2025-06-19 22:26:02,457 - IRCServer[24120] - INFO - Configuring the server socket...
2025-06-19 22:26:04,455 - IRCServer[24120] - INFO - Launching client balin...
2025-06-19 22:26:04,463 - IRCServer[24120] - INFO - Sending message to b'\x80\x00\x00\x00k\x00\x00\x00\x00\x05\x00\x0bbalin"Test info"'
2025-06-19 22:26:05,459 - IRCServer[24120] - INFO - Launching client sauron...
2025-06-19 22:26:05,463 - IRCServer[24120] - INFO - Sending message to b'\x80\x00\x00\x00l\x00\x00\x00\x00\x06\x00\x0bsauron"Test info"'
2025-06-19 22:26:07,961 - IRCServer[24120] - INFO - Cleaning up the server
2025-06-19 22:26:07,964 - IRCServer[24120] - INFO - Cleaning up the server
2025-06-19 22:26:07,965 - IRCServer[24120] - INFO - Cleaning up the server
