2025-06-20 11:58:13,492 - IRCServer[17404] - INFO - Launching server osgiliath...
2025-06-20 11:58:13,496 - IRCServer[17404] - INFO - Configuring the server socket...
2025-06-20 11:58:13,502 - IRCServer[17404] - INFO - Connecting to remote server minastirith:36307...
2025-06-20 11:58:13,506 - IRCServer[17404] - INFO - Connected to another server
2025-06-20 11:58:13,515 - IRCServer[17404] - INFO - Listening for new connections on port 36310
2025-06-20 11:58:13,528 - IRCServer[17404] - INFO - Received msg from Host ID #10 "b'\x00\x00\x00\x00\n\x00\x00\x00\x00\t\x00\x16osgiliath"Citadel of the Stars"'"
2025-06-20 11:58:13,535 - IRCServer[17404] - INFO - Received msg from Host ID #10 "b'\x00\x00\x00\x00\n\x00\x00\x00\x07\t\x00\x16osgiliath"Citadel of the Stars"'"
2025-06-20 11:58:13,536 - IRCServer[17404] - INFO - Received msg from Host ID #7 "b'\x00\x00\x00\x00\x07\x00\x00\x00\x00\x0b\x00\x10minastirith"Tower of Guard"'"
2025-06-20 11:58:13,542 - IRCServer[17404] - INFO - Received msg from Host ID #10 "b'\x00\x00\x00\x00\n\x00\x00\x00\x04\t\x00\x16osgiliath"Citadel of the Stars"'"
2025-06-20 11:58:13,543 - IRCServer[17404] - INFO - Received msg from Host ID #10 "b'\x00\x00\x00\x00\n\x00\x00\x00\x04\t\x00\x16osgiliath"Citadel of the Stars"'"
2025-06-20 11:58:13,548 - IRCServer[17404] - INFO - Received msg from Host ID #10 "b'\x00\x00\x00\x00\n\x00\x00\x00\x04\t\x00\x16osgiliath"Citadel of the Stars"'"
2025-06-20 11:58:13,549 - IRCServer[17404] - INFO - Received msg from Host ID #4 "b'\x00\x00\x00\x00\x04\x00\x00\x00\x07\n\x00\x11lothlorien"The Golden Wood"'"
2025-06-20 11:58:13,549 - IRCServer[17404] - INFO - Received msg from Host ID #10 "b'\x00\x00\x00\x00\n\x00\x00\x00\x02\t\x00\x16osgiliath"Citadel of the Stars"'"
2025-06-20 11:58:13,551 - IRCServer[17404] - INFO - Received msg from Host ID #10 "b'\x00\x00\x00\x00\n\x00\x00\x00\x02\t\x00\x16osgiliath"Citadel of the Stars"'"
2025-06-20 11:58:13,552 - IRCServer[17404] - INFO - Received msg from Host ID #10 "b'\x00\x00\x00\x00\n\x00\x00\x00\x02\t\x00\x16osgiliath"Citadel of the Stars"'"
2025-06-20 11:58:13,555 - IRCServer[17404] - INFO - Received msg from Host ID #10 "b'\x00\x00\x00\x00\n\x00\x00\x00\x02\t\x00\x16osgiliath"Citadel of the Stars"'"
2025-06-20 11:58:13,552 - IRCServer[17404] - INFO - Received msg from Host ID #10 "b'\x00\x00\x00\x00\n\x00\x00\x00\x06\t\x00\x16osgiliath"Citadel of the Stars"'"
2025-06-20 11:58:13,555 - IRCServer[17404] - INFO - Sending message to an unknown IO device "b'\x01\x00\x00\x00\x07\x00\x00\x00\x00\x00\x02\x00\x00\x00+A machine has already registered with ID 10'"
2025-06-20 11:58:13,557 - IRCServer[17404] - INFO - Received msg from Host ID #2 "b'\x00\x00\x00\x00\x02\x00\x00\x00\x07\t\x00\x0frivendale"Elronds House"'"
2025-06-20 11:58:13,558 - IRCServer[17404] - INFO - Sending message to an unknown IO device "b'\x01\x00\x00\x00\x04\x00\x00\x00\x00\x00\x02\x00\x00\x00+A machine has already registered with ID 10'"
2025-06-20 11:58:13,562 - IRCServer[17404] - INFO - Received msg from Host ID #10 "b'\x00\x00\x00\x00\n\x00\x00\x00\x05\t\x00\x16osgiliath"Citadel of the Stars"'"
2025-06-20 11:58:13,564 - IRCServer[17404] - INFO - Received msg from Host ID #10 "b'\x00\x00\x00\x00\n\x00\x00\x00\x01\t\x00\x16osgiliath"Citadel of the Stars"'"
2025-06-20 11:58:13,565 - IRCServer[17404] - INFO - Received msg from Host ID #10 "b'\x00\x00\x00\x00\n\x00\x00\x00\t\t\x00\x16osgiliath"Citadel of the Stars"'"
2025-06-20 11:58:13,566 - IRCServer[17404] - INFO - Received msg from Host ID #1 "b'\x00\x00\x00\x00\x01\x00\x00\x00\x07\x08\x00\x15theshire"Home of the Hobbits"'"
2025-06-20 11:58:13,568 - IRCServer[17404] - INFO - Received msg from Host ID #10 "b'\x00\x00\x00\x00\n\x00\x00\x00\x06\t\x00\x16osgiliath"Citadel of the Stars"'"
2025-06-20 11:58:13,570 - IRCServer[17404] - INFO - Sending message to an unknown IO device "b'\x01\x00\x00\x00\x02\x00\x00\x00\x00\x00\x02\x00\x00\x00+A machine has already registered with ID 10'"
2025-06-20 11:58:13,572 - IRCServer[17404] - INFO - Received msg from Host ID #10 "b'\x00\x00\x00\x00\n\x00\x00\x00\x03\t\x00\x16osgiliath"Citadel of the Stars"'"
2025-06-20 11:58:13,575 - IRCServer[17404] - INFO - Sending message to an unknown IO device "b'\x01\x00\x00\x00\x06\x00\x00\x00\x00\x00\x02\x00\x00\x00+A machine has already registered with ID 10'"
2025-06-20 11:58:13,579 - IRCServer[17404] - INFO - Received msg from Host ID #101 "b'\x80\x00\x00\x00e\x00\x00\x00\x07\x0c\x00\x0bfrodobaggins"Test info"'"
2025-06-20 11:58:13,579 - IRCServer[17404] - INFO - Sending message to an unknown IO device "b'\x01\x00\x00\x00\x04\x00\x00\x00\x00\x00\x02\x00\x00\x00+A machine has already registered with ID 10'"
2025-06-20 11:58:13,582 - IRCServer[17404] - INFO - Received msg from Host ID #2 "b'\x01\x00\x00\x00\x02\x00\x00\x00\x00\x00\x02\x00\x00\x00+A machine has already registered with ID 10'"
2025-06-20 11:58:13,582 - IRCServer[17404] - INFO - Sending message to an unknown IO device "b'\x01\x00\x00\x00\x01\x00\x00\x00\x00\x00\x02\x00\x00\x00+A machine has already registered with ID 10'"
2025-06-20 11:58:13,582 - IRCServer[17404] - INFO - Received msg from Host ID #4 "b'\x01\x00\x00\x00\x04\x00\x00\x00\x00\x00\x02\x00\x00\x00+A machine has already registered with ID 10'"
2025-06-20 11:58:13,587 - IRCServer[17404] - INFO - Received msg from Host ID #3 "b'\x00\x00\x00\x00\x03\x00\x00\x00\x07\x0b\x00\x1cgrey_havens"Gates to the Blessed Realm"'"
2025-06-20 11:58:13,587 - IRCServer[17404] - INFO - Received msg from Host ID #6 "b'\x01\x00\x00\x00\x06\x00\x00\x00\x00\x00\x02\x00\x00\x00+A machine has already registered with ID 10'"
2025-06-20 11:58:13,592 - IRCServer[17404] - INFO - Received msg from Host ID #7 "b'\x01\x00\x00\x00\x07\x00\x00\x00\x00\x00\x02\x00\x00\x00+A machine has already registered with ID 10'"
2025-06-20 11:58:13,594 - IRCServer[17404] - INFO - Received msg from Host ID #1 "b'\x01\x00\x00\x00\x01\x00\x00\x00\x00\x00\x02\x00\x00\x00+A machine has already registered with ID 10'"
2025-06-20 11:58:13,594 - IRCServer[17404] - INFO - Received msg from Host ID #4 "b'\x01\x00\x00\x00\x04\x00\x00\x00\x00\x00\x02\x00\x00\x00+A machine has already registered with ID 10'"
2025-06-20 11:58:13,598 - IRCServer[17404] - INFO - Received msg from Host ID #10 "b'\x00\x00\x00\x00\n\x00\x00\x00\x08\t\x00\x16osgiliath"Citadel of the Stars"'"
2025-06-20 11:58:13,599 - IRCServer[17404] - INFO - Received msg from Host ID #103 "b'\x80\x00\x00\x00g\x00\x00\x00\x07\x06\x00\x0belrond"Test info"'"
2025-06-20 11:58:13,613 - IRCServer[17404] - INFO - Sending message to an unknown IO device "b'\x01\x00\x00\x00\x02\x00\x00\x00\x00\x00\x02\x00\x00\x00+A machine has already registered with ID 10'"
2025-06-20 11:58:13,615 - IRCServer[17404] - INFO - Received msg from Host ID #104 "b'\x80\x00\x00\x00h\x00\x00\x00\x07\x0c\x00\x0bbilbobaggins"Test info"'"
2025-06-20 11:58:13,627 - IRCServer[17404] - INFO - Received msg from Host ID #10 "b'\x00\x00\x00\x00\n\x00\x00\x00\x01\t\x00\x16osgiliath"Citadel of the Stars"'"
2025-06-20 11:58:13,629 - IRCServer[17404] - INFO - Received msg from Host ID #5 "b'\x00\x00\x00\x00\x05\x00\x00\x00\x07\x05\x00\x0fmoria"The Black Pit"'"
2025-06-20 11:58:13,628 - IRCServer[17404] - INFO - Received msg from Host ID #2 "b'\x01\x00\x00\x00\x02\x00\x00\x00\x00\x00\x02\x00\x00\x00+A machine has already registered with ID 10'"
2025-06-20 11:58:13,638 - IRCServer[17404] - INFO - Sending message to an unknown IO device "b'\x01\x00\x00\x00\x02\x00\x00\x00\x00\x00\x02\x00\x00\x00+A machine has already registered with ID 10'"
2025-06-20 11:58:13,639 - IRCServer[17404] - INFO - Received msg from Host ID #6 "b'\x00\x00\x00\x00\x06\x00\x00\x00\x07\x06\x00%edoras"Home of the Golden Hall of Meduseld"'"
2025-06-20 11:58:13,649 - IRCServer[17404] - INFO - Received msg from Host ID #2 "b'\x01\x00\x00\x00\x02\x00\x00\x00\x00\x00\x02\x00\x00\x00+A machine has already registered with ID 10'"
2025-06-20 11:58:13,650 - IRCServer[17404] - INFO - Received msg from Host ID #105 "b'\x80\x00\x00\x00i\x00\x00\x00\x07\x08\x00\x0bperegrin"Test info"'"
2025-06-20 11:58:13,662 - IRCServer[17404] - INFO - Received msg from Host ID #8 "b'\x00\x00\x00\x00\x08\x00\x00\x00\x07\x08\x00\x15mirkwood"Wood of Greenleaves"'"
2025-06-20 11:58:13,674 - IRCServer[17404] - INFO - Received msg from Host ID #106 "b'\x80\x00\x00\x00j\x00\x00\x00\x07\x08\x00\x0bmeriadoc"Test info"'"
2025-06-20 11:58:13,679 - IRCServer[17404] - INFO - Received msg from Host ID #9 "b'\x00\x00\x00\x00\t\x00\x00\x00\x07\x08\x00\x1disengard"Angrenost, The Iron Fortres"'"
2025-06-20 11:58:13,684 - IRCServer[17404] - INFO - Received msg from Host ID #10 "b'\x00\x00\x00\x00\n\x00\x00\x00\x00\t\x00\x16osgiliath"Citadel of the Stars"'"
2025-06-20 11:58:13,693 - IRCServer[17404] - INFO - Sending message to an unknown IO device "b'\x01\x00\x00\x00\x07\x00\x00\x00\x00\x00\x02\x00\x00\x00+A machine has already registered with ID 10'"
2025-06-20 11:58:13,696 - IRCServer[17404] - INFO - Received msg from Host ID #4 "b'\x00\x00\x00\x00\x04\x00\x00\x00\n\n\x00\x11lothlorien"The Golden Wood"'"
2025-06-20 11:58:13,696 - IRCServer[17404] - INFO - Sending message to an unknown IO device "b'\x01\x00\x00\x00\x07\x00\x00\x00\x00\x00\x02\x00\x00\x00*A machine has already registered with ID 4'"
2025-06-20 11:58:13,701 - IRCServer[17404] - INFO - Received msg from Host ID #2 "b'\x00\x00\x00\x00\x02\x00\x00\x00\n\t\x00\x0frivendale"Elronds House"'"
2025-06-20 11:58:13,703 - IRCServer[17404] - INFO - Sending message to an unknown IO device "b'\x01\x00\x00\x00\x07\x00\x00\x00\x00\x00\x02\x00\x00\x00*A machine has already registered with ID 2'"
2025-06-20 11:58:13,706 - IRCServer[17404] - INFO - Received msg from Host ID #1 "b'\x00\x00\x00\x00\x01\x00\x00\x00\n\x08\x00\x15theshire"Home of the Hobbits"'"
2025-06-20 11:58:13,712 - IRCServer[17404] - INFO - Sending message to an unknown IO device "b'\x01\x00\x00\x00\x07\x00\x00\x00\x00\x00\x02\x00\x00\x00*A machine has already registered with ID 1'"
2025-06-20 11:58:13,718 - IRCServer[17404] - INFO - Received msg from Host ID #3 "b'\x00\x00\x00\x00\x03\x00\x00\x00\n\x0b\x00\x1cgrey_havens"Gates to the Blessed Realm"'"
2025-06-20 11:58:13,723 - IRCServer[17404] - INFO - Sending message to an unknown IO device "b'\x01\x00\x00\x00\x07\x00\x00\x00\x00\x00\x02\x00\x00\x00*A machine has already registered with ID 3'"
2025-06-20 11:58:13,725 - IRCServer[17404] - INFO - Received msg from Host ID #5 "b'\x00\x00\x00\x00\x05\x00\x00\x00\n\x05\x00\x0fmoria"The Black Pit"'"
2025-06-20 11:58:13,732 - IRCServer[17404] - INFO - Sending message to an unknown IO device "b'\x01\x00\x00\x00\x07\x00\x00\x00\x00\x00\x02\x00\x00\x00*A machine has already registered with ID 5'"
2025-06-20 11:58:13,741 - IRCServer[17404] - INFO - Received msg from Host ID #6 "b'\x00\x00\x00\x00\x06\x00\x00\x00\n\x06\x00%edoras"Home of the Golden Hall of Meduseld"'"
2025-06-20 11:58:13,745 - IRCServer[17404] - INFO - Sending message to an unknown IO device "b'\x01\x00\x00\x00\x07\x00\x00\x00\x00\x00\x02\x00\x00\x00*A machine has already registered with ID 6'"
2025-06-20 11:58:13,752 - IRCServer[17404] - INFO - Received msg from Host ID #8 "b'\x00\x00\x00\x00\x08\x00\x00\x00\n\x08\x00\x15mirkwood"Wood of Greenleaves"'"
2025-06-20 11:58:13,762 - IRCServer[17404] - INFO - Sending message to an unknown IO device "b'\x01\x00\x00\x00\x07\x00\x00\x00\x00\x00\x02\x00\x00\x00*A machine has already registered with ID 8'"
2025-06-20 11:58:13,773 - IRCServer[17404] - INFO - Received msg from Host ID #9 "b'\x00\x00\x00\x00\t\x00\x00\x00\n\x08\x00\x1disengard"Angrenost, The Iron Fortres"'"
2025-06-20 11:58:13,781 - IRCServer[17404] - INFO - Sending message to an unknown IO device "b'\x01\x00\x00\x00\x07\x00\x00\x00\x00\x00\x02\x00\x00\x00*A machine has already registered with ID 9'"
2025-06-20 11:58:13,784 - IRCServer[17404] - INFO - Received msg from Host ID #7 "b'\x01\x00\x00\x00\x07\x00\x00\x00\x00\x00\x02\x00\x00\x00+A machine has already registered with ID 10'"
2025-06-20 11:58:13,790 - IRCServer[17404] - INFO - Received msg from Host ID #7 "b'\x01\x00\x00\x00\x07\x00\x00\x00\x00\x00\x02\x00\x00\x00*A machine has already registered with ID 4'"
2025-06-20 11:58:13,796 - IRCServer[17404] - INFO - Received msg from Host ID #7 "b'\x01\x00\x00\x00\x07\x00\x00\x00\x00\x00\x02\x00\x00\x00*A machine has already registered with ID 2'"
2025-06-20 11:58:13,797 - IRCServer[17404] - INFO - Received msg from Host ID #7 "b'\x01\x00\x00\x00\x07\x00\x00\x00\x00\x00\x02\x00\x00\x00*A machine has already registered with ID 1'"
2025-06-20 11:58:13,797 - IRCServer[17404] - INFO - Received msg from Host ID #7 "b'\x01\x00\x00\x00\x07\x00\x00\x00\x00\x00\x02\x00\x00\x00*A machine has already registered with ID 3'"
2025-06-20 11:58:13,800 - IRCServer[17404] - INFO - Received msg from Host ID #7 "b'\x01\x00\x00\x00\x07\x00\x00\x00\x00\x00\x02\x00\x00\x00*A machine has already registered with ID 5'"
2025-06-20 11:58:13,807 - IRCServer[17404] - INFO - Received msg from Host ID #7 "b'\x01\x00\x00\x00\x07\x00\x00\x00\x00\x00\x02\x00\x00\x00*A machine has already registered with ID 6'"
2025-06-20 11:58:13,823 - IRCServer[17404] - INFO - Received msg from Host ID #7 "b'\x01\x00\x00\x00\x07\x00\x00\x00\x00\x00\x02\x00\x00\x00*A machine has already registered with ID 8'"
2025-06-20 11:58:13,826 - IRCServer[17404] - INFO - Received msg from Host ID #7 "b'\x01\x00\x00\x00\x07\x00\x00\x00\x00\x00\x02\x00\x00\x00*A machine has already registered with ID 9'"
2025-06-20 11:58:14,496 - IRCServer[17404] - INFO - Launching server barad-dur...
2025-06-20 11:58:14,498 - IRCServer[17404] - INFO - Configuring the server socket...
2025-06-20 11:58:14,514 - IRCServer[17404] - INFO - Connecting to remote server minastirith:36307...
2025-06-20 11:58:14,553 - IRCServer[17404] - INFO - Connected to another server
2025-06-20 11:58:14,554 - IRCServer[17404] - INFO - Listening for new connections on port 36311
2025-06-20 11:58:14,562 - IRCServer[17404] - INFO - Received msg from Host ID #11 "b'\x00\x00\x00\x00\x0b\x00\x00\x00\x00\t\x00\x10barad-dur"The Dark Tower"'"
2025-06-20 11:58:14,564 - IRCServer[17404] - INFO - Received msg from Host ID #11 "b'\x00\x00\x00\x00\x0b\x00\x00\x00\x07\t\x00\x10barad-dur"The Dark Tower"'"
2025-06-20 11:58:14,566 - IRCServer[17404] - INFO - Received msg from Host ID #7 "b'\x00\x00\x00\x00\x07\x00\x00\x00\x00\x0b\x00\x10minastirith"Tower of Guard"'"
2025-06-20 11:58:14,567 - IRCServer[17404] - INFO - Received msg from Host ID #11 "b'\x00\x00\x00\x00\x0b\x00\x00\x00\x04\t\x00\x10barad-dur"The Dark Tower"'"
2025-06-20 11:58:14,567 - IRCServer[17404] - INFO - Received msg from Host ID #11 "b'\x00\x00\x00\x00\x0b\x00\x00\x00\x07\t\x00\x10barad-dur"The Dark Tower"'"
2025-06-20 11:58:14,567 - IRCServer[17404] - INFO - Received msg from Host ID #11 "b'\x00\x00\x00\x00\x0b\x00\x00\x00\x04\t\x00\x10barad-dur"The Dark Tower"'"
2025-06-20 11:58:14,568 - IRCServer[17404] - INFO - Received msg from Host ID #11 "b'\x00\x00\x00\x00\x0b\x00\x00\x00\x04\t\x00\x10barad-dur"The Dark Tower"'"
2025-06-20 11:58:14,572 - IRCServer[17404] - INFO - Received msg from Host ID #4 "b'\x00\x00\x00\x00\x04\x00\x00\x00\x07\n\x00\x11lothlorien"The Golden Wood"'"
2025-06-20 11:58:14,573 - IRCServer[17404] - INFO - Sending message to an unknown IO device "b'\x01\x00\x00\x00\x07\x00\x00\x00\x00\x00\x02\x00\x00\x00+A machine has already registered with ID 11'"
2025-06-20 11:58:14,587 - IRCServer[17404] - INFO - Received msg from Host ID #11 "b'\x00\x00\x00\x00\x0b\x00\x00\x00\x06\t\x00\x10barad-dur"The Dark Tower"'"
2025-06-20 11:58:14,589 - IRCServer[17404] - INFO - Received msg from Host ID #11 "b'\x00\x00\x00\x00\x0b\x00\x00\x00\x06\t\x00\x10barad-dur"The Dark Tower"'"
2025-06-20 11:58:14,589 - IRCServer[17404] - INFO - Received msg from Host ID #2 "b'\x00\x00\x00\x00\x02\x00\x00\x00\x07\t\x00\x0frivendale"Elronds House"'"
2025-06-20 11:58:14,591 - IRCServer[17404] - INFO - Received msg from Host ID #11 "b'\x00\x00\x00\x00\x0b\x00\x00\x00\x02\t\x00\x10barad-dur"The Dark Tower"'"
2025-06-20 11:58:14,593 - IRCServer[17404] - INFO - Received msg from Host ID #11 "b'\x00\x00\x00\x00\x0b\x00\x00\x00\x02\t\x00\x10barad-dur"The Dark Tower"'"
2025-06-20 11:58:14,594 - IRCServer[17404] - INFO - Received msg from Host ID #11 "b'\x00\x00\x00\x00\x0b\x00\x00\x00\x02\t\x00\x10barad-dur"The Dark Tower"'"
2025-06-20 11:58:14,598 - IRCServer[17404] - INFO - Received msg from Host ID #11 "b'\x00\x00\x00\x00\x0b\x00\x00\x00\t\t\x00\x10barad-dur"The Dark Tower"'"
2025-06-20 11:58:14,600 - IRCServer[17404] - INFO - Received msg from Host ID #11 "b'\x00\x00\x00\x00\x0b\x00\x00\x00\n\t\x00\x10barad-dur"The Dark Tower"'"
2025-06-20 11:58:14,600 - IRCServer[17404] - INFO - Sending message to an unknown IO device "b'\x01\x00\x00\x00\x04\x00\x00\x00\x00\x00\x02\x00\x00\x00+A machine has already registered with ID 11'"
2025-06-20 11:58:14,604 - IRCServer[17404] - INFO - Received msg from Host ID #1 "b'\x00\x00\x00\x00\x01\x00\x00\x00\x07\x08\x00\x15theshire"Home of the Hobbits"'"
2025-06-20 11:58:14,606 - IRCServer[17404] - INFO - Received msg from Host ID #11 "b'\x00\x00\x00\x00\x0b\x00\x00\x00\x05\t\x00\x10barad-dur"The Dark Tower"'"
2025-06-20 11:58:14,607 - IRCServer[17404] - INFO - Received msg from Host ID #11 "b'\x00\x00\x00\x00\x0b\x00\x00\x00\x01\t\x00\x10barad-dur"The Dark Tower"'"
2025-06-20 11:58:14,607 - IRCServer[17404] - INFO - Sending message to an unknown IO device "b'\x01\x00\x00\x00\x06\x00\x00\x00\x00\x00\x02\x00\x00\x00+A machine has already registered with ID 11'"
2025-06-20 11:58:14,609 - IRCServer[17404] - INFO - Sending message to an unknown IO device "b'\x01\x00\x00\x00\x07\x00\x00\x00\x00\x00\x02\x00\x00\x00+A machine has already registered with ID 11'"
2025-06-20 11:58:14,613 - IRCServer[17404] - INFO - Received msg from Host ID #11 "b'\x00\x00\x00\x00\x0b\x00\x00\x00\x02\t\x00\x10barad-dur"The Dark Tower"'"
2025-06-20 11:58:14,614 - IRCServer[17404] - INFO - Sending message to an unknown IO device "b'\x01\x00\x00\x00\x02\x00\x00\x00\x00\x00\x02\x00\x00\x00+A machine has already registered with ID 11'"
2025-06-20 11:58:14,615 - IRCServer[17404] - INFO - Received msg from Host ID #101 "b'\x80\x00\x00\x00e\x00\x00\x00\x07\x0c\x00\x0bfrodobaggins"Test info"'"
2025-06-20 11:58:14,616 - IRCServer[17404] - INFO - Received msg from Host ID #11 "b'\x00\x00\x00\x00\x0b\x00\x00\x00\x03\t\x00\x10barad-dur"The Dark Tower"'"
2025-06-20 11:58:14,619 - IRCServer[17404] - INFO - Received msg from Host ID #6 "b'\x01\x00\x00\x00\x06\x00\x00\x00\x00\x00\x02\x00\x00\x00+A machine has already registered with ID 11'"
2025-06-20 11:58:14,620 - IRCServer[17404] - INFO - Received msg from Host ID #4 "b'\x01\x00\x00\x00\x04\x00\x00\x00\x00\x00\x02\x00\x00\x00+A machine has already registered with ID 11'"
2025-06-20 11:58:14,624 - IRCServer[17404] - INFO - Sending message to an unknown IO device "b'\x01\x00\x00\x00\x04\x00\x00\x00\x00\x00\x02\x00\x00\x00+A machine has already registered with ID 11'"
2025-06-20 11:58:14,624 - IRCServer[17404] - INFO - Received msg from Host ID #7 "b'\x01\x00\x00\x00\x07\x00\x00\x00\x00\x00\x02\x00\x00\x00+A machine has already registered with ID 11'"
2025-06-20 11:58:14,626 - IRCServer[17404] - INFO - Received msg from Host ID #2 "b'\x01\x00\x00\x00\x02\x00\x00\x00\x00\x00\x02\x00\x00\x00+A machine has already registered with ID 11'"
2025-06-20 11:58:14,626 - IRCServer[17404] - INFO - Received msg from Host ID #11 "b'\x00\x00\x00\x00\x0b\x00\x00\x00\x08\t\x00\x10barad-dur"The Dark Tower"'"
2025-06-20 11:58:14,627 - IRCServer[17404] - INFO - Received msg from Host ID #3 "b'\x00\x00\x00\x00\x03\x00\x00\x00\x07\x0b\x00\x1cgrey_havens"Gates to the Blessed Realm"'"
2025-06-20 11:58:14,628 - IRCServer[17404] - INFO - Sending message to an unknown IO device "b'\x01\x00\x00\x00\x01\x00\x00\x00\x00\x00\x02\x00\x00\x00+A machine has already registered with ID 11'"
2025-06-20 11:58:14,637 - IRCServer[17404] - INFO - Received msg from Host ID #7 "b'\x01\x00\x00\x00\x07\x00\x00\x00\x00\x00\x02\x00\x00\x00+A machine has already registered with ID 11'"
2025-06-20 11:58:14,641 - IRCServer[17404] - INFO - Sending message to an unknown IO device "b'\x01\x00\x00\x00\x02\x00\x00\x00\x00\x00\x02\x00\x00\x00+A machine has already registered with ID 11'"
2025-06-20 11:58:14,642 - IRCServer[17404] - INFO - Received msg from Host ID #103 "b'\x80\x00\x00\x00g\x00\x00\x00\x07\x06\x00\x0belrond"Test info"'"
2025-06-20 11:58:14,643 - IRCServer[17404] - INFO - Received msg from Host ID #1 "b'\x01\x00\x00\x00\x01\x00\x00\x00\x00\x00\x02\x00\x00\x00+A machine has already registered with ID 11'"
2025-06-20 11:58:14,654 - IRCServer[17404] - INFO - Received msg from Host ID #11 "b'\x00\x00\x00\x00\x0b\x00\x00\x00\x01\t\x00\x10barad-dur"The Dark Tower"'"
2025-06-20 11:58:14,654 - IRCServer[17404] - INFO - Received msg from Host ID #2 "b'\x01\x00\x00\x00\x02\x00\x00\x00\x00\x00\x02\x00\x00\x00+A machine has already registered with ID 11'"
2025-06-20 11:58:14,657 - IRCServer[17404] - INFO - Received msg from Host ID #104 "b'\x80\x00\x00\x00h\x00\x00\x00\x07\x0c\x00\x0bbilbobaggins"Test info"'"
2025-06-20 11:58:14,665 - IRCServer[17404] - INFO - Sending message to an unknown IO device "b'\x01\x00\x00\x00\x02\x00\x00\x00\x00\x00\x02\x00\x00\x00+A machine has already registered with ID 11'"
2025-06-20 11:58:14,670 - IRCServer[17404] - INFO - Received msg from Host ID #5 "b'\x00\x00\x00\x00\x05\x00\x00\x00\x07\x05\x00\x0fmoria"The Black Pit"'"
2025-06-20 11:58:14,673 - IRCServer[17404] - INFO - Received msg from Host ID #2 "b'\x01\x00\x00\x00\x02\x00\x00\x00\x00\x00\x02\x00\x00\x00+A machine has already registered with ID 11'"
2025-06-20 11:58:14,673 - IRCServer[17404] - INFO - Received msg from Host ID #4 "b'\x01\x00\x00\x00\x04\x00\x00\x00\x00\x00\x02\x00\x00\x00+A machine has already registered with ID 11'"
2025-06-20 11:58:14,679 - IRCServer[17404] - INFO - Received msg from Host ID #6 "b'\x00\x00\x00\x00\x06\x00\x00\x00\x07\x06\x00%edoras"Home of the Golden Hall of Meduseld"'"
2025-06-20 11:58:14,691 - IRCServer[17404] - INFO - Received msg from Host ID #105 "b'\x80\x00\x00\x00i\x00\x00\x00\x07\x08\x00\x0bperegrin"Test info"'"
2025-06-20 11:58:14,699 - IRCServer[17404] - INFO - Received msg from Host ID #8 "b'\x00\x00\x00\x00\x08\x00\x00\x00\x07\x08\x00\x15mirkwood"Wood of Greenleaves"'"
2025-06-20 11:58:14,706 - IRCServer[17404] - INFO - Received msg from Host ID #106 "b'\x80\x00\x00\x00j\x00\x00\x00\x07\x08\x00\x0bmeriadoc"Test info"'"
2025-06-20 11:58:14,714 - IRCServer[17404] - INFO - Received msg from Host ID #9 "b'\x00\x00\x00\x00\t\x00\x00\x00\x07\x08\x00\x1disengard"Angrenost, The Iron Fortres"'"
2025-06-20 11:58:14,722 - IRCServer[17404] - INFO - Received msg from Host ID #10 "b'\x00\x00\x00\x00\n\x00\x00\x00\x07\t\x00\x16osgiliath"Citadel of the Stars"'"
2025-06-20 11:58:14,732 - IRCServer[17404] - INFO - Received msg from Host ID #11 "b'\x00\x00\x00\x00\x0b\x00\x00\x00\x00\t\x00\x10barad-dur"The Dark Tower"'"
2025-06-20 11:58:14,741 - IRCServer[17404] - INFO - Sending message to an unknown IO device "b'\x01\x00\x00\x00\x07\x00\x00\x00\x00\x00\x02\x00\x00\x00+A machine has already registered with ID 11'"
2025-06-20 11:58:14,751 - IRCServer[17404] - INFO - Received msg from Host ID #4 "b'\x00\x00\x00\x00\x04\x00\x00\x00\x0b\n\x00\x11lothlorien"The Golden Wood"'"
2025-06-20 11:58:14,760 - IRCServer[17404] - INFO - Sending message to an unknown IO device "b'\x01\x00\x00\x00\x07\x00\x00\x00\x00\x00\x02\x00\x00\x00*A machine has already registered with ID 4'"
2025-06-20 11:58:14,800 - IRCServer[17404] - INFO - Received msg from Host ID #2 "b'\x00\x00\x00\x00\x02\x00\x00\x00\x0b\t\x00\x0frivendale"Elronds House"'"
2025-06-20 11:58:14,803 - IRCServer[17404] - INFO - Sending message to an unknown IO device "b'\x01\x00\x00\x00\x07\x00\x00\x00\x00\x00\x02\x00\x00\x00*A machine has already registered with ID 2'"
2025-06-20 11:58:14,804 - IRCServer[17404] - INFO - Received msg from Host ID #1 "b'\x00\x00\x00\x00\x01\x00\x00\x00\x0b\x08\x00\x15theshire"Home of the Hobbits"'"
2025-06-20 11:58:14,807 - IRCServer[17404] - INFO - Sending message to an unknown IO device "b'\x01\x00\x00\x00\x07\x00\x00\x00\x00\x00\x02\x00\x00\x00*A machine has already registered with ID 1'"
2025-06-20 11:58:14,807 - IRCServer[17404] - INFO - Received msg from Host ID #3 "b'\x00\x00\x00\x00\x03\x00\x00\x00\x0b\x0b\x00\x1cgrey_havens"Gates to the Blessed Realm"'"
2025-06-20 11:58:14,814 - IRCServer[17404] - INFO - Sending message to an unknown IO device "b'\x01\x00\x00\x00\x07\x00\x00\x00\x00\x00\x02\x00\x00\x00*A machine has already registered with ID 3'"
2025-06-20 11:58:14,823 - IRCServer[17404] - INFO - Received msg from Host ID #5 "b'\x00\x00\x00\x00\x05\x00\x00\x00\x0b\x05\x00\x0fmoria"The Black Pit"'"
2025-06-20 11:58:14,830 - IRCServer[17404] - INFO - Sending message to an unknown IO device "b'\x01\x00\x00\x00\x07\x00\x00\x00\x00\x00\x02\x00\x00\x00*A machine has already registered with ID 5'"
2025-06-20 11:58:14,836 - IRCServer[17404] - INFO - Received msg from Host ID #6 "b'\x00\x00\x00\x00\x06\x00\x00\x00\x0b\x06\x00%edoras"Home of the Golden Hall of Meduseld"'"
2025-06-20 11:58:14,845 - IRCServer[17404] - INFO - Sending message to an unknown IO device "b'\x01\x00\x00\x00\x07\x00\x00\x00\x00\x00\x02\x00\x00\x00*A machine has already registered with ID 6'"
2025-06-20 11:58:14,855 - IRCServer[17404] - INFO - Received msg from Host ID #8 "b'\x00\x00\x00\x00\x08\x00\x00\x00\x0b\x08\x00\x15mirkwood"Wood of Greenleaves"'"
2025-06-20 11:58:14,865 - IRCServer[17404] - INFO - Sending message to an unknown IO device "b'\x01\x00\x00\x00\x07\x00\x00\x00\x00\x00\x02\x00\x00\x00*A machine has already registered with ID 8'"
2025-06-20 11:58:14,873 - IRCServer[17404] - INFO - Received msg from Host ID #9 "b'\x00\x00\x00\x00\t\x00\x00\x00\x0b\x08\x00\x1disengard"Angrenost, The Iron Fortres"'"
2025-06-20 11:58:14,881 - IRCServer[17404] - INFO - Sending message to an unknown IO device "b'\x01\x00\x00\x00\x07\x00\x00\x00\x00\x00\x02\x00\x00\x00*A machine has already registered with ID 9'"
2025-06-20 11:58:14,892 - IRCServer[17404] - INFO - Received msg from Host ID #10 "b'\x00\x00\x00\x00\n\x00\x00\x00\x0b\t\x00\x16osgiliath"Citadel of the Stars"'"
2025-06-20 11:58:14,903 - IRCServer[17404] - INFO - Sending message to an unknown IO device "b'\x01\x00\x00\x00\x07\x00\x00\x00\x00\x00\x02\x00\x00\x00+A machine has already registered with ID 10'"
2025-06-20 11:58:14,913 - IRCServer[17404] - INFO - Received msg from Host ID #7 "b'\x01\x00\x00\x00\x07\x00\x00\x00\x00\x00\x02\x00\x00\x00+A machine has already registered with ID 11'"
2025-06-20 11:58:14,929 - IRCServer[17404] - INFO - Received msg from Host ID #7 "b'\x01\x00\x00\x00\x07\x00\x00\x00\x00\x00\x02\x00\x00\x00*A machine has already registered with ID 4'"
2025-06-20 11:58:14,940 - IRCServer[17404] - INFO - Received msg from Host ID #7 "b'\x01\x00\x00\x00\x07\x00\x00\x00\x00\x00\x02\x00\x00\x00*A machine has already registered with ID 2'"
2025-06-20 11:58:14,949 - IRCServer[17404] - INFO - Received msg from Host ID #7 "b'\x01\x00\x00\x00\x07\x00\x00\x00\x00\x00\x02\x00\x00\x00*A machine has already registered with ID 1'"
2025-06-20 11:58:14,958 - IRCServer[17404] - INFO - Received msg from Host ID #7 "b'\x01\x00\x00\x00\x07\x00\x00\x00\x00\x00\x02\x00\x00\x00*A machine has already registered with ID 3'"
2025-06-20 11:58:14,973 - IRCServer[17404] - INFO - Received msg from Host ID #7 "b'\x01\x00\x00\x00\x07\x00\x00\x00\x00\x00\x02\x00\x00\x00*A machine has already registered with ID 5'"
2025-06-20 11:58:14,984 - IRCServer[17404] - INFO - Received msg from Host ID #7 "b'\x01\x00\x00\x00\x07\x00\x00\x00\x00\x00\x02\x00\x00\x00*A machine has already registered with ID 6'"
2025-06-20 11:58:14,996 - IRCServer[17404] - INFO - Received msg from Host ID #7 "b'\x01\x00\x00\x00\x07\x00\x00\x00\x00\x00\x02\x00\x00\x00*A machine has already registered with ID 8'"
2025-06-20 11:58:15,006 - IRCServer[17404] - INFO - Received msg from Host ID #7 "b'\x01\x00\x00\x00\x07\x00\x00\x00\x00\x00\x02\x00\x00\x00*A machine has already registered with ID 9'"
2025-06-20 11:58:15,021 - IRCServer[17404] - INFO - Received msg from Host ID #7 "b'\x01\x00\x00\x00\x07\x00\x00\x00\x00\x00\x02\x00\x00\x00+A machine has already registered with ID 10'"
2025-06-20 11:58:15,505 - IRCServer[17404] - INFO - Launching client balin...
2025-06-20 11:58:15,515 - IRCServer[17404] - INFO - Sending message to b'\x80\x00\x00\x00k\x00\x00\x00\x00\x05\x00\x0bbalin"Test info"'
2025-06-20 11:58:15,527 - IRCServer[17404] - INFO - Received msg from Host ID #107 "b'\x80\x00\x00\x00k\x00\x00\x00\x00\x05\x00\x0bbalin"Test info"'"
2025-06-20 11:58:15,532 - IRCServer[17404] - INFO - Received message from Host ID #5 "b'\x01\x00\x00\x00\x05\x00\x00\x00k\x00\x00\x00\x00\x00/Welcome to the Clemson Relay Chat network balin'"
2025-06-20 11:58:15,533 - IRCServer[17404] - INFO - Received msg from Host ID #107 "b'\x80\x00\x00\x00k\x00\x00\x00\x05\x05\x00\x0bbalin"Test info"'"
2025-06-20 11:58:15,535 - IRCServer[17404] - INFO - Received message from Host ID #101 "b'\x80\x00\x00\x00e\x00\x00\x00\x05\x0c\x00\x0bfrodobaggins"Test info"'"
2025-06-20 11:58:15,542 - IRCServer[17404] - INFO - Received msg from Host ID #107 "b'\x80\x00\x00\x00k\x00\x00\x00\x02\x05\x00\x0bbalin"Test info"'"
2025-06-20 11:58:15,543 - IRCServer[17404] - INFO - Received msg from Host ID #107 "b'\x80\x00\x00\x00k\x00\x00\x00\x02\x05\x00\x0bbalin"Test info"'"
2025-06-20 11:58:15,544 - IRCServer[17404] - INFO - Received msg from Host ID #107 "b'\x80\x00\x00\x00k\x00\x00\x00\x02\x05\x00\x0bbalin"Test info"'"
2025-06-20 11:58:15,545 - IRCServer[17404] - INFO - Received message from Host ID #107 "b'\x80\x00\x00\x00k\x00\x00\x00\x02\x05\x00\x0bbalin"Test info"'"
2025-06-20 11:58:15,545 - IRCServer[17404] - INFO - Received message from Host ID #103 "b'\x80\x00\x00\x00g\x00\x00\x00\x05\x06\x00\x0belrond"Test info"'"
2025-06-20 11:58:15,561 - IRCServer[17404] - INFO - Received message from Host ID #107 "b'\x80\x00\x00\x00k\x00\x00\x00\x01\x05\x00\x0bbalin"Test info"'"
2025-06-20 11:58:15,564 - IRCServer[17404] - INFO - Received msg from Host ID #107 "b'\x80\x00\x00\x00k\x00\x00\x00\x01\x05\x00\x0bbalin"Test info"'"
2025-06-20 11:58:15,564 - IRCServer[17404] - INFO - Received msg from Host ID #107 "b'\x80\x00\x00\x00k\x00\x00\x00\x04\x05\x00\x0bbalin"Test info"'"
2025-06-20 11:58:15,565 - IRCServer[17404] - INFO - Received msg from Host ID #107 "b'\x80\x00\x00\x00k\x00\x00\x00\x04\x05\x00\x0bbalin"Test info"'"
2025-06-20 11:58:15,565 - IRCServer[17404] - INFO - Received message from Host ID #104 "b'\x80\x00\x00\x00h\x00\x00\x00\x05\x0c\x00\x0bbilbobaggins"Test info"'"
2025-06-20 11:58:15,573 - IRCServer[17404] - INFO - Received message from Host ID #107 "b'\x80\x00\x00\x00k\x00\x00\x00\x03\x05\x00\x0bbalin"Test info"'"
2025-06-20 11:58:15,577 - IRCServer[17404] - INFO - Received message from Host ID #107 "b'\x80\x00\x00\x00k\x00\x00\x00\x06\x05\x00\x0bbalin"Test info"'"
2025-06-20 11:58:15,579 - IRCServer[17404] - INFO - Received msg from Host ID #107 "b'\x80\x00\x00\x00k\x00\x00\x00\x06\x05\x00\x0bbalin"Test info"'"
2025-06-20 11:58:15,580 - IRCServer[17404] - INFO - Received msg from Host ID #107 "b'\x80\x00\x00\x00k\x00\x00\x00\x07\x05\x00\x0bbalin"Test info"'"
2025-06-20 11:58:15,581 - IRCServer[17404] - INFO - Received message from Host ID #107 "b'\x80\x00\x00\x00k\x00\x00\x00\x07\x05\x00\x0bbalin"Test info"'"
2025-06-20 11:58:15,583 - IRCServer[17404] - INFO - Received message from Host ID #105 "b'\x80\x00\x00\x00i\x00\x00\x00\x05\x08\x00\x0bperegrin"Test info"'"
2025-06-20 11:58:15,584 - IRCServer[17404] - INFO - Received msg from Host ID #107 "b'\x80\x00\x00\x00k\x00\x00\x00\x07\x05\x00\x0bbalin"Test info"'"
2025-06-20 11:58:15,595 - IRCServer[17404] - INFO - Received message from Host ID #106 "b'\x80\x00\x00\x00j\x00\x00\x00\x05\x08\x00\x0bmeriadoc"Test info"'"
2025-06-20 11:58:16,513 - IRCServer[17404] - INFO - Launching client sauron...
2025-06-20 11:58:16,529 - IRCServer[17404] - INFO - Sending message to b'\x80\x00\x00\x00l\x00\x00\x00\x00\x06\x00\x0bsauron"Test info"'
2025-06-20 11:58:16,540 - IRCServer[17404] - INFO - Received msg from Host ID #108 "b'\x80\x00\x00\x00l\x00\x00\x00\x00\x06\x00\x0bsauron"Test info"'"
2025-06-20 11:58:16,556 - IRCServer[17404] - INFO - Received msg from Host ID #108 "b'\x80\x00\x00\x00l\x00\x00\x00\x0b\x06\x00\x0bsauron"Test info"'"
2025-06-20 11:58:16,557 - IRCServer[17404] - INFO - Received message from Host ID #11 "b'\x01\x00\x00\x00\x0b\x00\x00\x00l\x00\x00\x00\x00\x000Welcome to the Clemson Relay Chat network sauron'"
2025-06-20 11:58:16,567 - IRCServer[17404] - INFO - Received message from Host ID #101 "b'\x80\x00\x00\x00e\x00\x00\x00\x0b\x0c\x00\x0bfrodobaggins"Test info"'"
2025-06-20 11:58:16,573 - IRCServer[17404] - INFO - Received message from Host ID #108 "b'\x80\x00\x00\x00l\x00\x00\x00\x07\x06\x00\x0bsauron"Test info"'"
2025-06-20 11:58:16,570 - IRCServer[17404] - INFO - Received msg from Host ID #108 "b'\x80\x00\x00\x00l\x00\x00\x00\x07\x06\x00\x0bsauron"Test info"'"
2025-06-20 11:58:16,571 - IRCServer[17404] - INFO - Received msg from Host ID #108 "b'\x80\x00\x00\x00l\x00\x00\x00\x07\x06\x00\x0bsauron"Test info"'"
2025-06-20 11:58:16,582 - IRCServer[17404] - INFO - Received message from Host ID #103 "b'\x80\x00\x00\x00g\x00\x00\x00\x0b\x06\x00\x0belrond"Test info"'"
2025-06-20 11:58:16,589 - IRCServer[17404] - INFO - Received msg from Host ID #108 "b'\x80\x00\x00\x00l\x00\x00\x00\x04\x06\x00\x0bsauron"Test info"'"
2025-06-20 11:58:16,587 - IRCServer[17404] - INFO - Received msg from Host ID #108 "b'\x80\x00\x00\x00l\x00\x00\x00\x04\x06\x00\x0bsauron"Test info"'"
2025-06-20 11:58:16,593 - IRCServer[17404] - INFO - Received message from Host ID #104 "b'\x80\x00\x00\x00h\x00\x00\x00\x0b\x0c\x00\x0bbilbobaggins"Test info"'"
2025-06-20 11:58:16,594 - IRCServer[17404] - INFO - Received message from Host ID #108 "b'\x80\x00\x00\x00l\x00\x00\x00\x06\x06\x00\x0bsauron"Test info"'"
2025-06-20 11:58:16,594 - IRCServer[17404] - INFO - Received msg from Host ID #108 "b'\x80\x00\x00\x00l\x00\x00\x00\x06\x06\x00\x0bsauron"Test info"'"
2025-06-20 11:58:16,596 - IRCServer[17404] - INFO - Received msg from Host ID #108 "b'\x80\x00\x00\x00l\x00\x00\x00\x02\x06\x00\x0bsauron"Test info"'"
2025-06-20 11:58:16,596 - IRCServer[17404] - INFO - Received message from Host ID #108 "b'\x80\x00\x00\x00l\x00\x00\x00\x02\x06\x00\x0bsauron"Test info"'"
2025-06-20 11:58:16,596 - IRCServer[17404] - INFO - Received msg from Host ID #108 "b'\x80\x00\x00\x00l\x00\x00\x00\x02\x06\x00\x0bsauron"Test info"'"
2025-06-20 11:58:16,598 - IRCServer[17404] - INFO - Received msg from Host ID #108 "b'\x80\x00\x00\x00l\x00\x00\x00\x02\x06\x00\x0bsauron"Test info"'"
2025-06-20 11:58:16,617 - IRCServer[17404] - INFO - Received message from Host ID #105 "b'\x80\x00\x00\x00i\x00\x00\x00\x0b\x08\x00\x0bperegrin"Test info"'"
2025-06-20 11:58:16,631 - IRCServer[17404] - INFO - Received message from Host ID #108 "b'\x80\x00\x00\x00l\x00\x00\x00\x05\x06\x00\x0bsauron"Test info"'"
2025-06-20 11:58:16,634 - IRCServer[17404] - INFO - Received message from Host ID #108 "b'\x80\x00\x00\x00l\x00\x00\x00\x01\x06\x00\x0bsauron"Test info"'"
2025-06-20 11:58:16,635 - IRCServer[17404] - INFO - Received msg from Host ID #108 "b'\x80\x00\x00\x00l\x00\x00\x00\x01\x06\x00\x0bsauron"Test info"'"
2025-06-20 11:58:16,643 - IRCServer[17404] - INFO - Received message from Host ID #106 "b'\x80\x00\x00\x00j\x00\x00\x00\x0b\x08\x00\x0bmeriadoc"Test info"'"
2025-06-20 11:58:16,655 - IRCServer[17404] - INFO - Received message from Host ID #108 "b'\x80\x00\x00\x00l\x00\x00\x00\x03\x06\x00\x0bsauron"Test info"'"
2025-06-20 11:58:16,666 - IRCServer[17404] - INFO - Received message from Host ID #107 "b'\x80\x00\x00\x00k\x00\x00\x00\x0b\x05\x00\x0bbalin"Test info"'"
2025-06-20 11:58:18,518 - IRCServer[17404] - INFO - Sending message to b'\x81\x00\x00\x00i\x00\x00\x00l\x00\x00\x00 "Quit looking at me, its creepy"'
2025-06-20 11:58:18,534 - IRCServer[17404] - INFO - Received msg from Host ID #105 "b'\x81\x00\x00\x00i\x00\x00\x00l\x00\x00\x00 "Quit looking at me, its creepy"'"
2025-06-20 11:58:18,543 - IRCServer[17404] - INFO - Sending message to Host ID #108 "b'\x81\x00\x00\x00i\x00\x00\x00l\x00\x00\x00 "Quit looking at me, its creepy"'"
2025-06-20 11:58:18,554 - IRCServer[17404] - INFO - Received msg from Host ID #105 "b'\x81\x00\x00\x00i\x00\x00\x00l\x00\x00\x00 "Quit looking at me, its creepy"'"
2025-06-20 11:58:18,567 - IRCServer[17404] - INFO - Sending message to Host ID #108 "b'\x81\x00\x00\x00i\x00\x00\x00l\x00\x00\x00 "Quit looking at me, its creepy"'"
2025-06-20 11:58:18,581 - IRCServer[17404] - INFO - Received message from Host ID #105 "b'\x81\x00\x00\x00i\x00\x00\x00l\x00\x00\x00 "Quit looking at me, its creepy"'"
2025-06-20 11:58:19,533 - IRCServer[17404] - INFO - Sending message to b'\x82\x00\x00\x00l\x00\x00\x00\x17"Tower collapsing, brb"'
2025-06-20 11:58:19,553 - IRCServer[17404] - INFO - Received msg from Host ID #108 "b'\x82\x00\x00\x00l\x00\x00\x00\x17"Tower collapsing, brb"'"
2025-06-20 11:58:19,565 - IRCServer[17404] - INFO - Received msg from Host ID #108 "b'\x82\x00\x00\x00l\x00\x00\x00\x17"Tower collapsing, brb"'"
2025-06-20 11:58:19,569 - IRCServer[17404] - INFO - Received message from Host ID #108 "b'\x82\x00\x00\x00l\x00\x00\x00\x17"Tower collapsing, brb"'"
2025-06-20 11:58:19,571 - IRCServer[17404] - INFO - Received msg from Host ID #108 "b'\x82\x00\x00\x00l\x00\x00\x00\x17"Tower collapsing, brb"'"
2025-06-20 11:58:19,574 - IRCServer[17404] - INFO - Received msg from Host ID #108 "b'\x82\x00\x00\x00l\x00\x00\x00\x17"Tower collapsing, brb"'"
2025-06-20 11:58:19,581 - IRCServer[17404] - INFO - Received msg from Host ID #108 "b'\x82\x00\x00\x00l\x00\x00\x00\x17"Tower collapsing, brb"'"
2025-06-20 11:58:19,582 - IRCServer[17404] - INFO - Received msg from Host ID #108 "b'\x82\x00\x00\x00l\x00\x00\x00\x17"Tower collapsing, brb"'"
2025-06-20 11:58:19,587 - IRCServer[17404] - INFO - Received message from Host ID #108 "b'\x82\x00\x00\x00l\x00\x00\x00\x17"Tower collapsing, brb"'"
2025-06-20 11:58:19,588 - IRCServer[17404] - INFO - Received msg from Host ID #108 "b'\x82\x00\x00\x00l\x00\x00\x00\x17"Tower collapsing, brb"'"
2025-06-20 11:58:19,599 - IRCServer[17404] - INFO - Received message from Host ID #108 "b'\x82\x00\x00\x00l\x00\x00\x00\x17"Tower collapsing, brb"'"
2025-06-20 11:58:19,600 - IRCServer[17404] - INFO - Received msg from Host ID #108 "b'\x82\x00\x00\x00l\x00\x00\x00\x17"Tower collapsing, brb"'"
2025-06-20 11:58:19,601 - IRCServer[17404] - INFO - Received msg from Host ID #108 "b'\x82\x00\x00\x00l\x00\x00\x00\x17"Tower collapsing, brb"'"
2025-06-20 11:58:19,602 - IRCServer[17404] - INFO - Received msg from Host ID #108 "b'\x82\x00\x00\x00l\x00\x00\x00\x17"Tower collapsing, brb"'"
2025-06-20 11:58:19,616 - IRCServer[17404] - INFO - Received message from Host ID #108 "b'\x82\x00\x00\x00l\x00\x00\x00\x17"Tower collapsing, brb"'"
2025-06-20 11:58:19,624 - IRCServer[17404] - INFO - Received message from Host ID #108 "b'\x82\x00\x00\x00l\x00\x00\x00\x17"Tower collapsing, brb"'"
2025-06-20 11:58:19,625 - IRCServer[17404] - INFO - Received msg from Host ID #108 "b'\x82\x00\x00\x00l\x00\x00\x00\x17"Tower collapsing, brb"'"
2025-06-20 11:58:19,635 - IRCServer[17404] - INFO - Received message from Host ID #108 "b'\x82\x00\x00\x00l\x00\x00\x00\x17"Tower collapsing, brb"'"
2025-06-20 11:58:20,553 - IRCServer[17404] - INFO - Sending message to b'\x81\x00\x00\x00e\x00\x00\x00l\x00\x00\x005"I dont think you are going to get that ring back..."'
2025-06-20 11:58:20,573 - IRCServer[17404] - INFO - Received msg from Host ID #101 "b'\x81\x00\x00\x00e\x00\x00\x00l\x00\x00\x005"I dont think you are going to get that ring back..."'"
2025-06-20 11:58:20,582 - IRCServer[17404] - INFO - Sending message to Host ID #101 "b'\x01\x00\x00\x00\x01\x00\x00\x00e\x00\x01\x00\x00\x00\x0eUnknown ID 108'"
2025-06-20 11:58:20,588 - IRCServer[17404] - INFO - Received message from Host ID #1 "b'\x01\x00\x00\x00\x01\x00\x00\x00e\x00\x01\x00\x00\x00\x0eUnknown ID 108'"
2025-06-20 11:58:23,073 - IRCServer[17404] - INFO - Cleaning up the server
2025-06-20 11:58:23,081 - IRCServer[17404] - INFO - Server has disconnected!
2025-06-20 11:58:23,081 - IRCServer[17404] - INFO - Server has disconnected!
2025-06-20 11:58:23,084 - IRCServer[17404] - INFO - Cleaning up the server
2025-06-20 11:58:23,086 - IRCServer[17404] - INFO - Server has disconnected!
2025-06-20 11:58:23,094 - IRCServer[17404] - INFO - Cleaning up the server
2025-06-20 11:58:23,101 - IRCServer[17404] - INFO - Server has disconnected!
2025-06-20 11:58:23,156 - IRCServer[17404] - INFO - Cleaning up the server
2025-06-20 11:58:23,164 - IRCServer[17404] - INFO - Cleaning up the server
2025-06-20 11:58:23,166 - IRCServer[17404] - INFO - Server has disconnected!
2025-06-20 11:58:23,176 - IRCServer[17404] - INFO - Cleaning up the server
2025-06-20 11:58:23,181 - IRCServer[17404] - INFO - Server has disconnected!
2025-06-20 11:58:23,183 - IRCServer[17404] - INFO - Cleaning up the server
2025-06-20 11:58:23,186 - IRCServer[17404] - INFO - Server has disconnected!
2025-06-20 11:58:23,295 - IRCServer[17404] - INFO - Cleaning up the server
2025-06-20 11:58:23,399 - IRCServer[17404] - INFO - Cleaning up the server
2025-06-20 11:58:23,511 - IRCServer[17404] - INFO - Cleaning up the server
2025-06-20 11:58:23,512 - IRCServer[17404] - INFO - Cleaning up the server
2025-06-20 11:58:23,514 - IRCServer[17404] - INFO - Server has disconnected!
