2025-06-19 23:31:06,813 - IRCServer[27984] - INFO - Launching client sauron...
2025-06-19 23:31:06,845 - IRCServer[27984] - INFO - Sending message to b'\x80\x00\x00\x00l\x00\x00\x00\x00\x06\x00\x0bsauron"Test info"'
2025-06-19 23:31:06,867 - IRCServer[27984] - INFO - Received msg from Host ID #108 "b'\x80\x00\x00\x00l\x00\x00\x00\x00\x06\x00\x0bsauron"Test info"'"
2025-06-19 23:31:06,890 - IRCServer[27984] - INFO - Received message from Host ID #11 "b'\x01\x00\x00\x00\x0b\x00\x00\x00l\x00\x00\x00\x00\x000Welcome to the Clemson Relay Chat network sauron'"
2025-06-19 23:31:06,891 - IRCServer[27984] - INFO - Received msg from Host ID #108 "b'\x80\x00\x00\x00l\x00\x00\x00\x0b\x06\x00\x0bsauron"Test info"'"
2025-06-19 23:31:06,909 - IRCServer[27984] - INFO - Received message from Host ID #101 "b'\x80\x00\x00\x00e\x00\x00\x00\x0b\x0c\x00\x0bfrodobaggins"Test info"'"
2025-06-19 23:31:06,910 - IRCServer[27984] - INFO - Received message from Host ID #108 "b'\x80\x00\x00\x00l\x00\x00\x00\x07\x06\x00\x0bsauron"Test info"'"
2025-06-19 23:31:06,913 - IRCServer[27984] - INFO - Received msg from Host ID #108 "b'\x80\x00\x00\x00l\x00\x00\x00\x07\x06\x00\x0bsauron"Test info"'"
2025-06-19 23:31:06,915 - IRCServer[27984] - INFO - Received msg from Host ID #108 "b'\x80\x00\x00\x00l\x00\x00\x00\x07\x06\x00\x0bsauron"Test info"'"
2025-06-19 23:31:06,932 - IRCServer[27984] - INFO - Received message from Host ID #102 "b'\x80\x00\x00\x00f\x00\x00\x00\x0b\t\x00\x0bsamgamgee"Test info"'"
2025-06-19 23:31:06,944 - IRCServer[27984] - INFO - Received msg from Host ID #108 "b'\x80\x00\x00\x00l\x00\x00\x00\x04\x06\x00\x0bsauron"Test info"'"
2025-06-19 23:31:06,944 - IRCServer[27984] - INFO - Received msg from Host ID #108 "b'\x80\x00\x00\x00l\x00\x00\x00\x04\x06\x00\x0bsauron"Test info"'"
2025-06-19 23:31:06,949 - IRCServer[27984] - INFO - Received message from Host ID #103 "b'\x80\x00\x00\x00g\x00\x00\x00\x0b\x06\x00\x0belrond"Test info"'"
2025-06-19 23:31:06,964 - IRCServer[27984] - INFO - Received msg from Host ID #108 "b'\x80\x00\x00\x00l\x00\x00\x00\x02\x06\x00\x0bsauron"Test info"'"
2025-06-19 23:31:06,965 - IRCServer[27984] - INFO - Received message from Host ID #108 "b'\x80\x00\x00\x00l\x00\x00\x00\x02\x06\x00\x0bsauron"Test info"'"
2025-06-19 23:31:06,967 - IRCServer[27984] - INFO - Received msg from Host ID #108 "b'\x80\x00\x00\x00l\x00\x00\x00\x02\x06\x00\x0bsauron"Test info"'"
2025-06-19 23:31:06,968 - IRCServer[27984] - INFO - Received msg from Host ID #108 "b'\x80\x00\x00\x00l\x00\x00\x00\x02\x06\x00\x0bsauron"Test info"'"
2025-06-19 23:31:06,970 - IRCServer[27984] - INFO - Received message from Host ID #108 "b'\x80\x00\x00\x00l\x00\x00\x00\x06\x06\x00\x0bsauron"Test info"'"
2025-06-19 23:31:06,973 - IRCServer[27984] - INFO - Received msg from Host ID #108 "b'\x80\x00\x00\x00l\x00\x00\x00\x06\x06\x00\x0bsauron"Test info"'"
2025-06-19 23:31:06,975 - IRCServer[27984] - INFO - Received message from Host ID #104 "b'\x80\x00\x00\x00h\x00\x00\x00\x0b\x0c\x00\x0bbilbobaggins"Test info"'"
2025-06-19 23:31:06,997 - IRCServer[27984] - INFO - Received message from Host ID #108 "b'\x80\x00\x00\x00l\x00\x00\x00\x01\x06\x00\x0bsauron"Test info"'"
2025-06-19 23:31:06,998 - IRCServer[27984] - INFO - Received msg from Host ID #108 "b'\x80\x00\x00\x00l\x00\x00\x00\x01\x06\x00\x0bsauron"Test info"'"
2025-06-19 23:31:06,999 - IRCServer[27984] - INFO - Received message from Host ID #108 "b'\x80\x00\x00\x00l\x00\x00\x00\x01\x06\x00\x0bsauron"Test info"'"
2025-06-19 23:31:07,001 - IRCServer[27984] - INFO - Received message from Host ID #108 "b'\x80\x00\x00\x00l\x00\x00\x00\x05\x06\x00\x0bsauron"Test info"'"
2025-06-19 23:31:07,009 - IRCServer[27984] - INFO - Received message from Host ID #105 "b'\x80\x00\x00\x00i\x00\x00\x00\x0b\x08\x00\x0bperegrin"Test info"'"
2025-06-19 23:31:07,031 - IRCServer[27984] - INFO - Received message from Host ID #108 "b'\x80\x00\x00\x00l\x00\x00\x00\x03\x06\x00\x0bsauron"Test info"'"
2025-06-19 23:31:07,038 - IRCServer[27984] - INFO - Received message from Host ID #106 "b'\x80\x00\x00\x00j\x00\x00\x00\x0b\x08\x00\x0bmeriadoc"Test info"'"
2025-06-19 23:31:07,062 - IRCServer[27984] - INFO - Received message from Host ID #107 "b'\x80\x00\x00\x00k\x00\x00\x00\x0b\x05\x00\x0bbalin"Test info"'"
2025-06-19 23:31:09,316 - IRCServer[27984] - INFO - Cleaning up the server
2025-06-19 23:31:09,344 - IRCServer[27984] - INFO - Server has disconnected!
2025-06-19 23:31:09,346 - IRCServer[27984] - INFO - Server has disconnected!
2025-06-19 23:31:09,347 - IRCServer[27984] - INFO - Cleaning up the server
2025-06-19 23:31:09,363 - IRCServer[27984] - INFO - Server has disconnected!
2025-06-19 23:31:09,365 - IRCServer[27984] - INFO - Cleaning up the server
2025-06-19 23:31:09,370 - IRCServer[27984] - INFO - Server has disconnected!
2025-06-19 23:31:09,373 - IRCServer[27984] - INFO - Cleaning up the server
2025-06-19 23:31:09,384 - IRCServer[27984] - INFO - Cleaning up the server
2025-06-19 23:31:09,393 - IRCServer[27984] - INFO - Server has disconnected!
2025-06-19 23:31:09,393 - IRCServer[27984] - INFO - Cleaning up the server
2025-06-19 23:31:09,405 - IRCServer[27984] - INFO - Server has disconnected!
2025-06-19 23:31:09,406 - IRCServer[27984] - INFO - Cleaning up the server
2025-06-19 23:31:09,412 - IRCServer[27984] - INFO - Server has disconnected!
2025-06-19 23:31:09,470 - IRCServer[27984] - INFO - Cleaning up the server
2025-06-19 23:31:09,520 - IRCServer[27984] - INFO - Cleaning up the server
2025-06-19 23:31:09,631 - IRCServer[27984] - INFO - Cleaning up the server
2025-06-19 23:31:09,634 - IRCServer[27984] - INFO - Cleaning up the server
2025-06-19 23:31:09,636 - IRCServer[27984] - INFO - Server has disconnected!
